2025-09-10 22:17:31,570 DEBUG    root            Loaded Command Group: ['gcloud', 'components']
2025-09-10 22:17:31,572 DEBUG    root            Loaded Command Group: ['gcloud', 'components', 'install']
2025-09-10 22:17:31,573 DEBUG    root            Running [gcloud.components.install] with arguments: [--compile-python: "True", --quiet: "True", COMPONENT-IDS:4: "['gsutil', 'core', 'bq', 'gcloud-crc32c']"]
2025-09-10 22:17:31,591 DEBUG    urllib3.connectionpool Starting new HTTPS connection (1): dl.google.com:443
2025-09-10 22:17:31,951 DEBUG    urllib3.connectionpool https://dl.google.com:443 "GET /dl/cloudsdk/channels/rapid/components-v538.0.0.json HTTP/11" 200 233150
2025-09-10 22:17:32,184 INFO     ___FILE_ONLY___ 

2025-09-10 22:17:32,185 INFO     ___FILE_ONLY___ 
Your current Google Cloud CLI version is: 538.0.0

2025-09-10 22:17:32,185 INFO     ___FILE_ONLY___ Installing components from version: 538.0.0

2025-09-10 22:17:32,185 INFO     ___FILE_ONLY___ 

2025-09-10 22:17:32,186 DEBUG    root            Chosen display Format:table[box,title="These components will be removed."](details.display_name:label=Name:align=left,version.version_string:label=Version:align=right,data.size.size(zero="",min=1048576):label=Size:align=right)
2025-09-10 22:17:32,187 DEBUG    root            Chosen display Format:table[box,title="These components will be updated."](details.display_name:label=Name:align=left,version.version_string:label=Version:align=right,data.size.size(zero="",min=1048576):label=Size:align=right)
2025-09-10 22:17:32,187 DEBUG    root            Chosen display Format:table[box,title="These components will be installed."](details.display_name:label=Name:align=left,version.version_string:label=Version:align=right,data.size.size(zero="",min=1048576):label=Size:align=right)
2025-09-10 22:17:32,222 INFO     ___FILE_ONLY___ ┌────────────────────────────────────────────────────────────────────┐
2025-09-10 22:17:32,222 INFO     ___FILE_ONLY___ 

2025-09-10 22:17:32,222 INFO     ___FILE_ONLY___ │                These components will be installed.                 │
2025-09-10 22:17:32,222 INFO     ___FILE_ONLY___ 

2025-09-10 22:17:32,222 INFO     ___FILE_ONLY___ ├─────────────────────────────────────────────┬────────────┬─────────┤
2025-09-10 22:17:32,222 INFO     ___FILE_ONLY___ 

2025-09-10 22:17:32,222 INFO     ___FILE_ONLY___ │                     Name                    │  Version   │   Size  │
2025-09-10 22:17:32,222 INFO     ___FILE_ONLY___ 

2025-09-10 22:17:32,222 INFO     ___FILE_ONLY___ ├─────────────────────────────────────────────┼────────────┼─────────┤
2025-09-10 22:17:32,222 INFO     ___FILE_ONLY___ 

2025-09-10 22:17:32,222 INFO     ___FILE_ONLY___ │ 
2025-09-10 22:17:32,222 INFO     ___FILE_ONLY___ gcloud cli dependencies (Platform Specific)
2025-09-10 22:17:32,222 INFO     ___FILE_ONLY___  
2025-09-10 22:17:32,222 INFO     ___FILE_ONLY___ │ 
2025-09-10 22:17:32,222 INFO     ___FILE_ONLY___ 2021.04.16
2025-09-10 22:17:32,222 INFO     ___FILE_ONLY___  
2025-09-10 22:17:32,223 INFO     ___FILE_ONLY___ │ 
2025-09-10 22:17:32,223 INFO     ___FILE_ONLY___ < 1 MiB
2025-09-10 22:17:32,223 INFO     ___FILE_ONLY___  
2025-09-10 22:17:32,223 INFO     ___FILE_ONLY___ │
2025-09-10 22:17:32,223 INFO     ___FILE_ONLY___ 

2025-09-10 22:17:32,223 INFO     ___FILE_ONLY___ └─────────────────────────────────────────────┴────────────┴─────────┘
2025-09-10 22:17:32,223 INFO     ___FILE_ONLY___ 

2025-09-10 22:17:32,223 INFO     ___FILE_ONLY___ 

2025-09-10 22:17:32,227 DEBUG    urllib3.connectionpool Starting new HTTPS connection (1): dl.google.com:443
2025-09-10 22:17:32,565 DEBUG    urllib3.connectionpool https://dl.google.com:443 "GET /dl/cloudsdk/channels/rapid/RELEASE_NOTES HTTP/11" 200 1478282
2025-09-10 22:17:33,461 INFO     ___FILE_ONLY___ For the latest full release notes, please visit:
  https://cloud.google.com/sdk/release_notes


2025-09-10 22:17:33,461 INFO     ___FILE_ONLY___ Performing in place update...


2025-09-10 22:17:33,461 INFO     ___FILE_ONLY___ ╔════════════════════════════════════════════════════════════╗

2025-09-10 22:17:33,462 INFO     ___FILE_ONLY___ ╠═ Downloading: gcloud cli dependencies (Platform Specific) ═╣

2025-09-10 22:17:33,462 INFO     ___FILE_ONLY___ ╚
2025-09-10 22:17:33,465 DEBUG    urllib3.connectionpool Starting new HTTPS connection (1): dl.google.com:443
2025-09-10 22:17:33,933 DEBUG    urllib3.connectionpool https://dl.google.com:443 "GET /dl/cloudsdk/channels/rapid/components/google-cloud-sdk-gcloud-deps-darwin-x86_64-20210416153011.tar.gz HTTP/11" 200 105
2025-09-10 22:17:33,936 INFO     ___FILE_ONLY___ ════════════════════════════════════════════════════════════
2025-09-10 22:17:33,936 INFO     ___FILE_ONLY___ ╝

2025-09-10 22:17:33,937 INFO     ___FILE_ONLY___ ╔════════════════════════════════════════════════════════════╗

2025-09-10 22:17:33,938 INFO     ___FILE_ONLY___ ╠═ Installing: gcloud cli dependencies (Platform Specific)  ═╣

2025-09-10 22:17:33,938 INFO     ___FILE_ONLY___ ╚
2025-09-10 22:17:33,938 INFO     ___FILE_ONLY___ ════════════════════════════════════════════════════════════
2025-09-10 22:17:33,939 INFO     ___FILE_ONLY___ ╝

2025-09-10 22:17:33,954 DEBUG    root            Updating notification cache...
2025-09-10 22:17:33,955 INFO     ___FILE_ONLY___ 

2025-09-10 22:17:33,956 INFO     ___FILE_ONLY___ Performing post processing steps...
2025-09-10 22:17:33,956 DEBUG    root            Executing command: ['/opt/homebrew/share/google-cloud-sdk/bin/gcloud', 'components', 'post-process']
2025-09-10 22:17:38,800 DEBUG    ___FILE_ONLY___ 
2025-09-10 22:17:38,801 DEBUG    ___FILE_ONLY___ 
2025-09-10 22:17:39,027 INFO     root            descriptor_list: [{'universeDomain': 'googleapis.com', 'universeShortName': '', 'authenticationDomain': 'auth.cloud.google.com', 'projectPrefix': '', 'cloudWebDomain': 'cloud.google.com', 'documentationDomain': 'cloud.google.com', 'version': '1.0.0', 'state': 'primary', 'artifactRegistryDomain': 'pkg.dev'}]
2025-09-10 22:17:39,029 DEBUG    root            Loaded Command Group: ['gcloud']
2025-09-10 22:17:39,039 DEBUG    root            Loaded Command Group: ['gcloud', 'container']
2025-09-10 22:17:39,041 DEBUG    root            Loaded Command Group: ['gcloud', 'bigtable']
2025-09-10 22:17:39,042 DEBUG    root            Loaded Command Group: ['gcloud', 'compute']
2025-09-10 22:17:39,046 DEBUG    root            Loaded Command Group: ['gcloud', 'config']
2025-09-10 22:17:39,048 DEBUG    root            Loaded Command Group: ['gcloud', 'config', 'virtualenv']
2025-09-10 22:17:39,058 DEBUG    root            Loaded Command Group: ['gcloud', 'config', 'virtualenv', 'create']
2025-09-10 22:17:39,063 DEBUG    root            Running [gcloud.config.virtualenv.create] with arguments: [--python-to-use: "/opt/homebrew/bin/python3.12"]
2025-09-10 22:17:39,063 INFO     ___FILE_ONLY___ Creating virtualenv...

2025-09-10 22:17:39,064 DEBUG    root            Executing command: ['/opt/homebrew/bin/python3.12', '-m', 'venv', '/Users/danielions/.config/gcloud/virtenv']
2025-09-10 22:17:45,506 DEBUG    ___FILE_ONLY___ 
2025-09-10 22:17:45,507 DEBUG    ___FILE_ONLY___ 
2025-09-10 22:17:45,507 INFO     ___FILE_ONLY___ Installing modules...

2025-09-10 22:17:45,507 DEBUG    root            Executing command: ['/Users/danielions/.config/gcloud/virtenv/bin/pip3', 'install', '--log', '/Users/danielions/.config/gcloud/virtenv/install_module.log', '-q', '--disable-pip-version-check', 'crcmod', 'grpcio', 'pyopenssl==24.2.1', 'google_crc32c', 'certifi', 'https://github.com/googleapis/enterprise-certificate-proxy/releases/download/v0.3.6/cryptography-42.0.7-cp39-abi3-macosx_10_12_universal2.whl', 'setuptools']
2025-09-10 22:17:55,716 DEBUG    root            Chosen display Format:default
2025-09-10 22:17:55,716 INFO     root            Display format: "default"
2025-09-10 22:17:55,718 DEBUG    root            Loaded Command Group: ['gcloud', 'config', 'virtualenv', 'enable']
2025-09-10 22:17:55,719 DEBUG    root            Running [gcloud.config.virtualenv.enable] with arguments: []
2025-09-10 22:17:55,719 INFO     ___FILE_ONLY___ Virtual env enabled.

2025-09-10 22:17:55,719 DEBUG    root            Chosen display Format:default
2025-09-10 22:17:55,720 INFO     root            Display format: "default"
2025-09-10 22:17:55,721 INFO     ___FILE_ONLY___ 
Update done!


2025-09-10 22:17:55,722 DEBUG    root            Chosen display Format:none
2025-09-10 22:17:55,722 INFO     root            Display format: "none"
