2025-09-10 22:36:50,506 DEBUG    root            Loaded Command Group: ['gcloud', 'auth']
2025-09-10 22:36:50,519 DEBUG    root            Loaded Command Group: ['gcloud', 'auth', 'login']
2025-09-10 22:36:50,520 DEBUG    root            Running [gcloud.auth.login] with arguments: [ACCOUNT: "admin@lionsofzion-official.org"]
2025-09-10 22:36:52,050 DEBUG    requests_oauthlib.oauth2_session Generated new state 5CGhN8ZDO47f4s9hMqlEYTE2jMl0Wk.
2025-09-10 22:36:52,190 INFO     ___FILE_ONLY___ Your browser has been opened to visit:

    https://accounts.google.com/o/oauth2/auth?response_type=code&client_id=32555940559.apps.googleusercontent.com&redirect_uri=http%3A%2F%2Flocalhost%3A8085%2F&scope=openid+https%3A%2F%2Fwww.googleapis.com%2Fauth%2Fuserinfo.email+https%3A%2F%2Fwww.googleapis.com%2Fauth%2Fcloud-platform+https%3A%2F%2Fwww.googleapis.com%2Fauth%2Fappengine.admin+https%3A%2F%2Fwww.googleapis.com%2Fauth%2Fsqlservice.login+https%3A%2F%2Fwww.googleapis.com%2Fauth%2Fcompute+https%3A%2F%2Fwww.googleapis.com%2Fauth%2Faccounts.reauth&state=5CGhN8ZDO47f4s9hMqlEYTE2jMl0Wk&access_type=offline&code_challenge=JJ730U_ZFDQSdw41TDIu5SMsoW8xR2i46H0Z5HFpdP4&code_challenge_method=S256


2025-09-10 22:37:04,909 INFO     google_auth_oauthlib.flow "GET /?state=5CGhN8ZDO47f4s9hMqlEYTE2jMl0Wk&code=4/0AVMBsJhrvWMm37h4B6jt6gp6xo3eajL_YUiv8zkBnyAfmfiHwPwtZcV2Fl1tkyUPNIbb5g&scope=email%20openid%20https://www.googleapis.com/auth/userinfo.email%20https://www.googleapis.com/auth/cloud-platform%20https://www.googleapis.com/auth/appengine.admin%20https://www.googleapis.com/auth/sqlservice.login%20https://www.googleapis.com/auth/compute%20https://www.googleapis.com/auth/accounts.reauth&authuser=0&hd=lionsofzion-official.org&prompt=consent HTTP/1.1" 200 937
2025-09-10 22:37:04,910 DEBUG    requests_oauthlib.oauth2_session Requesting url https://oauth2.googleapis.com/token using method POST.
2025-09-10 22:37:04,910 DEBUG    requests_oauthlib.oauth2_session Supplying headers {b'Accept': b'application/json', b'Content-Type': b'application/x-www-form-urlencoded;charset=UTF-8', b'user-agent': b'google-cloud-sdk gcloud/538.0.0 command/gcloud.auth.login invocation-id/695235bc7fc24f34b2c93dda1af2803f environment/None environment-version/None client-os/MACOSX client-os-ver/24.6.0 client-pltf-arch/arm interactive/True from-script/True python/3.12.11 term/xterm-256color (Macintosh; Intel Mac OS X 24.6.0)'} and data {'grant_type': 'authorization_code', 'client_id': '32555940559.apps.googleusercontent.com', 'client_secret': 'ZmssLNjJy2998hD4CTg2ejr2', 'code': '4/0AVMBsJhrvWMm37h4B6jt6gp6xo3eajL_YUiv8zkBnyAfmfiHwPwtZcV2Fl1tkyUPNIbb5g', 'redirect_uri': 'http://localhost:8085/', 'code_verifier': '1-dYDPtfatbRjl-pO-PeQ0eX-kA2VzTshgHlI1-JFWqivQL78ycWSyhu-Pz2mAZn13IKfHg8kMISaGg_b8AoibzparWu7s3vQL77pMg7DygaGG17bkkM3jzRvZLKTV7E'}
2025-09-10 22:37:04,910 DEBUG    requests_oauthlib.oauth2_session Passing through key word arguments {'json': None, 'timeout': None, 'auth': None, 'verify': None, 'proxies': None}.
2025-09-10 22:37:04,919 DEBUG    urllib3.connectionpool Starting new HTTPS connection (1): oauth2.googleapis.com:443
2025-09-10 22:37:05,189 DEBUG    urllib3.connectionpool https://oauth2.googleapis.com:443 "POST /token HTTP/11" 200 None
2025-09-10 22:37:05,190 DEBUG    requests_oauthlib.oauth2_session Prepared fetch token request body grant_type=authorization_code&client_id=32555940559.apps.googleusercontent.com&client_secret=ZmssLNjJy2998hD4CTg2ejr2&code=4%2F0AVMBsJhrvWMm37h4B6jt6gp6xo3eajL_YUiv8zkBnyAfmfiHwPwtZcV2Fl1tkyUPNIbb5g&redirect_uri=http%3A%2F%2Flocalhost%3A8085%2F&code_verifier=1-dYDPtfatbRjl-pO-PeQ0eX-kA2VzTshgHlI1-JFWqivQL78ycWSyhu-Pz2mAZn13IKfHg8kMISaGg_b8AoibzparWu7s3vQL77pMg7DygaGG17bkkM3jzRvZLKTV7E
2025-09-10 22:37:05,191 DEBUG    requests_oauthlib.oauth2_session Request to fetch token completed with status 200.
2025-09-10 22:37:05,191 DEBUG    requests_oauthlib.oauth2_session Request headers were {'user-agent': b'google-cloud-sdk gcloud/538.0.0 command/gcloud.auth.login invocation-id/695235bc7fc24f34b2c93dda1af2803f environment/None environment-version/None client-os/MACOSX client-os-ver/24.6.0 client-pltf-arch/arm interactive/True from-script/True python/3.12.11 term/xterm-256color (Macintosh; Intel Mac OS X 24.6.0)', 'Accept-Encoding': 'gzip, deflate', 'Accept': b'application/json', 'Connection': 'keep-alive', 'Content-Type': b'application/x-www-form-urlencoded;charset=UTF-8', 'Content-Length': '387'}
2025-09-10 22:37:05,191 DEBUG    requests_oauthlib.oauth2_session Request body was grant_type=authorization_code&client_id=32555940559.apps.googleusercontent.com&client_secret=ZmssLNjJy2998hD4CTg2ejr2&code=4%2F0AVMBsJhrvWMm37h4B6jt6gp6xo3eajL_YUiv8zkBnyAfmfiHwPwtZcV2Fl1tkyUPNIbb5g&redirect_uri=http%3A%2F%2Flocalhost%3A8085%2F&code_verifier=1-dYDPtfatbRjl-pO-PeQ0eX-kA2VzTshgHlI1-JFWqivQL78ycWSyhu-Pz2mAZn13IKfHg8kMISaGg_b8AoibzparWu7s3vQL77pMg7DygaGG17bkkM3jzRvZLKTV7E
2025-09-10 22:37:05,191 DEBUG    requests_oauthlib.oauth2_session Response headers were {'Expires': 'Mon, 01 Jan 1990 00:00:00 GMT', 'Pragma': 'no-cache', 'Cache-Control': 'no-cache, no-store, max-age=0, must-revalidate', 'Date': 'Wed, 10 Sep 2025 19:37:05 GMT', 'Content-Type': 'application/json; charset=utf-8', 'Vary': 'Origin, X-Origin, Referer', 'Content-Encoding': 'gzip', 'Server': 'scaffolding on HTTPServer2', 'X-XSS-Protection': '0', 'X-Frame-Options': 'SAMEORIGIN', 'X-Content-Type-Options': 'nosniff', 'Alt-Svc': 'h3=":443"; ma=2592000,h3-29=":443"; ma=2592000', 'Transfer-Encoding': 'chunked'} and content {
  "access_token": "ya29.a0AS3H6NwZAm_r24d_gK1xr7_JehJm_mutXPMtcNU56W-Uy6KzsuKEduqBmyoNGdIjlzl0HUftbgjKIZncFEt2b8HMVsMzgUBae1_afu_Pv6Tf_HHzATGiJl_bLKFoj_XXkshwk3ko-IGHcuKFuyFVWT__mAMOUmFF09uCb-CKFP3I28eblF6c5EekFjIwrJcKhBkBhAjgN_idaCgYKAVoSARESFQHGX2MiZTC6rtyCWQKPXXCqZcczdw0211",
  "expires_in": 3599,
  "refresh_token": "1//03Kc7_eAvdA-WCgYIARAAGAMSNwF-L9Irahtxf9IdPjL0lje-F5l3Bfd7Ey-V-OSJGCKI-t9tjk09CA-hyWTvCixDNy2A0zsOX4I",
  "scope": "https://www.googleapis.com/auth/userinfo.email openid https://www.googleapis.com/auth/appengine.admin https://www.googleapis.com/auth/cloud-platform https://www.googleapis.com/auth/compute https://www.googleapis.com/auth/accounts.reauth https://www.googleapis.com/auth/sqlservice.login",
  "token_type": "Bearer",
  "id_token": "eyJhbGciOiJSUzI1NiIsImtpZCI6IjljNjI1MTU4Nzk1MDg0NGE2NTZiZTM1NjNkOGM1YmQ2Zjg5NGM0MDciLCJ0eXAiOiJKV1QifQ.eyJpc3MiOiJodHRwczovL2FjY291bnRzLmdvb2dsZS5jb20iLCJhenAiOiIzMjU1NTk0MDU1OS5hcHBzLmdvb2dsZXVzZXJjb250ZW50LmNvbSIsImF1ZCI6IjMyNTU1OTQwNTU5LmFwcHMuZ29vZ2xldXNlcmNvbnRlbnQuY29tIiwic3ViIjoiMTE1NDk2NzY1MTU2NjcyMjg3NzYyIiwiaGQiOiJsaW9uc29memlvbi1vZmZpY2lhbC5vcmciLCJlbWFpbCI6ImFkbWluQGxpb25zb2Z6aW9uLW9mZmljaWFsLm9yZyIsImVtYWlsX3ZlcmlmaWVkIjp0cnVlLCJhdF9oYXNoIjoiejgtZTBQallLNXF1dW1xdDdHUkRnUSIsImlhdCI6MTc1NzUzMzAyNSwiZXhwIjoxNzU3NTM2NjI1fQ.cwliuVi55qN820bnx-BIDZ8gDMCW1txO5vAGVNUodhKBogwq3nGSDEzSVPIMuZjQzKcJnBLjY-mwMyKfKVkZCtHVv1HLsfRTxdrcWHxWG0QzlZ05hvpDxFE54pOU4JIaRRsfraYOoPN-jGQqlRugxFSMg2OaZ5ozMPc2jWFjSKnzsZ3BdV7ZfC08VpEwRO6LRc7mCq7Pm2JHj4AomoRLX3XTrD6_S5Jk5K1oI5flnzBS5XlbhD2nGLkm1OcuccX5Z8BYpwBEJAyGN40bPA1x1-pn6JaQYT8vJbSBo6YI0kXljwZvpFpaozD8UQm4Oa1DodLRPnXIj6ntdXjSWvhWlA"
}.
2025-09-10 22:37:05,192 DEBUG    requests_oauthlib.oauth2_session Invoking 0 token response hooks.
2025-09-10 22:37:05,192 DEBUG    requests_oauthlib.oauth2_session Obtained token {'access_token': 'ya29.a0AS3H6NwZAm_r24d_gK1xr7_JehJm_mutXPMtcNU56W-Uy6KzsuKEduqBmyoNGdIjlzl0HUftbgjKIZncFEt2b8HMVsMzgUBae1_afu_Pv6Tf_HHzATGiJl_bLKFoj_XXkshwk3ko-IGHcuKFuyFVWT__mAMOUmFF09uCb-CKFP3I28eblF6c5EekFjIwrJcKhBkBhAjgN_idaCgYKAVoSARESFQHGX2MiZTC6rtyCWQKPXXCqZcczdw0211', 'expires_in': 3599, 'refresh_token': '1//03Kc7_eAvdA-WCgYIARAAGAMSNwF-L9Irahtxf9IdPjL0lje-F5l3Bfd7Ey-V-OSJGCKI-t9tjk09CA-hyWTvCixDNy2A0zsOX4I', 'scope': ['https://www.googleapis.com/auth/userinfo.email', 'openid', 'https://www.googleapis.com/auth/appengine.admin', 'https://www.googleapis.com/auth/cloud-platform', 'https://www.googleapis.com/auth/compute', 'https://www.googleapis.com/auth/accounts.reauth', 'https://www.googleapis.com/auth/sqlservice.login'], 'token_type': 'Bearer', 'id_token': 'eyJhbGciOiJSUzI1NiIsImtpZCI6IjljNjI1MTU4Nzk1MDg0NGE2NTZiZTM1NjNkOGM1YmQ2Zjg5NGM0MDciLCJ0eXAiOiJKV1QifQ.eyJpc3MiOiJodHRwczovL2FjY291bnRzLmdvb2dsZS5jb20iLCJhenAiOiIzMjU1NTk0MDU1OS5hcHBzLmdvb2dsZXVzZXJjb250ZW50LmNvbSIsImF1ZCI6IjMyNTU1OTQwNTU5LmFwcHMuZ29vZ2xldXNlcmNvbnRlbnQuY29tIiwic3ViIjoiMTE1NDk2NzY1MTU2NjcyMjg3NzYyIiwiaGQiOiJsaW9uc29memlvbi1vZmZpY2lhbC5vcmciLCJlbWFpbCI6ImFkbWluQGxpb25zb2Z6aW9uLW9mZmljaWFsLm9yZyIsImVtYWlsX3ZlcmlmaWVkIjp0cnVlLCJhdF9oYXNoIjoiejgtZTBQallLNXF1dW1xdDdHUkRnUSIsImlhdCI6MTc1NzUzMzAyNSwiZXhwIjoxNzU3NTM2NjI1fQ.cwliuVi55qN820bnx-BIDZ8gDMCW1txO5vAGVNUodhKBogwq3nGSDEzSVPIMuZjQzKcJnBLjY-mwMyKfKVkZCtHVv1HLsfRTxdrcWHxWG0QzlZ05hvpDxFE54pOU4JIaRRsfraYOoPN-jGQqlRugxFSMg2OaZ5ozMPc2jWFjSKnzsZ3BdV7ZfC08VpEwRO6LRc7mCq7Pm2JHj4AomoRLX3XTrD6_S5Jk5K1oI5flnzBS5XlbhD2nGLkm1OcuccX5Z8BYpwBEJAyGN40bPA1x1-pn6JaQYT8vJbSBo6YI0kXljwZvpFpaozD8UQm4Oa1DodLRPnXIj6ntdXjSWvhWlA', 'expires_at': 1757536624.192418}.
2025-09-10 22:37:05,217 INFO     ___FILE_ONLY___ 
You are now logged in as [admin@lionsofzion-official.org].
Your current project is [None].  You can change this setting by running:
  $ gcloud config set project PROJECT_ID

2025-09-10 22:37:05,217 DEBUG    root            Chosen display Format:none
2025-09-10 22:37:05,218 INFO     root            Display format: "none"
