2025-09-10 22:48:11,649 DEBUG    root            Running [gcloud] with arguments: [-v: "None"]
2025-09-10 22:48:11,650 DEBUG    root            Loaded Command Group: ['gcloud', 'version']
2025-09-10 22:48:11,650 DEBUG    root            Running [gcloud.version] with arguments: []
2025-09-10 22:48:11,651 DEBUG    root            Chosen display Format:flattened[no-pad,separator=" "]
2025-09-10 22:48:11,651 INFO     root            Display format: "flattened[no-pad,separator=" "]"
2025-09-10 22:48:11,657 INFO     ___FILE_ONLY___ Google Cloud SDK
2025-09-10 22:48:11,657 INFO     ___FILE_ONLY___  
2025-09-10 22:48:11,657 INFO     ___FILE_ONLY___ 538.0.0

2025-09-10 22:48:11,657 INFO     ___FILE_ONLY___ bq
2025-09-10 22:48:11,657 INFO     ___FILE_ONLY___  
2025-09-10 22:48:11,657 INFO     ___FILE_ONLY___ 2.1.23

2025-09-10 22:48:11,657 INFO     ___FILE_ONLY___ core
2025-09-10 22:48:11,657 INFO     ___FILE_ONLY___  
2025-09-10 22:48:11,657 INFO     ___FILE_ONLY___ 2025.09.05

2025-09-10 22:48:11,657 INFO     ___FILE_ONLY___ gcloud-crc32c
2025-09-10 22:48:11,657 INFO     ___FILE_ONLY___  
2025-09-10 22:48:11,657 INFO     ___FILE_ONLY___ 1.0.0

2025-09-10 22:48:11,657 INFO     ___FILE_ONLY___ gsutil
2025-09-10 22:48:11,657 INFO     ___FILE_ONLY___  
2025-09-10 22:48:11,657 INFO     ___FILE_ONLY___ 5.35

