2025-09-10 23:21:41,851 DEBUG    root            Loaded Command Group: ['gcloud', 'compute', 'instances']
2025-09-10 23:21:41,853 DEBUG    root            Loaded Command Group: ['gcloud', 'compute', 'instances', 'list']
2025-09-10 23:21:41,854 DEBUG    root            Running [gcloud.compute.instances.list] with arguments: [--limit: "10"]
2025-09-10 23:21:41,921 DEBUG    root            Chosen display Format:    table(
      name,
      zone.basename(),
      machineType.machine_type().basename(),
      scheduling.preemptible.yesno(yes=true, no=''),
      networkInterfaces.internal_ip():label=INTERNAL_IP,
      external_ip():label=EXTERNAL_IP,
      status
    )
2025-09-10 23:21:41,922 INFO     root            Display format: "    table(
      name,
      zone.basename(),
      machineType.machine_type().basename(),
      scheduling.preemptible.yesno(yes=true, no=''),
      networkInterfaces.internal_ip():label=INTERNAL_IP,
      external_ip():label=EXTERNAL_IP,
      status
    )"
2025-09-10 23:21:41,926 DEBUG    urllib3.connectionpool Starting new HTTPS connection (1): compute.googleapis.com:443
2025-09-10 23:21:42,475 DEBUG    urllib3.connectionpool https://compute.googleapis.com:443 "GET /compute/v1/projects/lionspace/aggregated/instances?alt=json&includeAllScopes=True&maxResults=10&returnPartialSuccess=True HTTP/11" 200 None
2025-09-10 23:21:42,476 INFO     ___FILE_ONLY___ Listed 0 items.

