2025-09-10 23:21:46,931 DEBUG    root            Loaded Command Group: ['gcloud', 'storage']
2025-09-10 23:21:46,932 DEBUG    root            Loaded Command Group: ['gcloud', 'storage', 'buckets']
2025-09-10 23:21:48,076 DEBUG    root            Loaded Command Group: ['gcloud', 'storage', 'buckets', 'list']
2025-09-10 23:21:48,077 DEBUG    root            Running [gcloud.storage.buckets.list] with arguments: [--limit: "10"]
2025-09-10 23:21:48,077 DEBUG    root            Chosen display Format:default
2025-09-10 23:21:48,077 INFO     root            Display format: "default"
2025-09-10 23:21:48,089 DEBUG    urllib3.connectionpool Starting new HTTPS connection (1): storage.googleapis.com:443
2025-09-10 23:21:48,791 DEBUG    urllib3.connectionpool https://storage.googleapis.com:443 "GET /storage/v1/b?alt=json&maxResults=1000&project=lionspace&projection=full HTTP/11" 200 5613
2025-09-10 23:21:48,798 INFO     ___FILE_ONLY___ ---
2025-09-10 23:21:48,799 INFO     ___FILE_ONLY___ 

2025-09-10 23:21:48,799 INFO     ___FILE_ONLY___ creation_time
2025-09-10 23:21:48,799 INFO     ___FILE_ONLY___ :
2025-09-10 23:21:48,799 INFO     ___FILE_ONLY___  
2025-09-10 23:21:48,799 INFO     ___FILE_ONLY___ 2025-09-09T01:07:18+0000
2025-09-10 23:21:48,799 INFO     ___FILE_ONLY___ 

2025-09-10 23:21:48,799 INFO     ___FILE_ONLY___ default_storage_class
2025-09-10 23:21:48,799 INFO     ___FILE_ONLY___ :
2025-09-10 23:21:48,799 INFO     ___FILE_ONLY___  
2025-09-10 23:21:48,799 INFO     ___FILE_ONLY___ STANDARD
2025-09-10 23:21:48,799 INFO     ___FILE_ONLY___ 

2025-09-10 23:21:48,799 INFO     ___FILE_ONLY___ generation
2025-09-10 23:21:48,799 INFO     ___FILE_ONLY___ :
2025-09-10 23:21:48,799 INFO     ___FILE_ONLY___  
2025-09-10 23:21:48,799 INFO     ___FILE_ONLY___ 1757380037920164360
2025-09-10 23:21:48,799 INFO     ___FILE_ONLY___ 

2025-09-10 23:21:48,799 INFO     ___FILE_ONLY___ location
2025-09-10 23:21:48,799 INFO     ___FILE_ONLY___ :
2025-09-10 23:21:48,799 INFO     ___FILE_ONLY___  
2025-09-10 23:21:48,799 INFO     ___FILE_ONLY___ US-EAST1
2025-09-10 23:21:48,799 INFO     ___FILE_ONLY___ 

2025-09-10 23:21:48,799 INFO     ___FILE_ONLY___ location_type
2025-09-10 23:21:48,799 INFO     ___FILE_ONLY___ :
2025-09-10 23:21:48,799 INFO     ___FILE_ONLY___  
2025-09-10 23:21:48,799 INFO     ___FILE_ONLY___ region
2025-09-10 23:21:48,799 INFO     ___FILE_ONLY___ 

2025-09-10 23:21:48,799 INFO     ___FILE_ONLY___ metageneration
2025-09-10 23:21:48,800 INFO     ___FILE_ONLY___ :
2025-09-10 23:21:48,800 INFO     ___FILE_ONLY___  
2025-09-10 23:21:48,800 INFO     ___FILE_ONLY___ 2
2025-09-10 23:21:48,800 INFO     ___FILE_ONLY___ 

2025-09-10 23:21:48,800 INFO     ___FILE_ONLY___ name
2025-09-10 23:21:48,800 INFO     ___FILE_ONLY___ :
2025-09-10 23:21:48,800 INFO     ___FILE_ONLY___  
2025-09-10 23:21:48,800 INFO     ___FILE_ONLY___ dify-storage-lionspace
2025-09-10 23:21:48,800 INFO     ___FILE_ONLY___ 

2025-09-10 23:21:48,800 INFO     ___FILE_ONLY___ public_access_prevention
2025-09-10 23:21:48,800 INFO     ___FILE_ONLY___ :
2025-09-10 23:21:48,800 INFO     ___FILE_ONLY___  
2025-09-10 23:21:48,800 INFO     ___FILE_ONLY___ inherited
2025-09-10 23:21:48,800 INFO     ___FILE_ONLY___ 

2025-09-10 23:21:48,800 INFO     ___FILE_ONLY___ soft_delete_policy
2025-09-10 23:21:48,800 INFO     ___FILE_ONLY___ :
2025-09-10 23:21:48,800 INFO     ___FILE_ONLY___ 

2025-09-10 23:21:48,800 INFO     ___FILE_ONLY___   
2025-09-10 23:21:48,800 INFO     ___FILE_ONLY___ effectiveTime
2025-09-10 23:21:48,800 INFO     ___FILE_ONLY___ :
2025-09-10 23:21:48,800 INFO     ___FILE_ONLY___  '
2025-09-10 23:21:48,800 INFO     ___FILE_ONLY___ 2025-09-09T01:07:18.204000+00:00
2025-09-10 23:21:48,800 INFO     ___FILE_ONLY___ '
2025-09-10 23:21:48,800 INFO     ___FILE_ONLY___ 

2025-09-10 23:21:48,800 INFO     ___FILE_ONLY___   
2025-09-10 23:21:48,800 INFO     ___FILE_ONLY___ retentionDurationSeconds
2025-09-10 23:21:48,800 INFO     ___FILE_ONLY___ :
2025-09-10 23:21:48,800 INFO     ___FILE_ONLY___  '
2025-09-10 23:21:48,800 INFO     ___FILE_ONLY___ 604800
2025-09-10 23:21:48,800 INFO     ___FILE_ONLY___ '
2025-09-10 23:21:48,800 INFO     ___FILE_ONLY___ 

2025-09-10 23:21:48,800 INFO     ___FILE_ONLY___ storage_url
2025-09-10 23:21:48,800 INFO     ___FILE_ONLY___ :
2025-09-10 23:21:48,800 INFO     ___FILE_ONLY___  
2025-09-10 23:21:48,800 INFO     ___FILE_ONLY___ gs://dify-storage-lionspace/
2025-09-10 23:21:48,800 INFO     ___FILE_ONLY___ 

2025-09-10 23:21:48,800 INFO     ___FILE_ONLY___ uniform_bucket_level_access
2025-09-10 23:21:48,800 INFO     ___FILE_ONLY___ :
2025-09-10 23:21:48,800 INFO     ___FILE_ONLY___  
2025-09-10 23:21:48,800 INFO     ___FILE_ONLY___ true
2025-09-10 23:21:48,800 INFO     ___FILE_ONLY___ 

2025-09-10 23:21:48,800 INFO     ___FILE_ONLY___ update_time
2025-09-10 23:21:48,800 INFO     ___FILE_ONLY___ :
2025-09-10 23:21:48,800 INFO     ___FILE_ONLY___  
2025-09-10 23:21:48,801 INFO     ___FILE_ONLY___ 2025-09-09T01:07:20+0000
2025-09-10 23:21:48,801 INFO     ___FILE_ONLY___ 

2025-09-10 23:21:48,801 INFO     ___FILE_ONLY___ versioning_enabled
2025-09-10 23:21:48,801 INFO     ___FILE_ONLY___ :
2025-09-10 23:21:48,801 INFO     ___FILE_ONLY___  
2025-09-10 23:21:48,801 INFO     ___FILE_ONLY___ true
2025-09-10 23:21:48,801 INFO     ___FILE_ONLY___ 

2025-09-10 23:21:48,801 INFO     ___FILE_ONLY___ ---
2025-09-10 23:21:48,801 INFO     ___FILE_ONLY___ 

2025-09-10 23:21:48,801 INFO     ___FILE_ONLY___ cors_config
2025-09-10 23:21:48,801 INFO     ___FILE_ONLY___ :
2025-09-10 23:21:48,801 INFO     ___FILE_ONLY___ 

2025-09-10 23:21:48,801 INFO     ___FILE_ONLY___ -
2025-09-10 23:21:48,801 INFO     ___FILE_ONLY___  
2025-09-10 23:21:48,801 INFO     ___FILE_ONLY___ maxAgeSeconds
2025-09-10 23:21:48,801 INFO     ___FILE_ONLY___ :
2025-09-10 23:21:48,801 INFO     ___FILE_ONLY___  
2025-09-10 23:21:48,801 INFO     ___FILE_ONLY___ 3600
2025-09-10 23:21:48,801 INFO     ___FILE_ONLY___ 

2025-09-10 23:21:48,801 INFO     ___FILE_ONLY___   
2025-09-10 23:21:48,801 INFO     ___FILE_ONLY___ method
2025-09-10 23:21:48,801 INFO     ___FILE_ONLY___ :
2025-09-10 23:21:48,801 INFO     ___FILE_ONLY___ 

2025-09-10 23:21:48,801 INFO     ___FILE_ONLY___   
2025-09-10 23:21:48,801 INFO     ___FILE_ONLY___ -
2025-09-10 23:21:48,801 INFO     ___FILE_ONLY___  
2025-09-10 23:21:48,801 INFO     ___FILE_ONLY___ GET
2025-09-10 23:21:48,801 INFO     ___FILE_ONLY___ 

2025-09-10 23:21:48,801 INFO     ___FILE_ONLY___   
2025-09-10 23:21:48,801 INFO     ___FILE_ONLY___ -
2025-09-10 23:21:48,801 INFO     ___FILE_ONLY___  
2025-09-10 23:21:48,801 INFO     ___FILE_ONLY___ POST
2025-09-10 23:21:48,801 INFO     ___FILE_ONLY___ 

2025-09-10 23:21:48,801 INFO     ___FILE_ONLY___   
2025-09-10 23:21:48,801 INFO     ___FILE_ONLY___ -
2025-09-10 23:21:48,802 INFO     ___FILE_ONLY___  
2025-09-10 23:21:48,802 INFO     ___FILE_ONLY___ PUT
2025-09-10 23:21:48,802 INFO     ___FILE_ONLY___ 

2025-09-10 23:21:48,802 INFO     ___FILE_ONLY___   
2025-09-10 23:21:48,802 INFO     ___FILE_ONLY___ -
2025-09-10 23:21:48,802 INFO     ___FILE_ONLY___  
2025-09-10 23:21:48,802 INFO     ___FILE_ONLY___ DELETE
2025-09-10 23:21:48,802 INFO     ___FILE_ONLY___ 

2025-09-10 23:21:48,802 INFO     ___FILE_ONLY___   
2025-09-10 23:21:48,802 INFO     ___FILE_ONLY___ -
2025-09-10 23:21:48,802 INFO     ___FILE_ONLY___  
2025-09-10 23:21:48,802 INFO     ___FILE_ONLY___ HEAD
2025-09-10 23:21:48,802 INFO     ___FILE_ONLY___ 

2025-09-10 23:21:48,802 INFO     ___FILE_ONLY___   
2025-09-10 23:21:48,802 INFO     ___FILE_ONLY___ origin
2025-09-10 23:21:48,802 INFO     ___FILE_ONLY___ :
2025-09-10 23:21:48,802 INFO     ___FILE_ONLY___ 

2025-09-10 23:21:48,802 INFO     ___FILE_ONLY___   
2025-09-10 23:21:48,802 INFO     ___FILE_ONLY___ -
2025-09-10 23:21:48,802 INFO     ___FILE_ONLY___  
2025-09-10 23:21:48,802 INFO     ___FILE_ONLY___ https://lionsofzion.io
2025-09-10 23:21:48,802 INFO     ___FILE_ONLY___ 

2025-09-10 23:21:48,802 INFO     ___FILE_ONLY___   
2025-09-10 23:21:48,802 INFO     ___FILE_ONLY___ -
2025-09-10 23:21:48,802 INFO     ___FILE_ONLY___  
2025-09-10 23:21:48,802 INFO     ___FILE_ONLY___ https://*.vercel.app
2025-09-10 23:21:48,802 INFO     ___FILE_ONLY___ 

2025-09-10 23:21:48,802 INFO     ___FILE_ONLY___   
2025-09-10 23:21:48,802 INFO     ___FILE_ONLY___ -
2025-09-10 23:21:48,802 INFO     ___FILE_ONLY___  
2025-09-10 23:21:48,802 INFO     ___FILE_ONLY___ http://localhost:3000
2025-09-10 23:21:48,802 INFO     ___FILE_ONLY___ 

2025-09-10 23:21:48,802 INFO     ___FILE_ONLY___   
2025-09-10 23:21:48,802 INFO     ___FILE_ONLY___ responseHeader
2025-09-10 23:21:48,802 INFO     ___FILE_ONLY___ :
2025-09-10 23:21:48,802 INFO     ___FILE_ONLY___ 

2025-09-10 23:21:48,802 INFO     ___FILE_ONLY___   
2025-09-10 23:21:48,802 INFO     ___FILE_ONLY___ -
2025-09-10 23:21:48,802 INFO     ___FILE_ONLY___  
2025-09-10 23:21:48,802 INFO     ___FILE_ONLY___ Content-Type
2025-09-10 23:21:48,802 INFO     ___FILE_ONLY___ 

2025-09-10 23:21:48,802 INFO     ___FILE_ONLY___   
2025-09-10 23:21:48,802 INFO     ___FILE_ONLY___ -
2025-09-10 23:21:48,802 INFO     ___FILE_ONLY___  
2025-09-10 23:21:48,802 INFO     ___FILE_ONLY___ Authorization
2025-09-10 23:21:48,802 INFO     ___FILE_ONLY___ 

2025-09-10 23:21:48,802 INFO     ___FILE_ONLY___ creation_time
2025-09-10 23:21:48,802 INFO     ___FILE_ONLY___ :
2025-09-10 23:21:48,802 INFO     ___FILE_ONLY___  
2025-09-10 23:21:48,802 INFO     ___FILE_ONLY___ 2025-09-02T21:55:35+0000
2025-09-10 23:21:48,802 INFO     ___FILE_ONLY___ 

2025-09-10 23:21:48,802 INFO     ___FILE_ONLY___ default_storage_class
2025-09-10 23:21:48,802 INFO     ___FILE_ONLY___ :
2025-09-10 23:21:48,802 INFO     ___FILE_ONLY___  
2025-09-10 23:21:48,802 INFO     ___FILE_ONLY___ STANDARD
2025-09-10 23:21:48,802 INFO     ___FILE_ONLY___ 

2025-09-10 23:21:48,802 INFO     ___FILE_ONLY___ generation
2025-09-10 23:21:48,803 INFO     ___FILE_ONLY___ :
2025-09-10 23:21:48,803 INFO     ___FILE_ONLY___  
2025-09-10 23:21:48,803 INFO     ___FILE_ONLY___ 1756850134859330658
2025-09-10 23:21:48,803 INFO     ___FILE_ONLY___ 

2025-09-10 23:21:48,803 INFO     ___FILE_ONLY___ location
2025-09-10 23:21:48,803 INFO     ___FILE_ONLY___ :
2025-09-10 23:21:48,803 INFO     ___FILE_ONLY___  
2025-09-10 23:21:48,803 INFO     ___FILE_ONLY___ US
2025-09-10 23:21:48,803 INFO     ___FILE_ONLY___ 

2025-09-10 23:21:48,803 INFO     ___FILE_ONLY___ location_type
2025-09-10 23:21:48,803 INFO     ___FILE_ONLY___ :
2025-09-10 23:21:48,803 INFO     ___FILE_ONLY___  
2025-09-10 23:21:48,803 INFO     ___FILE_ONLY___ multi-region
2025-09-10 23:21:48,803 INFO     ___FILE_ONLY___ 

2025-09-10 23:21:48,803 INFO     ___FILE_ONLY___ metageneration
2025-09-10 23:21:48,803 INFO     ___FILE_ONLY___ :
2025-09-10 23:21:48,803 INFO     ___FILE_ONLY___  
2025-09-10 23:21:48,803 INFO     ___FILE_ONLY___ 2
2025-09-10 23:21:48,803 INFO     ___FILE_ONLY___ 

2025-09-10 23:21:48,803 INFO     ___FILE_ONLY___ name
2025-09-10 23:21:48,803 INFO     ___FILE_ONLY___ :
2025-09-10 23:21:48,803 INFO     ___FILE_ONLY___  
2025-09-10 23:21:48,803 INFO     ___FILE_ONLY___ lionspace-assets
2025-09-10 23:21:48,803 INFO     ___FILE_ONLY___ 

2025-09-10 23:21:48,803 INFO     ___FILE_ONLY___ public_access_prevention
2025-09-10 23:21:48,803 INFO     ___FILE_ONLY___ :
2025-09-10 23:21:48,803 INFO     ___FILE_ONLY___  
2025-09-10 23:21:48,803 INFO     ___FILE_ONLY___ inherited
2025-09-10 23:21:48,803 INFO     ___FILE_ONLY___ 

2025-09-10 23:21:48,803 INFO     ___FILE_ONLY___ rpo
2025-09-10 23:21:48,803 INFO     ___FILE_ONLY___ :
2025-09-10 23:21:48,803 INFO     ___FILE_ONLY___  
2025-09-10 23:21:48,803 INFO     ___FILE_ONLY___ DEFAULT
2025-09-10 23:21:48,803 INFO     ___FILE_ONLY___ 

2025-09-10 23:21:48,803 INFO     ___FILE_ONLY___ soft_delete_policy
2025-09-10 23:21:48,803 INFO     ___FILE_ONLY___ :
2025-09-10 23:21:48,803 INFO     ___FILE_ONLY___ 

2025-09-10 23:21:48,803 INFO     ___FILE_ONLY___   
2025-09-10 23:21:48,803 INFO     ___FILE_ONLY___ effectiveTime
2025-09-10 23:21:48,803 INFO     ___FILE_ONLY___ :
2025-09-10 23:21:48,803 INFO     ___FILE_ONLY___  '
2025-09-10 23:21:48,803 INFO     ___FILE_ONLY___ 2025-09-02T21:55:35.165000+00:00
2025-09-10 23:21:48,803 INFO     ___FILE_ONLY___ '
2025-09-10 23:21:48,803 INFO     ___FILE_ONLY___ 

2025-09-10 23:21:48,803 INFO     ___FILE_ONLY___   
2025-09-10 23:21:48,803 INFO     ___FILE_ONLY___ retentionDurationSeconds
2025-09-10 23:21:48,803 INFO     ___FILE_ONLY___ :
2025-09-10 23:21:48,803 INFO     ___FILE_ONLY___  '
2025-09-10 23:21:48,803 INFO     ___FILE_ONLY___ 604800
2025-09-10 23:21:48,803 INFO     ___FILE_ONLY___ '
2025-09-10 23:21:48,803 INFO     ___FILE_ONLY___ 

2025-09-10 23:21:48,803 INFO     ___FILE_ONLY___ storage_url
2025-09-10 23:21:48,804 INFO     ___FILE_ONLY___ :
2025-09-10 23:21:48,804 INFO     ___FILE_ONLY___  
2025-09-10 23:21:48,804 INFO     ___FILE_ONLY___ gs://lionspace-assets/
2025-09-10 23:21:48,804 INFO     ___FILE_ONLY___ 

2025-09-10 23:21:48,804 INFO     ___FILE_ONLY___ uniform_bucket_level_access
2025-09-10 23:21:48,804 INFO     ___FILE_ONLY___ :
2025-09-10 23:21:48,804 INFO     ___FILE_ONLY___  
2025-09-10 23:21:48,804 INFO     ___FILE_ONLY___ true
2025-09-10 23:21:48,804 INFO     ___FILE_ONLY___ 

2025-09-10 23:21:48,804 INFO     ___FILE_ONLY___ update_time
2025-09-10 23:21:48,804 INFO     ___FILE_ONLY___ :
2025-09-10 23:21:48,804 INFO     ___FILE_ONLY___  
2025-09-10 23:21:48,804 INFO     ___FILE_ONLY___ 2025-09-02T21:55:39+0000
2025-09-10 23:21:48,804 INFO     ___FILE_ONLY___ 

2025-09-10 23:21:48,804 INFO     ___FILE_ONLY___ ---
2025-09-10 23:21:48,804 INFO     ___FILE_ONLY___ 

2025-09-10 23:21:48,804 INFO     ___FILE_ONLY___ creation_time
2025-09-10 23:21:48,804 INFO     ___FILE_ONLY___ :
2025-09-10 23:21:48,804 INFO     ___FILE_ONLY___  
2025-09-10 23:21:48,804 INFO     ___FILE_ONLY___ 2025-09-02T21:55:38+0000
2025-09-10 23:21:48,804 INFO     ___FILE_ONLY___ 

2025-09-10 23:21:48,804 INFO     ___FILE_ONLY___ default_storage_class
2025-09-10 23:21:48,804 INFO     ___FILE_ONLY___ :
2025-09-10 23:21:48,804 INFO     ___FILE_ONLY___  
2025-09-10 23:21:48,804 INFO     ___FILE_ONLY___ NEARLINE
2025-09-10 23:21:48,804 INFO     ___FILE_ONLY___ 

2025-09-10 23:21:48,804 INFO     ___FILE_ONLY___ generation
2025-09-10 23:21:48,804 INFO     ___FILE_ONLY___ :
2025-09-10 23:21:48,804 INFO     ___FILE_ONLY___  
2025-09-10 23:21:48,804 INFO     ___FILE_ONLY___ 1756850138101930050
2025-09-10 23:21:48,804 INFO     ___FILE_ONLY___ 

2025-09-10 23:21:48,804 INFO     ___FILE_ONLY___ location
2025-09-10 23:21:48,804 INFO     ___FILE_ONLY___ :
2025-09-10 23:21:48,804 INFO     ___FILE_ONLY___  
2025-09-10 23:21:48,804 INFO     ___FILE_ONLY___ US
2025-09-10 23:21:48,804 INFO     ___FILE_ONLY___ 

2025-09-10 23:21:48,804 INFO     ___FILE_ONLY___ location_type
2025-09-10 23:21:48,804 INFO     ___FILE_ONLY___ :
2025-09-10 23:21:48,804 INFO     ___FILE_ONLY___  
2025-09-10 23:21:48,805 INFO     ___FILE_ONLY___ multi-region
2025-09-10 23:21:48,805 INFO     ___FILE_ONLY___ 

2025-09-10 23:21:48,805 INFO     ___FILE_ONLY___ metageneration
2025-09-10 23:21:48,805 INFO     ___FILE_ONLY___ :
2025-09-10 23:21:48,805 INFO     ___FILE_ONLY___  
2025-09-10 23:21:48,805 INFO     ___FILE_ONLY___ 1
2025-09-10 23:21:48,805 INFO     ___FILE_ONLY___ 

2025-09-10 23:21:48,805 INFO     ___FILE_ONLY___ name
2025-09-10 23:21:48,805 INFO     ___FILE_ONLY___ :
2025-09-10 23:21:48,805 INFO     ___FILE_ONLY___  
2025-09-10 23:21:48,805 INFO     ___FILE_ONLY___ lionspace-backups
2025-09-10 23:21:48,805 INFO     ___FILE_ONLY___ 

2025-09-10 23:21:48,805 INFO     ___FILE_ONLY___ public_access_prevention
2025-09-10 23:21:48,805 INFO     ___FILE_ONLY___ :
2025-09-10 23:21:48,805 INFO     ___FILE_ONLY___  
2025-09-10 23:21:48,805 INFO     ___FILE_ONLY___ inherited
2025-09-10 23:21:48,805 INFO     ___FILE_ONLY___ 

2025-09-10 23:21:48,805 INFO     ___FILE_ONLY___ rpo
2025-09-10 23:21:48,805 INFO     ___FILE_ONLY___ :
2025-09-10 23:21:48,805 INFO     ___FILE_ONLY___  
2025-09-10 23:21:48,805 INFO     ___FILE_ONLY___ DEFAULT
2025-09-10 23:21:48,805 INFO     ___FILE_ONLY___ 

2025-09-10 23:21:48,805 INFO     ___FILE_ONLY___ soft_delete_policy
2025-09-10 23:21:48,805 INFO     ___FILE_ONLY___ :
2025-09-10 23:21:48,805 INFO     ___FILE_ONLY___ 

2025-09-10 23:21:48,805 INFO     ___FILE_ONLY___   
2025-09-10 23:21:48,805 INFO     ___FILE_ONLY___ effectiveTime
2025-09-10 23:21:48,805 INFO     ___FILE_ONLY___ :
2025-09-10 23:21:48,805 INFO     ___FILE_ONLY___  '
2025-09-10 23:21:48,805 INFO     ___FILE_ONLY___ 2025-09-02T21:55:38.306000+00:00
2025-09-10 23:21:48,805 INFO     ___FILE_ONLY___ '
2025-09-10 23:21:48,805 INFO     ___FILE_ONLY___ 

2025-09-10 23:21:48,805 INFO     ___FILE_ONLY___   
2025-09-10 23:21:48,805 INFO     ___FILE_ONLY___ retentionDurationSeconds
2025-09-10 23:21:48,805 INFO     ___FILE_ONLY___ :
2025-09-10 23:21:48,805 INFO     ___FILE_ONLY___  '
2025-09-10 23:21:48,805 INFO     ___FILE_ONLY___ 604800
2025-09-10 23:21:48,805 INFO     ___FILE_ONLY___ '
2025-09-10 23:21:48,805 INFO     ___FILE_ONLY___ 

2025-09-10 23:21:48,805 INFO     ___FILE_ONLY___ storage_url
2025-09-10 23:21:48,805 INFO     ___FILE_ONLY___ :
2025-09-10 23:21:48,805 INFO     ___FILE_ONLY___  
2025-09-10 23:21:48,805 INFO     ___FILE_ONLY___ gs://lionspace-backups/
2025-09-10 23:21:48,805 INFO     ___FILE_ONLY___ 

2025-09-10 23:21:48,805 INFO     ___FILE_ONLY___ uniform_bucket_level_access
2025-09-10 23:21:48,805 INFO     ___FILE_ONLY___ :
2025-09-10 23:21:48,805 INFO     ___FILE_ONLY___  
2025-09-10 23:21:48,805 INFO     ___FILE_ONLY___ true
2025-09-10 23:21:48,805 INFO     ___FILE_ONLY___ 

2025-09-10 23:21:48,805 INFO     ___FILE_ONLY___ update_time
2025-09-10 23:21:48,805 INFO     ___FILE_ONLY___ :
2025-09-10 23:21:48,806 INFO     ___FILE_ONLY___  
2025-09-10 23:21:48,806 INFO     ___FILE_ONLY___ 2025-09-02T21:55:38+0000
2025-09-10 23:21:48,806 INFO     ___FILE_ONLY___ 

2025-09-10 23:21:48,806 INFO     ___FILE_ONLY___ ---
2025-09-10 23:21:48,806 INFO     ___FILE_ONLY___ 

2025-09-10 23:21:48,806 INFO     ___FILE_ONLY___ creation_time
2025-09-10 23:21:48,806 INFO     ___FILE_ONLY___ :
2025-09-10 23:21:48,806 INFO     ___FILE_ONLY___  
2025-09-10 23:21:48,806 INFO     ___FILE_ONLY___ 2025-09-08T23:20:42+0000
2025-09-10 23:21:48,806 INFO     ___FILE_ONLY___ 

2025-09-10 23:21:48,806 INFO     ___FILE_ONLY___ default_storage_class
2025-09-10 23:21:48,806 INFO     ___FILE_ONLY___ :
2025-09-10 23:21:48,806 INFO     ___FILE_ONLY___  
2025-09-10 23:21:48,806 INFO     ___FILE_ONLY___ STANDARD
2025-09-10 23:21:48,806 INFO     ___FILE_ONLY___ 

2025-09-10 23:21:48,806 INFO     ___FILE_ONLY___ generation
2025-09-10 23:21:48,806 INFO     ___FILE_ONLY___ :
2025-09-10 23:21:48,806 INFO     ___FILE_ONLY___  
2025-09-10 23:21:48,806 INFO     ___FILE_ONLY___ 1757373642699422998
2025-09-10 23:21:48,806 INFO     ___FILE_ONLY___ 

2025-09-10 23:21:48,806 INFO     ___FILE_ONLY___ location
2025-09-10 23:21:48,806 INFO     ___FILE_ONLY___ :
2025-09-10 23:21:48,806 INFO     ___FILE_ONLY___  
2025-09-10 23:21:48,806 INFO     ___FILE_ONLY___ US-EAST1
2025-09-10 23:21:48,806 INFO     ___FILE_ONLY___ 

2025-09-10 23:21:48,806 INFO     ___FILE_ONLY___ location_type
2025-09-10 23:21:48,806 INFO     ___FILE_ONLY___ :
2025-09-10 23:21:48,806 INFO     ___FILE_ONLY___  
2025-09-10 23:21:48,806 INFO     ___FILE_ONLY___ region
2025-09-10 23:21:48,806 INFO     ___FILE_ONLY___ 

2025-09-10 23:21:48,806 INFO     ___FILE_ONLY___ metageneration
2025-09-10 23:21:48,806 INFO     ___FILE_ONLY___ :
2025-09-10 23:21:48,806 INFO     ___FILE_ONLY___  
2025-09-10 23:21:48,806 INFO     ___FILE_ONLY___ 2
2025-09-10 23:21:48,806 INFO     ___FILE_ONLY___ 

2025-09-10 23:21:48,806 INFO     ___FILE_ONLY___ name
2025-09-10 23:21:48,806 INFO     ___FILE_ONLY___ :
2025-09-10 23:21:48,806 INFO     ___FILE_ONLY___  
2025-09-10 23:21:48,806 INFO     ___FILE_ONLY___ lionspace-dify-storage
2025-09-10 23:21:48,806 INFO     ___FILE_ONLY___ 

2025-09-10 23:21:48,806 INFO     ___FILE_ONLY___ public_access_prevention
2025-09-10 23:21:48,807 INFO     ___FILE_ONLY___ :
2025-09-10 23:21:48,807 INFO     ___FILE_ONLY___  
2025-09-10 23:21:48,807 INFO     ___FILE_ONLY___ inherited
2025-09-10 23:21:48,807 INFO     ___FILE_ONLY___ 

2025-09-10 23:21:48,807 INFO     ___FILE_ONLY___ soft_delete_policy
2025-09-10 23:21:48,807 INFO     ___FILE_ONLY___ :
2025-09-10 23:21:48,807 INFO     ___FILE_ONLY___ 

2025-09-10 23:21:48,807 INFO     ___FILE_ONLY___   
2025-09-10 23:21:48,807 INFO     ___FILE_ONLY___ effectiveTime
2025-09-10 23:21:48,807 INFO     ___FILE_ONLY___ :
2025-09-10 23:21:48,807 INFO     ___FILE_ONLY___  '
2025-09-10 23:21:48,807 INFO     ___FILE_ONLY___ 2025-09-08T23:20:42.759000+00:00
2025-09-10 23:21:48,807 INFO     ___FILE_ONLY___ '
2025-09-10 23:21:48,807 INFO     ___FILE_ONLY___ 

2025-09-10 23:21:48,807 INFO     ___FILE_ONLY___   
2025-09-10 23:21:48,807 INFO     ___FILE_ONLY___ retentionDurationSeconds
2025-09-10 23:21:48,807 INFO     ___FILE_ONLY___ :
2025-09-10 23:21:48,807 INFO     ___FILE_ONLY___  '
2025-09-10 23:21:48,807 INFO     ___FILE_ONLY___ 604800
2025-09-10 23:21:48,807 INFO     ___FILE_ONLY___ '
2025-09-10 23:21:48,807 INFO     ___FILE_ONLY___ 

2025-09-10 23:21:48,807 INFO     ___FILE_ONLY___ storage_url
2025-09-10 23:21:48,807 INFO     ___FILE_ONLY___ :
2025-09-10 23:21:48,807 INFO     ___FILE_ONLY___  
2025-09-10 23:21:48,807 INFO     ___FILE_ONLY___ gs://lionspace-dify-storage/
2025-09-10 23:21:48,807 INFO     ___FILE_ONLY___ 

2025-09-10 23:21:48,807 INFO     ___FILE_ONLY___ uniform_bucket_level_access
2025-09-10 23:21:48,807 INFO     ___FILE_ONLY___ :
2025-09-10 23:21:48,807 INFO     ___FILE_ONLY___  
2025-09-10 23:21:48,807 INFO     ___FILE_ONLY___ true
2025-09-10 23:21:48,807 INFO     ___FILE_ONLY___ 

2025-09-10 23:21:48,807 INFO     ___FILE_ONLY___ update_time
2025-09-10 23:21:48,807 INFO     ___FILE_ONLY___ :
2025-09-10 23:21:48,807 INFO     ___FILE_ONLY___  
2025-09-10 23:21:48,807 INFO     ___FILE_ONLY___ 2025-09-08T23:20:44+0000
2025-09-10 23:21:48,807 INFO     ___FILE_ONLY___ 

2025-09-10 23:21:48,807 INFO     ___FILE_ONLY___ ---
2025-09-10 23:21:48,807 INFO     ___FILE_ONLY___ 

2025-09-10 23:21:48,807 INFO     ___FILE_ONLY___ creation_time
2025-09-10 23:21:48,808 INFO     ___FILE_ONLY___ :
2025-09-10 23:21:48,808 INFO     ___FILE_ONLY___  
2025-09-10 23:21:48,808 INFO     ___FILE_ONLY___ 2025-09-09T01:09:35+0000
2025-09-10 23:21:48,808 INFO     ___FILE_ONLY___ 

2025-09-10 23:21:48,808 INFO     ___FILE_ONLY___ default_storage_class
2025-09-10 23:21:48,808 INFO     ___FILE_ONLY___ :
2025-09-10 23:21:48,808 INFO     ___FILE_ONLY___  
2025-09-10 23:21:48,808 INFO     ___FILE_ONLY___ STANDARD
2025-09-10 23:21:48,808 INFO     ___FILE_ONLY___ 

2025-09-10 23:21:48,808 INFO     ___FILE_ONLY___ generation
2025-09-10 23:21:48,808 INFO     ___FILE_ONLY___ :
2025-09-10 23:21:48,808 INFO     ___FILE_ONLY___  
2025-09-10 23:21:48,808 INFO     ___FILE_ONLY___ 1757380175650689356
2025-09-10 23:21:48,808 INFO     ___FILE_ONLY___ 

2025-09-10 23:21:48,808 INFO     ___FILE_ONLY___ location
2025-09-10 23:21:48,808 INFO     ___FILE_ONLY___ :
2025-09-10 23:21:48,808 INFO     ___FILE_ONLY___  
2025-09-10 23:21:48,808 INFO     ___FILE_ONLY___ US
2025-09-10 23:21:48,808 INFO     ___FILE_ONLY___ 

2025-09-10 23:21:48,808 INFO     ___FILE_ONLY___ location_type
2025-09-10 23:21:48,808 INFO     ___FILE_ONLY___ :
2025-09-10 23:21:48,808 INFO     ___FILE_ONLY___  
2025-09-10 23:21:48,808 INFO     ___FILE_ONLY___ multi-region
2025-09-10 23:21:48,808 INFO     ___FILE_ONLY___ 

2025-09-10 23:21:48,808 INFO     ___FILE_ONLY___ metageneration
2025-09-10 23:21:48,808 INFO     ___FILE_ONLY___ :
2025-09-10 23:21:48,808 INFO     ___FILE_ONLY___  
2025-09-10 23:21:48,808 INFO     ___FILE_ONLY___ 1
2025-09-10 23:21:48,808 INFO     ___FILE_ONLY___ 

2025-09-10 23:21:48,808 INFO     ___FILE_ONLY___ name
2025-09-10 23:21:48,808 INFO     ___FILE_ONLY___ :
2025-09-10 23:21:48,808 INFO     ___FILE_ONLY___  
2025-09-10 23:21:48,808 INFO     ___FILE_ONLY___ lionspace_cloudbuild
2025-09-10 23:21:48,808 INFO     ___FILE_ONLY___ 

2025-09-10 23:21:48,808 INFO     ___FILE_ONLY___ public_access_prevention
2025-09-10 23:21:48,808 INFO     ___FILE_ONLY___ :
2025-09-10 23:21:48,808 INFO     ___FILE_ONLY___  
2025-09-10 23:21:48,808 INFO     ___FILE_ONLY___ inherited
2025-09-10 23:21:48,808 INFO     ___FILE_ONLY___ 

2025-09-10 23:21:48,808 INFO     ___FILE_ONLY___ rpo
2025-09-10 23:21:48,808 INFO     ___FILE_ONLY___ :
2025-09-10 23:21:48,808 INFO     ___FILE_ONLY___  
2025-09-10 23:21:48,808 INFO     ___FILE_ONLY___ DEFAULT
2025-09-10 23:21:48,808 INFO     ___FILE_ONLY___ 

2025-09-10 23:21:48,808 INFO     ___FILE_ONLY___ soft_delete_policy
2025-09-10 23:21:48,808 INFO     ___FILE_ONLY___ :
2025-09-10 23:21:48,808 INFO     ___FILE_ONLY___ 

2025-09-10 23:21:48,808 INFO     ___FILE_ONLY___   
2025-09-10 23:21:48,808 INFO     ___FILE_ONLY___ effectiveTime
2025-09-10 23:21:48,808 INFO     ___FILE_ONLY___ :
2025-09-10 23:21:48,809 INFO     ___FILE_ONLY___  '
2025-09-10 23:21:48,809 INFO     ___FILE_ONLY___ 2025-09-09T01:09:35.940000+00:00
2025-09-10 23:21:48,809 INFO     ___FILE_ONLY___ '
2025-09-10 23:21:48,809 INFO     ___FILE_ONLY___ 

2025-09-10 23:21:48,809 INFO     ___FILE_ONLY___   
2025-09-10 23:21:48,809 INFO     ___FILE_ONLY___ retentionDurationSeconds
2025-09-10 23:21:48,809 INFO     ___FILE_ONLY___ :
2025-09-10 23:21:48,809 INFO     ___FILE_ONLY___  '
2025-09-10 23:21:48,809 INFO     ___FILE_ONLY___ 604800
2025-09-10 23:21:48,809 INFO     ___FILE_ONLY___ '
2025-09-10 23:21:48,809 INFO     ___FILE_ONLY___ 

2025-09-10 23:21:48,809 INFO     ___FILE_ONLY___ storage_url
2025-09-10 23:21:48,809 INFO     ___FILE_ONLY___ :
2025-09-10 23:21:48,809 INFO     ___FILE_ONLY___  
2025-09-10 23:21:48,809 INFO     ___FILE_ONLY___ gs://lionspace_cloudbuild/
2025-09-10 23:21:48,809 INFO     ___FILE_ONLY___ 

2025-09-10 23:21:48,809 INFO     ___FILE_ONLY___ uniform_bucket_level_access
2025-09-10 23:21:48,809 INFO     ___FILE_ONLY___ :
2025-09-10 23:21:48,809 INFO     ___FILE_ONLY___  
2025-09-10 23:21:48,809 INFO     ___FILE_ONLY___ true
2025-09-10 23:21:48,809 INFO     ___FILE_ONLY___ 

2025-09-10 23:21:48,809 INFO     ___FILE_ONLY___ update_time
2025-09-10 23:21:48,809 INFO     ___FILE_ONLY___ :
2025-09-10 23:21:48,809 INFO     ___FILE_ONLY___  
2025-09-10 23:21:48,809 INFO     ___FILE_ONLY___ 2025-09-09T01:09:35+0000
2025-09-10 23:21:48,809 INFO     ___FILE_ONLY___ 

