2025-09-10 23:34:32,223 DEBUG    root            Loaded Command Group: ['gcloud', 'firestore']
2025-09-10 23:34:32,224 DEBUG    root            Loaded Command Group: ['gcloud', 'firestore', 'databases']
2025-09-10 23:34:32,226 DEBUG    root            Loaded Command Group: ['gcloud', 'firestore', 'databases', 'list']
2025-09-10 23:34:32,227 DEBUG    root            Running [gcloud.firestore.databases.list] with arguments: []
2025-09-10 23:34:32,251 DEBUG    urllib3.connectionpool Starting new HTTPS connection (1): firestore.googleapis.com:443
2025-09-10 23:34:33,238 DEBUG    urllib3.connectionpool https://firestore.googleapis.com:443 "GET /v1/projects/lionspace/databases?alt=json HTTP/11" 200 None
2025-09-10 23:34:33,239 DEBUG    root            Chosen display Format:default
2025-09-10 23:34:33,239 INFO     root            Display format: "default"
2025-09-10 23:34:33,245 INFO     ___FILE_ONLY___ ---
2025-09-10 23:34:33,245 INFO     ___FILE_ONLY___ 

2025-09-10 23:34:33,245 INFO     ___FILE_ONLY___ appEngineIntegrationMode
2025-09-10 23:34:33,245 INFO     ___FILE_ONLY___ :
2025-09-10 23:34:33,245 INFO     ___FILE_ONLY___  
2025-09-10 23:34:33,245 INFO     ___FILE_ONLY___ DISABLED
2025-09-10 23:34:33,245 INFO     ___FILE_ONLY___ 

2025-09-10 23:34:33,245 INFO     ___FILE_ONLY___ concurrencyMode
2025-09-10 23:34:33,245 INFO     ___FILE_ONLY___ :
2025-09-10 23:34:33,245 INFO     ___FILE_ONLY___  
2025-09-10 23:34:33,245 INFO     ___FILE_ONLY___ PESSIMISTIC
2025-09-10 23:34:33,245 INFO     ___FILE_ONLY___ 

2025-09-10 23:34:33,245 INFO     ___FILE_ONLY___ createTime
2025-09-10 23:34:33,245 INFO     ___FILE_ONLY___ :
2025-09-10 23:34:33,245 INFO     ___FILE_ONLY___  '
2025-09-10 23:34:33,245 INFO     ___FILE_ONLY___ 2025-08-10T15:19:06.529078Z
2025-09-10 23:34:33,245 INFO     ___FILE_ONLY___ '
2025-09-10 23:34:33,246 INFO     ___FILE_ONLY___ 

2025-09-10 23:34:33,246 INFO     ___FILE_ONLY___ databaseEdition
2025-09-10 23:34:33,246 INFO     ___FILE_ONLY___ :
2025-09-10 23:34:33,246 INFO     ___FILE_ONLY___  
2025-09-10 23:34:33,246 INFO     ___FILE_ONLY___ STANDARD
2025-09-10 23:34:33,246 INFO     ___FILE_ONLY___ 

2025-09-10 23:34:33,246 INFO     ___FILE_ONLY___ deleteProtectionState
2025-09-10 23:34:33,246 INFO     ___FILE_ONLY___ :
2025-09-10 23:34:33,246 INFO     ___FILE_ONLY___  
2025-09-10 23:34:33,246 INFO     ___FILE_ONLY___ DELETE_PROTECTION_DISABLED
2025-09-10 23:34:33,246 INFO     ___FILE_ONLY___ 

2025-09-10 23:34:33,246 INFO     ___FILE_ONLY___ earliestVersionTime
2025-09-10 23:34:33,246 INFO     ___FILE_ONLY___ :
2025-09-10 23:34:33,246 INFO     ___FILE_ONLY___  '
2025-09-10 23:34:33,246 INFO     ___FILE_ONLY___ 2025-09-10T19:34:33.217097Z
2025-09-10 23:34:33,246 INFO     ___FILE_ONLY___ '
2025-09-10 23:34:33,246 INFO     ___FILE_ONLY___ 

2025-09-10 23:34:33,246 INFO     ___FILE_ONLY___ etag
2025-09-10 23:34:33,246 INFO     ___FILE_ONLY___ :
2025-09-10 23:34:33,246 INFO     ___FILE_ONLY___  
2025-09-10 23:34:33,246 INFO     ___FILE_ONLY___ IOutlcmFz48DMJWB7tDAl48D
2025-09-10 23:34:33,246 INFO     ___FILE_ONLY___ 

2025-09-10 23:34:33,246 INFO     ___FILE_ONLY___ freeTier
2025-09-10 23:34:33,246 INFO     ___FILE_ONLY___ :
2025-09-10 23:34:33,246 INFO     ___FILE_ONLY___  
2025-09-10 23:34:33,246 INFO     ___FILE_ONLY___ true
2025-09-10 23:34:33,246 INFO     ___FILE_ONLY___ 

2025-09-10 23:34:33,246 INFO     ___FILE_ONLY___ keyPrefix
2025-09-10 23:34:33,246 INFO     ___FILE_ONLY___ :
2025-09-10 23:34:33,246 INFO     ___FILE_ONLY___  
2025-09-10 23:34:33,246 INFO     ___FILE_ONLY___ e
2025-09-10 23:34:33,246 INFO     ___FILE_ONLY___ 

2025-09-10 23:34:33,246 INFO     ___FILE_ONLY___ locationId
2025-09-10 23:34:33,246 INFO     ___FILE_ONLY___ :
2025-09-10 23:34:33,246 INFO     ___FILE_ONLY___  
2025-09-10 23:34:33,246 INFO     ___FILE_ONLY___ eur3
2025-09-10 23:34:33,246 INFO     ___FILE_ONLY___ 

2025-09-10 23:34:33,246 INFO     ___FILE_ONLY___ name
2025-09-10 23:34:33,246 INFO     ___FILE_ONLY___ :
2025-09-10 23:34:33,246 INFO     ___FILE_ONLY___  
2025-09-10 23:34:33,247 INFO     ___FILE_ONLY___ projects/lionspace/databases/(default)
2025-09-10 23:34:33,247 INFO     ___FILE_ONLY___ 

2025-09-10 23:34:33,247 INFO     ___FILE_ONLY___ pointInTimeRecoveryEnablement
2025-09-10 23:34:33,247 INFO     ___FILE_ONLY___ :
2025-09-10 23:34:33,247 INFO     ___FILE_ONLY___  
2025-09-10 23:34:33,247 INFO     ___FILE_ONLY___ POINT_IN_TIME_RECOVERY_DISABLED
2025-09-10 23:34:33,247 INFO     ___FILE_ONLY___ 

2025-09-10 23:34:33,247 INFO     ___FILE_ONLY___ type
2025-09-10 23:34:33,247 INFO     ___FILE_ONLY___ :
2025-09-10 23:34:33,247 INFO     ___FILE_ONLY___  
2025-09-10 23:34:33,247 INFO     ___FILE_ONLY___ FIRESTORE_NATIVE
2025-09-10 23:34:33,247 INFO     ___FILE_ONLY___ 

2025-09-10 23:34:33,247 INFO     ___FILE_ONLY___ uid
2025-09-10 23:34:33,247 INFO     ___FILE_ONLY___ :
2025-09-10 23:34:33,247 INFO     ___FILE_ONLY___  
2025-09-10 23:34:33,247 INFO     ___FILE_ONLY___ 7f5b552b-2074-4de5-abd0-03013a846dc4
2025-09-10 23:34:33,247 INFO     ___FILE_ONLY___ 

2025-09-10 23:34:33,247 INFO     ___FILE_ONLY___ updateTime
2025-09-10 23:34:33,247 INFO     ___FILE_ONLY___ :
2025-09-10 23:34:33,247 INFO     ___FILE_ONLY___  '
2025-09-10 23:34:33,247 INFO     ___FILE_ONLY___ 2025-08-10T15:19:06.529078Z
2025-09-10 23:34:33,247 INFO     ___FILE_ONLY___ '
2025-09-10 23:34:33,247 INFO     ___FILE_ONLY___ 

2025-09-10 23:34:33,247 INFO     ___FILE_ONLY___ versionRetentionPeriod
2025-09-10 23:34:33,247 INFO     ___FILE_ONLY___ :
2025-09-10 23:34:33,247 INFO     ___FILE_ONLY___  
2025-09-10 23:34:33,247 INFO     ___FILE_ONLY___ 3600s
2025-09-10 23:34:33,247 INFO     ___FILE_ONLY___ 

