2025-09-10 23:34:01,890 DEBUG    root            Loaded Command Group: ['gcloud', 'compute', 'instances']
2025-09-10 23:34:01,891 DEBUG    root            Loaded Command Group: ['gcloud', 'compute', 'instances', 'list']
2025-09-10 23:34:01,892 DEBUG    root            Running [gcloud.compute.instances.list] with arguments: []
2025-09-10 23:34:01,949 DEBUG    root            Chosen display Format:    table(
      name,
      zone.basename(),
      machineType.machine_type().basename(),
      scheduling.preemptible.yesno(yes=true, no=''),
      networkInterfaces.internal_ip():label=INTERNAL_IP,
      external_ip():label=EXTERNAL_IP,
      status
    )
2025-09-10 23:34:01,950 INFO     root            Display format: "    table(
      name,
      zone.basename(),
      machineType.machine_type().basename(),
      scheduling.preemptible.yesno(yes=true, no=''),
      networkInterfaces.internal_ip():label=INTERNAL_IP,
      external_ip():label=EXTERNAL_IP,
      status
    )"
2025-09-10 23:34:01,954 DEBUG    urllib3.connectionpool Starting new HTTPS connection (1): compute.googleapis.com:443
2025-09-10 23:34:02,416 DEBUG    urllib3.connectionpool https://compute.googleapis.com:443 "GET /compute/v1/projects/lionsofzion-hub/aggregated/instances?alt=json&includeAllScopes=True&maxResults=500&returnPartialSuccess=True HTTP/11" 200 None
2025-09-10 23:34:02,418 INFO     root            cache collection=compute.instances api_version=v1 params=['project', 'zone', 'instance']
2025-09-10 23:34:02,432 INFO     ___FILE_ONLY___ Listed 0 items.

