2025-09-10 23:39:09,440 DEBUG    root            Loaded Command Group: ['gcloud', 'firestore']
2025-09-10 23:39:09,440 DEBUG    root            Loaded Command Group: ['gcloud', 'firestore', 'databases']
2025-09-10 23:39:09,441 DEBUG    root            Loaded Command Group: ['gcloud', 'firestore', 'databases', 'delete']
2025-09-10 23:39:09,442 DEBUG    root            Running [gcloud.firestore.databases.delete] with arguments: [--database: "(default)", --quiet: "True"]
2025-09-10 23:39:09,458 DEBUG    urllib3.connectionpool Starting new HTTPS connection (1): firestore.googleapis.com:443
2025-09-10 23:39:14,957 DEBUG    urllib3.connectionpool https://firestore.googleapis.com:443 "DELETE /v1/projects/lionspace/databases/(default)?alt=json HTTP/11" 200 None
2025-09-10 23:39:14,958 DEBUG    root            Chosen display Format:default
2025-09-10 23:39:14,959 INFO     root            Display format: "default"
2025-09-10 23:39:14,965 INFO     ___FILE_ONLY___ metadata
2025-09-10 23:39:14,965 INFO     ___FILE_ONLY___ :
2025-09-10 23:39:14,965 INFO     ___FILE_ONLY___ 

2025-09-10 23:39:14,965 INFO     ___FILE_ONLY___   
2025-09-10 23:39:14,965 INFO     ___FILE_ONLY___ '
2025-09-10 23:39:14,965 INFO     ___FILE_ONLY___ @type
2025-09-10 23:39:14,965 INFO     ___FILE_ONLY___ '
2025-09-10 23:39:14,965 INFO     ___FILE_ONLY___ :
2025-09-10 23:39:14,965 INFO     ___FILE_ONLY___  
2025-09-10 23:39:14,965 INFO     ___FILE_ONLY___ type.googleapis.com/google.firestore.admin.v1.DeleteDatabaseMetadata
2025-09-10 23:39:14,965 INFO     ___FILE_ONLY___ 

2025-09-10 23:39:14,965 INFO     ___FILE_ONLY___ name
2025-09-10 23:39:14,965 INFO     ___FILE_ONLY___ :
2025-09-10 23:39:14,965 INFO     ___FILE_ONLY___  
2025-09-10 23:39:14,965 INFO     ___FILE_ONLY___ projects/lionspace/databases/(default)/operations/A9zf34gQBsaHxp4IDBoHEAH8pK3wEAbE4vDqCAwKHho
2025-09-10 23:39:14,965 INFO     ___FILE_ONLY___ 

2025-09-10 23:39:14,966 INFO     ___FILE_ONLY___ response
2025-09-10 23:39:14,966 INFO     ___FILE_ONLY___ :
2025-09-10 23:39:14,966 INFO     ___FILE_ONLY___ 

2025-09-10 23:39:14,966 INFO     ___FILE_ONLY___   
2025-09-10 23:39:14,966 INFO     ___FILE_ONLY___ '
2025-09-10 23:39:14,966 INFO     ___FILE_ONLY___ @type
2025-09-10 23:39:14,966 INFO     ___FILE_ONLY___ '
2025-09-10 23:39:14,966 INFO     ___FILE_ONLY___ :
2025-09-10 23:39:14,966 INFO     ___FILE_ONLY___  
2025-09-10 23:39:14,966 INFO     ___FILE_ONLY___ type.googleapis.com/google.firestore.admin.v1.Database
2025-09-10 23:39:14,966 INFO     ___FILE_ONLY___ 

2025-09-10 23:39:14,966 INFO     ___FILE_ONLY___   
2025-09-10 23:39:14,966 INFO     ___FILE_ONLY___ appEngineIntegrationMode
2025-09-10 23:39:14,966 INFO     ___FILE_ONLY___ :
2025-09-10 23:39:14,966 INFO     ___FILE_ONLY___  
2025-09-10 23:39:14,966 INFO     ___FILE_ONLY___ DISABLED
2025-09-10 23:39:14,966 INFO     ___FILE_ONLY___ 

2025-09-10 23:39:14,966 INFO     ___FILE_ONLY___   
2025-09-10 23:39:14,966 INFO     ___FILE_ONLY___ concurrencyMode
2025-09-10 23:39:14,966 INFO     ___FILE_ONLY___ :
2025-09-10 23:39:14,966 INFO     ___FILE_ONLY___  
2025-09-10 23:39:14,966 INFO     ___FILE_ONLY___ PESSIMISTIC
2025-09-10 23:39:14,966 INFO     ___FILE_ONLY___ 

2025-09-10 23:39:14,966 INFO     ___FILE_ONLY___   
2025-09-10 23:39:14,966 INFO     ___FILE_ONLY___ createTime
2025-09-10 23:39:14,966 INFO     ___FILE_ONLY___ :
2025-09-10 23:39:14,966 INFO     ___FILE_ONLY___  '
2025-09-10 23:39:14,966 INFO     ___FILE_ONLY___ 2025-08-10T15:19:06.529078Z
2025-09-10 23:39:14,967 INFO     ___FILE_ONLY___ '
2025-09-10 23:39:14,967 INFO     ___FILE_ONLY___ 

2025-09-10 23:39:14,967 INFO     ___FILE_ONLY___   
2025-09-10 23:39:14,967 INFO     ___FILE_ONLY___ databaseEdition
2025-09-10 23:39:14,967 INFO     ___FILE_ONLY___ :
2025-09-10 23:39:14,967 INFO     ___FILE_ONLY___  
2025-09-10 23:39:14,967 INFO     ___FILE_ONLY___ STANDARD
2025-09-10 23:39:14,967 INFO     ___FILE_ONLY___ 

2025-09-10 23:39:14,967 INFO     ___FILE_ONLY___   
2025-09-10 23:39:14,967 INFO     ___FILE_ONLY___ deleteProtectionState
2025-09-10 23:39:14,967 INFO     ___FILE_ONLY___ :
2025-09-10 23:39:14,967 INFO     ___FILE_ONLY___  
2025-09-10 23:39:14,967 INFO     ___FILE_ONLY___ DELETE_PROTECTION_DISABLED
2025-09-10 23:39:14,967 INFO     ___FILE_ONLY___ 

2025-09-10 23:39:14,967 INFO     ___FILE_ONLY___   
2025-09-10 23:39:14,967 INFO     ___FILE_ONLY___ deleteTime
2025-09-10 23:39:14,967 INFO     ___FILE_ONLY___ :
2025-09-10 23:39:14,967 INFO     ___FILE_ONLY___  '
2025-09-10 23:39:14,967 INFO     ___FILE_ONLY___ 2025-09-10T20:39:14.999813Z
2025-09-10 23:39:14,967 INFO     ___FILE_ONLY___ '
2025-09-10 23:39:14,967 INFO     ___FILE_ONLY___ 

2025-09-10 23:39:14,967 INFO     ___FILE_ONLY___   
2025-09-10 23:39:14,967 INFO     ___FILE_ONLY___ earliestVersionTime
2025-09-10 23:39:14,967 INFO     ___FILE_ONLY___ :
2025-09-10 23:39:14,967 INFO     ___FILE_ONLY___  '
2025-09-10 23:39:14,967 INFO     ___FILE_ONLY___ 2025-09-10T20:39:14.999813Z
2025-09-10 23:39:14,967 INFO     ___FILE_ONLY___ '
2025-09-10 23:39:14,967 INFO     ___FILE_ONLY___ 

2025-09-10 23:39:14,967 INFO     ___FILE_ONLY___   
2025-09-10 23:39:14,967 INFO     ___FILE_ONLY___ etag
2025-09-10 23:39:14,967 INFO     ___FILE_ONLY___ :
2025-09-10 23:39:14,967 INFO     ___FILE_ONLY___  
2025-09-10 23:39:14,967 INFO     ___FILE_ONLY___ IJWl2c+Gz48DMIXE2M+Gz48D
2025-09-10 23:39:14,967 INFO     ___FILE_ONLY___ 

2025-09-10 23:39:14,967 INFO     ___FILE_ONLY___   
2025-09-10 23:39:14,967 INFO     ___FILE_ONLY___ freeTier
2025-09-10 23:39:14,967 INFO     ___FILE_ONLY___ :
2025-09-10 23:39:14,967 INFO     ___FILE_ONLY___  
2025-09-10 23:39:14,967 INFO     ___FILE_ONLY___ false
2025-09-10 23:39:14,967 INFO     ___FILE_ONLY___ 

2025-09-10 23:39:14,967 INFO     ___FILE_ONLY___   
2025-09-10 23:39:14,967 INFO     ___FILE_ONLY___ locationId
2025-09-10 23:39:14,967 INFO     ___FILE_ONLY___ :
2025-09-10 23:39:14,967 INFO     ___FILE_ONLY___  
2025-09-10 23:39:14,967 INFO     ___FILE_ONLY___ eur3
2025-09-10 23:39:14,967 INFO     ___FILE_ONLY___ 

2025-09-10 23:39:14,967 INFO     ___FILE_ONLY___   
2025-09-10 23:39:14,967 INFO     ___FILE_ONLY___ name
2025-09-10 23:39:14,967 INFO     ___FILE_ONLY___ :
2025-09-10 23:39:14,968 INFO     ___FILE_ONLY___  
2025-09-10 23:39:14,968 INFO     ___FILE_ONLY___ projects/lionspace/databases/7f5b552b-2074-4de5-abd0-03013a846dc4
2025-09-10 23:39:14,968 INFO     ___FILE_ONLY___ 

2025-09-10 23:39:14,968 INFO     ___FILE_ONLY___   
2025-09-10 23:39:14,968 INFO     ___FILE_ONLY___ pointInTimeRecoveryEnablement
2025-09-10 23:39:14,968 INFO     ___FILE_ONLY___ :
2025-09-10 23:39:14,968 INFO     ___FILE_ONLY___  
2025-09-10 23:39:14,968 INFO     ___FILE_ONLY___ POINT_IN_TIME_RECOVERY_DISABLED
2025-09-10 23:39:14,968 INFO     ___FILE_ONLY___ 

2025-09-10 23:39:14,968 INFO     ___FILE_ONLY___   
2025-09-10 23:39:14,968 INFO     ___FILE_ONLY___ previousId
2025-09-10 23:39:14,968 INFO     ___FILE_ONLY___ :
2025-09-10 23:39:14,968 INFO     ___FILE_ONLY___  
2025-09-10 23:39:14,968 INFO     ___FILE_ONLY___ (default)
2025-09-10 23:39:14,968 INFO     ___FILE_ONLY___ 

2025-09-10 23:39:14,968 INFO     ___FILE_ONLY___   
2025-09-10 23:39:14,968 INFO     ___FILE_ONLY___ type
2025-09-10 23:39:14,968 INFO     ___FILE_ONLY___ :
2025-09-10 23:39:14,968 INFO     ___FILE_ONLY___  
2025-09-10 23:39:14,968 INFO     ___FILE_ONLY___ FIRESTORE_NATIVE
2025-09-10 23:39:14,968 INFO     ___FILE_ONLY___ 

2025-09-10 23:39:14,968 INFO     ___FILE_ONLY___   
2025-09-10 23:39:14,968 INFO     ___FILE_ONLY___ uid
2025-09-10 23:39:14,968 INFO     ___FILE_ONLY___ :
2025-09-10 23:39:14,968 INFO     ___FILE_ONLY___  
2025-09-10 23:39:14,968 INFO     ___FILE_ONLY___ 7f5b552b-2074-4de5-abd0-03013a846dc4
2025-09-10 23:39:14,968 INFO     ___FILE_ONLY___ 

2025-09-10 23:39:14,968 INFO     ___FILE_ONLY___   
2025-09-10 23:39:14,968 INFO     ___FILE_ONLY___ updateTime
2025-09-10 23:39:14,968 INFO     ___FILE_ONLY___ :
2025-09-10 23:39:14,968 INFO     ___FILE_ONLY___  '
2025-09-10 23:39:14,968 INFO     ___FILE_ONLY___ 2025-08-10T15:19:06.529078Z
2025-09-10 23:39:14,968 INFO     ___FILE_ONLY___ '
2025-09-10 23:39:14,968 INFO     ___FILE_ONLY___ 

2025-09-10 23:39:14,968 INFO     ___FILE_ONLY___   
2025-09-10 23:39:14,968 INFO     ___FILE_ONLY___ versionRetentionPeriod
2025-09-10 23:39:14,968 INFO     ___FILE_ONLY___ :
2025-09-10 23:39:14,968 INFO     ___FILE_ONLY___  
2025-09-10 23:39:14,968 INFO     ___FILE_ONLY___ 3600s
2025-09-10 23:39:14,968 INFO     ___FILE_ONLY___ 

