2025-09-10 23:33:46,603 DEBUG    root            Loaded Command Group: ['gcloud', 'compute', 'instances']
2025-09-10 23:33:46,604 DEBUG    root            Loaded Command Group: ['gcloud', 'compute', 'instances', 'list']
2025-09-10 23:33:46,605 DEBUG    root            Running [gcloud.compute.instances.list] with arguments: []
2025-09-10 23:33:46,667 DEBUG    root            Chosen display Format:    table(
      name,
      zone.basename(),
      machineType.machine_type().basename(),
      scheduling.preemptible.yesno(yes=true, no=''),
      networkInterfaces.internal_ip():label=INTERNAL_IP,
      external_ip():label=EXTERNAL_IP,
      status
    )
2025-09-10 23:33:46,668 INFO     root            Display format: "    table(
      name,
      zone.basename(),
      machineType.machine_type().basename(),
      scheduling.preemptible.yesno(yes=true, no=''),
      networkInterfaces.internal_ip():label=INTERNAL_IP,
      external_ip():label=EXTERNAL_IP,
      status
    )"
2025-09-10 23:33:46,673 DEBUG    urllib3.connectionpool Starting new HTTPS connection (1): compute.googleapis.com:443
2025-09-10 23:33:47,055 DEBUG    urllib3.connectionpool https://compute.googleapis.com:443 "GET /compute/v1/projects/lionsofzion-dev/aggregated/instances?alt=json&includeAllScopes=True&maxResults=500&returnPartialSuccess=True HTTP/11" 403 None
2025-09-10 23:33:47,056 DEBUG    root            Chosen display Format:list[title="Some requests did not succeed.",always-display-title]
2025-09-10 23:33:47,056 WARNING  root            Some requests did not succeed.
 - This API method requires billing to be enabled. Please enable billing on project #lionsofzion-dev by visiting https://console.developers.google.com/billing/enable?project=lionsofzion-dev then retry. If you enabled billing for this project recently, wait a few minutes for the action to propagate to our systems and retry.

2025-09-10 23:33:47,058 INFO     root            cache collection=compute.instances api_version=v1 params=['project', 'zone', 'instance']
2025-09-10 23:33:47,075 INFO     ___FILE_ONLY___ Listed 0 items.

