2025-09-10 23:37:40,675 DEBUG    root            Loaded Command Group: ['gcloud', 'sql']
2025-09-10 23:37:40,675 DEBUG    root            Loaded Command Group: ['gcloud', 'sql', 'instances']
2025-09-10 23:37:40,685 DEBUG    root            Loaded Command Group: ['gcloud', 'sql', 'instances', 'delete']
2025-09-10 23:37:40,686 DEBUG    root            Running [gcloud.sql.instances.delete] with arguments: [--quiet: "True", INSTANCE: "dify-postgres"]
2025-09-10 23:37:40,697 DEBUG    urllib3.connectionpool Starting new HTTPS connection (1): sqladmin.googleapis.com:443
2025-09-10 23:37:41,245 DEBUG    urllib3.connectionpool https://sqladmin.googleapis.com:443 "GET /sql/v1beta4/projects/lionspace/instances/dify-postgres?alt=json HTTP/11" 200 None
2025-09-10 23:37:43,417 DEBUG    urllib3.connectionpool https://sqladmin.googleapis.com:443 "DELETE /sql/v1beta4/projects/lionspace/instances/dify-postgres?alt=json HTTP/11" 200 None
2025-09-10 23:37:43,421 INFO     ___FILE_ONLY___ Deleting Cloud SQL instance...
2025-09-10 23:37:44,891 DEBUG    urllib3.connectionpool https://sqladmin.googleapis.com:443 "GET /sql/v1beta4/projects/lionspace/operations/4858c7de-234c-44a7-bc7a-569800000026?alt=json HTTP/11" 200 None
2025-09-10 23:37:47,804 DEBUG    urllib3.connectionpool https://sqladmin.googleapis.com:443 "GET /sql/v1beta4/projects/lionspace/operations/4858c7de-234c-44a7-bc7a-569800000026?alt=json HTTP/11" 200 None
2025-09-10 23:37:52,504 DEBUG    urllib3.connectionpool https://sqladmin.googleapis.com:443 "GET /sql/v1beta4/projects/lionspace/operations/4858c7de-234c-44a7-bc7a-569800000026?alt=json HTTP/11" 200 None
2025-09-10 23:38:01,109 DEBUG    urllib3.connectionpool https://sqladmin.googleapis.com:443 "GET /sql/v1beta4/projects/lionspace/operations/4858c7de-234c-44a7-bc7a-569800000026?alt=json HTTP/11" 200 None
2025-09-10 23:38:17,801 DEBUG    urllib3.connectionpool https://sqladmin.googleapis.com:443 "GET /sql/v1beta4/projects/lionspace/operations/4858c7de-234c-44a7-bc7a-569800000026?alt=json HTTP/11" 200 None
2025-09-10 23:38:38,248 DEBUG    urllib3.connectionpool https://sqladmin.googleapis.com:443 "GET /sql/v1beta4/projects/lionspace/operations/4858c7de-234c-44a7-bc7a-569800000026?alt=json HTTP/11" 200 None
2025-09-10 23:38:58,255 DEBUG    urllib3.connectionpool Resetting dropped connection: sqladmin.googleapis.com
2025-09-10 23:38:58,727 DEBUG    urllib3.connectionpool https://sqladmin.googleapis.com:443 "GET /sql/v1beta4/projects/lionspace/operations/4858c7de-234c-44a7-bc7a-569800000026?alt=json HTTP/11" 200 None
2025-09-10 23:39:19,183 DEBUG    urllib3.connectionpool https://sqladmin.googleapis.com:443 "GET /sql/v1beta4/projects/lionspace/operations/4858c7de-234c-44a7-bc7a-569800000026?alt=json HTTP/11" 200 None
2025-09-10 23:39:19,184 INFO     ___FILE_ONLY___ Deleted [https://sqladmin.googleapis.com/sql/v1beta4/projects/lionspace/instances/dify-postgres].

2025-09-10 23:39:19,185 DEBUG    root            Chosen display Format:default
2025-09-10 23:39:19,185 INFO     root            Display format: "default"
