2025-09-10 23:46:51,642 DEBUG    root            Loaded Command Group: ['gcloud', 'auth']
2025-09-10 23:46:51,646 DEBUG    root            Loaded Command Group: ['gcloud', 'auth', 'login']
2025-09-10 23:46:51,646 DEBUG    root            Running [gcloud.auth.login] with arguments: [ACCOUNT: "hanudani@gmail.com"]
2025-09-10 23:46:51,672 DEBUG    requests_oauthlib.oauth2_session Generated new state WszlQ9JBDyW8Jk32nu73lItlL6QVSy.
2025-09-10 23:46:51,749 INFO     ___FILE_ONLY___ Your browser has been opened to visit:

    https://accounts.google.com/o/oauth2/auth?response_type=code&client_id=32555940559.apps.googleusercontent.com&redirect_uri=http%3A%2F%2Flocalhost%3A8085%2F&scope=openid+https%3A%2F%2Fwww.googleapis.com%2Fauth%2Fuserinfo.email+https%3A%2F%2Fwww.googleapis.com%2Fauth%2Fcloud-platform+https%3A%2F%2Fwww.googleapis.com%2Fauth%2Fappengine.admin+https%3A%2F%2Fwww.googleapis.com%2Fauth%2Fsqlservice.login+https%3A%2F%2Fwww.googleapis.com%2Fauth%2Fcompute+https%3A%2F%2Fwww.googleapis.com%2Fauth%2Faccounts.reauth&state=WszlQ9JBDyW8Jk32nu73lItlL6QVSy&access_type=offline&code_challenge=8brI5l4_BCRTKDeIMPeuc3h__vXptfM_9B-IkC5JhSc&code_challenge_method=S256


2025-09-10 23:47:05,849 INFO     google_auth_oauthlib.flow "GET /?state=WszlQ9JBDyW8Jk32nu73lItlL6QVSy&code=4/0AVMBsJja4hnrXF0MuxDh5BkFhMYJAF0zrKJ7I5PkkG3JTufGnvoEB4y81HyybR7dV5Mx7w&scope=email%20openid%20https://www.googleapis.com/auth/userinfo.email%20https://www.googleapis.com/auth/cloud-platform%20https://www.googleapis.com/auth/appengine.admin%20https://www.googleapis.com/auth/sqlservice.login%20https://www.googleapis.com/auth/compute%20https://www.googleapis.com/auth/accounts.reauth&authuser=1&prompt=consent HTTP/1.1" 200 937
2025-09-10 23:47:05,850 DEBUG    requests_oauthlib.oauth2_session Requesting url https://oauth2.googleapis.com/token using method POST.
2025-09-10 23:47:05,850 DEBUG    requests_oauthlib.oauth2_session Supplying headers {b'Accept': b'application/json', b'Content-Type': b'application/x-www-form-urlencoded;charset=UTF-8', b'user-agent': b'google-cloud-sdk gcloud/538.0.0 command/gcloud.auth.login invocation-id/2bb57777b9b94097bfd8b1580eb76cf1 environment/None environment-version/None client-os/MACOSX client-os-ver/24.6.0 client-pltf-arch/arm interactive/True from-script/False python/3.12.11 term/xterm-256color (Macintosh; Intel Mac OS X 24.6.0)'} and data {'grant_type': 'authorization_code', 'client_id': '32555940559.apps.googleusercontent.com', 'client_secret': 'ZmssLNjJy2998hD4CTg2ejr2', 'code': '4/0AVMBsJja4hnrXF0MuxDh5BkFhMYJAF0zrKJ7I5PkkG3JTufGnvoEB4y81HyybR7dV5Mx7w', 'redirect_uri': 'http://localhost:8085/', 'code_verifier': 'lZ9cNm3f-Shv4C1ZWVwzj8pdDJuweohFXa1UFcQXC3~lcU6B2RwJIIGLmMPH-OCqdYbVy6cCfJDp5ZhCvl~mJg4l9sdusLWgScr5O.ODplm-I51Lv-PaQA_iv5ZYCG1H'}
2025-09-10 23:47:05,850 DEBUG    requests_oauthlib.oauth2_session Passing through key word arguments {'json': None, 'timeout': None, 'auth': None, 'verify': None, 'proxies': None}.
2025-09-10 23:47:05,858 DEBUG    urllib3.connectionpool Starting new HTTPS connection (1): oauth2.googleapis.com:443
2025-09-10 23:47:06,114 DEBUG    urllib3.connectionpool https://oauth2.googleapis.com:443 "POST /token HTTP/11" 200 None
2025-09-10 23:47:06,115 DEBUG    requests_oauthlib.oauth2_session Prepared fetch token request body grant_type=authorization_code&client_id=32555940559.apps.googleusercontent.com&client_secret=ZmssLNjJy2998hD4CTg2ejr2&code=4%2F0AVMBsJja4hnrXF0MuxDh5BkFhMYJAF0zrKJ7I5PkkG3JTufGnvoEB4y81HyybR7dV5Mx7w&redirect_uri=http%3A%2F%2Flocalhost%3A8085%2F&code_verifier=lZ9cNm3f-Shv4C1ZWVwzj8pdDJuweohFXa1UFcQXC3~lcU6B2RwJIIGLmMPH-OCqdYbVy6cCfJDp5ZhCvl~mJg4l9sdusLWgScr5O.ODplm-I51Lv-PaQA_iv5ZYCG1H
2025-09-10 23:47:06,115 DEBUG    requests_oauthlib.oauth2_session Request to fetch token completed with status 200.
2025-09-10 23:47:06,115 DEBUG    requests_oauthlib.oauth2_session Request headers were {'user-agent': b'google-cloud-sdk gcloud/538.0.0 command/gcloud.auth.login invocation-id/2bb57777b9b94097bfd8b1580eb76cf1 environment/None environment-version/None client-os/MACOSX client-os-ver/24.6.0 client-pltf-arch/arm interactive/True from-script/False python/3.12.11 term/xterm-256color (Macintosh; Intel Mac OS X 24.6.0)', 'Accept-Encoding': 'gzip, deflate', 'Accept': b'application/json', 'Connection': 'keep-alive', 'Content-Type': b'application/x-www-form-urlencoded;charset=UTF-8', 'Content-Length': '387'}
2025-09-10 23:47:06,116 DEBUG    requests_oauthlib.oauth2_session Request body was grant_type=authorization_code&client_id=32555940559.apps.googleusercontent.com&client_secret=ZmssLNjJy2998hD4CTg2ejr2&code=4%2F0AVMBsJja4hnrXF0MuxDh5BkFhMYJAF0zrKJ7I5PkkG3JTufGnvoEB4y81HyybR7dV5Mx7w&redirect_uri=http%3A%2F%2Flocalhost%3A8085%2F&code_verifier=lZ9cNm3f-Shv4C1ZWVwzj8pdDJuweohFXa1UFcQXC3~lcU6B2RwJIIGLmMPH-OCqdYbVy6cCfJDp5ZhCvl~mJg4l9sdusLWgScr5O.ODplm-I51Lv-PaQA_iv5ZYCG1H
2025-09-10 23:47:06,116 DEBUG    requests_oauthlib.oauth2_session Response headers were {'Date': 'Wed, 10 Sep 2025 20:47:06 GMT', 'Pragma': 'no-cache', 'Expires': 'Mon, 01 Jan 1990 00:00:00 GMT', 'Cache-Control': 'no-cache, no-store, max-age=0, must-revalidate', 'Content-Type': 'application/json; charset=utf-8', 'Vary': 'Origin, X-Origin, Referer', 'Content-Encoding': 'gzip', 'Server': 'scaffolding on HTTPServer2', 'X-XSS-Protection': '0', 'X-Frame-Options': 'SAMEORIGIN', 'X-Content-Type-Options': 'nosniff', 'Alt-Svc': 'h3=":443"; ma=2592000,h3-29=":443"; ma=2592000', 'Transfer-Encoding': 'chunked'} and content {
  "access_token": "ya29.a0AS3H6NwedLt-ExWDOHKzc-tZZCDjbR4ZR64TA9G0-oMhSdCcqlvp85yMLHddznJeKEeGpzVaTgEVFYRQnFtNDgsfJm0OC8S2L-cxLngwWRi7j0qgfeFJ4CGp1nO8b658utaHwfkcT9qJroOH3pIi3h59OtY1ejgjk0Vo4vBn5NIqScMfodUfoY-ZCtqfieIrfAw8olBdz3_DaCgYKAXMSARMSFQHGX2MiUXKzCgmGuMgGsF5IL63LjA0211",
  "expires_in": 3599,
  "refresh_token": "1//03PC9Qg6RRrbuCgYIARAAGAMSNwF-L9IrWs40wuoxpm-vxlKa_I1I63yBs__bh7O5-hJGoTJR8sIVIukAXQFKfO5IMY7X807VLSY",
  "scope": "https://www.googleapis.com/auth/cloud-platform https://www.googleapis.com/auth/userinfo.email https://www.googleapis.com/auth/compute https://www.googleapis.com/auth/appengine.admin https://www.googleapis.com/auth/sqlservice.login https://www.googleapis.com/auth/accounts.reauth openid",
  "token_type": "Bearer",
  "id_token": "eyJhbGciOiJSUzI1NiIsImtpZCI6IjljNjI1MTU4Nzk1MDg0NGE2NTZiZTM1NjNkOGM1YmQ2Zjg5NGM0MDciLCJ0eXAiOiJKV1QifQ.eyJpc3MiOiJodHRwczovL2FjY291bnRzLmdvb2dsZS5jb20iLCJhenAiOiIzMjU1NTk0MDU1OS5hcHBzLmdvb2dsZXVzZXJjb250ZW50LmNvbSIsImF1ZCI6IjMyNTU1OTQwNTU5LmFwcHMuZ29vZ2xldXNlcmNvbnRlbnQuY29tIiwic3ViIjoiMTAyNzI4MDAzNzc3MDc5NzI5MjQ2IiwiZW1haWwiOiJoYW51ZGFuaUBnbWFpbC5jb20iLCJlbWFpbF92ZXJpZmllZCI6dHJ1ZSwiYXRfaGFzaCI6IkoxWEd3S2FmZVBNdHA0dVFhczd5U2ciLCJpYXQiOjE3NTc1MzcyMjYsImV4cCI6MTc1NzU0MDgyNn0.03EJPwdNSbMuiwjVdxwoBjEN0hS692LthFA-9wpv3UvihrFwZvCkP_r83KwfPlbBRbYOc4IvcxIBy7oMYAT0zptN9QbVINDNm4incqam1Wpm4zgcJxF4zo-shHEgYQNgIp42vweKiw08GsTdcMQ0UJ3CskhZfrmRpnBKJ2GqXKLE0X7nc1AuJj8eezJv6lMdHsfkVWRcTOJoSebMmbDMBx6ClMODkfRTu0GUSr7TLtiqH1rCaX47_blH88zVhBkUwMu7FzR3kEkyMo8qRaSn-yz2GXfJgYoZzMaOats8m_2xk66YBjoOgZNLtU2RNVjXQbRnuR1uNmq_zgiqKwvzwg"
}.
2025-09-10 23:47:06,116 DEBUG    requests_oauthlib.oauth2_session Invoking 0 token response hooks.
2025-09-10 23:47:06,116 DEBUG    requests_oauthlib.oauth2_session Obtained token {'access_token': 'ya29.a0AS3H6NwedLt-ExWDOHKzc-tZZCDjbR4ZR64TA9G0-oMhSdCcqlvp85yMLHddznJeKEeGpzVaTgEVFYRQnFtNDgsfJm0OC8S2L-cxLngwWRi7j0qgfeFJ4CGp1nO8b658utaHwfkcT9qJroOH3pIi3h59OtY1ejgjk0Vo4vBn5NIqScMfodUfoY-ZCtqfieIrfAw8olBdz3_DaCgYKAXMSARMSFQHGX2MiUXKzCgmGuMgGsF5IL63LjA0211', 'expires_in': 3599, 'refresh_token': '1//03PC9Qg6RRrbuCgYIARAAGAMSNwF-L9IrWs40wuoxpm-vxlKa_I1I63yBs__bh7O5-hJGoTJR8sIVIukAXQFKfO5IMY7X807VLSY', 'scope': ['https://www.googleapis.com/auth/cloud-platform', 'https://www.googleapis.com/auth/userinfo.email', 'https://www.googleapis.com/auth/compute', 'https://www.googleapis.com/auth/appengine.admin', 'https://www.googleapis.com/auth/sqlservice.login', 'https://www.googleapis.com/auth/accounts.reauth', 'openid'], 'token_type': 'Bearer', 'id_token': 'eyJhbGciOiJSUzI1NiIsImtpZCI6IjljNjI1MTU4Nzk1MDg0NGE2NTZiZTM1NjNkOGM1YmQ2Zjg5NGM0MDciLCJ0eXAiOiJKV1QifQ.eyJpc3MiOiJodHRwczovL2FjY291bnRzLmdvb2dsZS5jb20iLCJhenAiOiIzMjU1NTk0MDU1OS5hcHBzLmdvb2dsZXVzZXJjb250ZW50LmNvbSIsImF1ZCI6IjMyNTU1OTQwNTU5LmFwcHMuZ29vZ2xldXNlcmNvbnRlbnQuY29tIiwic3ViIjoiMTAyNzI4MDAzNzc3MDc5NzI5MjQ2IiwiZW1haWwiOiJoYW51ZGFuaUBnbWFpbC5jb20iLCJlbWFpbF92ZXJpZmllZCI6dHJ1ZSwiYXRfaGFzaCI6IkoxWEd3S2FmZVBNdHA0dVFhczd5U2ciLCJpYXQiOjE3NTc1MzcyMjYsImV4cCI6MTc1NzU0MDgyNn0.03EJPwdNSbMuiwjVdxwoBjEN0hS692LthFA-9wpv3UvihrFwZvCkP_r83KwfPlbBRbYOc4IvcxIBy7oMYAT0zptN9QbVINDNm4incqam1Wpm4zgcJxF4zo-shHEgYQNgIp42vweKiw08GsTdcMQ0UJ3CskhZfrmRpnBKJ2GqXKLE0X7nc1AuJj8eezJv6lMdHsfkVWRcTOJoSebMmbDMBx6ClMODkfRTu0GUSr7TLtiqH1rCaX47_blH88zVhBkUwMu7FzR3kEkyMo8qRaSn-yz2GXfJgYoZzMaOats8m_2xk66YBjoOgZNLtU2RNVjXQbRnuR1uNmq_zgiqKwvzwg', 'expires_at': 1757540825.1166441}.
2025-09-10 23:47:06,133 INFO     ___FILE_ONLY___ 
You are now logged in as [hanudani@gmail.com].
Your current project is [lionspace].  You can change this setting by running:
  $ gcloud config set project PROJECT_ID

2025-09-10 23:47:06,133 DEBUG    root            Chosen display Format:none
2025-09-10 23:47:06,134 INFO     root            Display format: "none"
