2025-09-10 23:59:24,720 DEBUG    root            Loaded Command Group: ['gcloud', 'billing']
2025-09-10 23:59:24,720 DEBUG    root            Loaded Command Group: ['gcloud', 'billing', 'projects']
2025-09-10 23:59:24,721 DEBUG    root            Loaded Command Group: ['gcloud', 'billing', 'projects', 'describe']
2025-09-10 23:59:24,722 DEBUG    root            Running [gcloud.billing.projects.describe] with arguments: [PROJECT_ID: "storied-line-441012-q1"]
2025-09-10 23:59:24,734 DEBUG    urllib3.connectionpool Starting new HTTPS connection (1): cloudbilling.googleapis.com:443
2025-09-10 23:59:25,163 DEBUG    urllib3.connectionpool https://cloudbilling.googleapis.com:443 "GET /v1/projects/storied-line-441012-q1/billingInfo?alt=json HTTP/11" 200 None
2025-09-10 23:59:25,163 DEBUG    root            Chosen display Format:default
2025-09-10 23:59:25,164 INFO     root            Display format: "default"
2025-09-10 23:59:25,170 INFO     ___FILE_ONLY___ billingAccountName
2025-09-10 23:59:25,170 INFO     ___FILE_ONLY___ :
2025-09-10 23:59:25,170 INFO     ___FILE_ONLY___  
2025-09-10 23:59:25,170 INFO     ___FILE_ONLY___ billingAccounts/015F38-D19F46-0B1ABA
2025-09-10 23:59:25,170 INFO     ___FILE_ONLY___ 

2025-09-10 23:59:25,170 INFO     ___FILE_ONLY___ billingEnabled
2025-09-10 23:59:25,170 INFO     ___FILE_ONLY___ :
2025-09-10 23:59:25,170 INFO     ___FILE_ONLY___  
2025-09-10 23:59:25,170 INFO     ___FILE_ONLY___ true
2025-09-10 23:59:25,170 INFO     ___FILE_ONLY___ 

2025-09-10 23:59:25,170 INFO     ___FILE_ONLY___ name
2025-09-10 23:59:25,170 INFO     ___FILE_ONLY___ :
2025-09-10 23:59:25,170 INFO     ___FILE_ONLY___  
2025-09-10 23:59:25,170 INFO     ___FILE_ONLY___ projects/storied-line-441012-q1/billingInfo
2025-09-10 23:59:25,170 INFO     ___FILE_ONLY___ 

2025-09-10 23:59:25,170 INFO     ___FILE_ONLY___ projectId
2025-09-10 23:59:25,170 INFO     ___FILE_ONLY___ :
2025-09-10 23:59:25,170 INFO     ___FILE_ONLY___  
2025-09-10 23:59:25,170 INFO     ___FILE_ONLY___ storied-line-441012-q1
2025-09-10 23:59:25,170 INFO     ___FILE_ONLY___ 

