2025-09-10 23:59:31,052 DEBUG    root            Loaded Command Group: ['gcloud', 'billing']
2025-09-10 23:59:31,053 DEBUG    root            Loaded Command Group: ['gcloud', 'billing', 'projects']
2025-09-10 23:59:31,054 DEBUG    root            Loaded Command Group: ['gcloud', 'billing', 'projects', 'describe']
2025-09-10 23:59:31,054 DEBUG    root            Running [gcloud.billing.projects.describe] with arguments: [PROJECT_ID: "flash-ivy-02mzq"]
2025-09-10 23:59:31,067 DEBUG    urllib3.connectionpool Starting new HTTPS connection (1): cloudbilling.googleapis.com:443
2025-09-10 23:59:31,922 DEBUG    urllib3.connectionpool https://cloudbilling.googleapis.com:443 "GET /v1/projects/flash-ivy-02mzq/billingInfo?alt=json HTTP/11" 200 None
2025-09-10 23:59:31,922 DEBUG    root            Chosen display Format:default
2025-09-10 23:59:31,922 INFO     root            Display format: "default"
2025-09-10 23:59:31,928 INFO     ___FILE_ONLY___ billingAccountName
2025-09-10 23:59:31,929 INFO     ___FILE_ONLY___ :
2025-09-10 23:59:31,929 INFO     ___FILE_ONLY___  
2025-09-10 23:59:31,929 INFO     ___FILE_ONLY___ billingAccounts/0157BB-53599C-7D705E
2025-09-10 23:59:31,929 INFO     ___FILE_ONLY___ 

2025-09-10 23:59:31,929 INFO     ___FILE_ONLY___ billingEnabled
2025-09-10 23:59:31,929 INFO     ___FILE_ONLY___ :
2025-09-10 23:59:31,929 INFO     ___FILE_ONLY___  
2025-09-10 23:59:31,929 INFO     ___FILE_ONLY___ true
2025-09-10 23:59:31,929 INFO     ___FILE_ONLY___ 

2025-09-10 23:59:31,929 INFO     ___FILE_ONLY___ name
2025-09-10 23:59:31,929 INFO     ___FILE_ONLY___ :
2025-09-10 23:59:31,929 INFO     ___FILE_ONLY___  
2025-09-10 23:59:31,929 INFO     ___FILE_ONLY___ projects/flash-ivy-02mzq/billingInfo
2025-09-10 23:59:31,929 INFO     ___FILE_ONLY___ 

2025-09-10 23:59:31,929 INFO     ___FILE_ONLY___ projectId
2025-09-10 23:59:31,929 INFO     ___FILE_ONLY___ :
2025-09-10 23:59:31,929 INFO     ___FILE_ONLY___  
2025-09-10 23:59:31,929 INFO     ___FILE_ONLY___ flash-ivy-02mzq
2025-09-10 23:59:31,929 INFO     ___FILE_ONLY___ 

