2025-09-10 23:59:05,684 DEBUG    root            Loaded Command Group: ['gcloud', 'billing']
2025-09-10 23:59:05,685 DEBUG    root            Loaded Command Group: ['gcloud', 'billing', 'accounts']
2025-09-10 23:59:05,686 DEBUG    root            Loaded Command Group: ['gcloud', 'billing', 'accounts', 'describe']
2025-09-10 23:59:05,686 DEBUG    root            Running [gcloud.billing.accounts.describe] with arguments: [ACCOUNT_ID: "01ECE4-27A3B3-87AA3E"]
2025-09-10 23:59:05,698 DEBUG    urllib3.connectionpool Starting new HTTPS connection (1): cloudbilling.googleapis.com:443
2025-09-10 23:59:06,118 DEBUG    urllib3.connectionpool https://cloudbilling.googleapis.com:443 "GET /v1/billingAccounts/01ECE4-27A3B3-87AA3E?alt=json HTTP/11" 200 None
2025-09-10 23:59:06,118 DEBUG    root            Chosen display Format:default
2025-09-10 23:59:06,119 INFO     root            Display format: "default"
2025-09-10 23:59:06,125 INFO     ___FILE_ONLY___ currencyCode
2025-09-10 23:59:06,125 INFO     ___FILE_ONLY___ :
2025-09-10 23:59:06,125 INFO     ___FILE_ONLY___  
2025-09-10 23:59:06,125 INFO     ___FILE_ONLY___ ILS
2025-09-10 23:59:06,125 INFO     ___FILE_ONLY___ 

2025-09-10 23:59:06,125 INFO     ___FILE_ONLY___ displayName
2025-09-10 23:59:06,125 INFO     ___FILE_ONLY___ :
2025-09-10 23:59:06,125 INFO     ___FILE_ONLY___  
2025-09-10 23:59:06,125 INFO     ___FILE_ONLY___ My
2025-09-10 23:59:06,125 INFO     ___FILE_ONLY___  
2025-09-10 23:59:06,125 INFO     ___FILE_ONLY___ Billing
2025-09-10 23:59:06,125 INFO     ___FILE_ONLY___  
2025-09-10 23:59:06,125 INFO     ___FILE_ONLY___ Account
2025-09-10 23:59:06,125 INFO     ___FILE_ONLY___  
2025-09-10 23:59:06,125 INFO     ___FILE_ONLY___ 1
2025-09-10 23:59:06,125 INFO     ___FILE_ONLY___ 

2025-09-10 23:59:06,125 INFO     ___FILE_ONLY___ masterBillingAccount
2025-09-10 23:59:06,125 INFO     ___FILE_ONLY___ :
2025-09-10 23:59:06,125 INFO     ___FILE_ONLY___  '
2025-09-10 23:59:06,125 INFO     ___FILE_ONLY___ '
2025-09-10 23:59:06,125 INFO     ___FILE_ONLY___ 

2025-09-10 23:59:06,125 INFO     ___FILE_ONLY___ name
2025-09-10 23:59:06,125 INFO     ___FILE_ONLY___ :
2025-09-10 23:59:06,125 INFO     ___FILE_ONLY___  
2025-09-10 23:59:06,125 INFO     ___FILE_ONLY___ billingAccounts/01ECE4-27A3B3-87AA3E
2025-09-10 23:59:06,125 INFO     ___FILE_ONLY___ 

2025-09-10 23:59:06,125 INFO     ___FILE_ONLY___ open
2025-09-10 23:59:06,126 INFO     ___FILE_ONLY___ :
2025-09-10 23:59:06,126 INFO     ___FILE_ONLY___  
2025-09-10 23:59:06,126 INFO     ___FILE_ONLY___ false
2025-09-10 23:59:06,126 INFO     ___FILE_ONLY___ 

2025-09-10 23:59:06,126 INFO     ___FILE_ONLY___ parent
2025-09-10 23:59:06,126 INFO     ___FILE_ONLY___ :
2025-09-10 23:59:06,126 INFO     ___FILE_ONLY___  
2025-09-10 23:59:06,126 INFO     ___FILE_ONLY___ organizations/985698468107
2025-09-10 23:59:06,126 INFO     ___FILE_ONLY___ 

