2025-09-16 00:27:20,848 DEBUG    root            Loaded Command Group: ['gcloud', 'auth']
2025-09-16 00:27:20,850 DEBUG    root            Loaded Command Group: ['gcloud', 'auth', 'login']
2025-09-16 00:27:20,851 DEBUG    root            Running [gcloud.auth.login] with arguments: []
2025-09-16 00:27:20,887 DEBUG    requests_oauthlib.oauth2_session Generated new state clCCweEEcFrTER7ynAOHinNSEGWD0w.
2025-09-16 00:27:20,979 INFO     ___FILE_ONLY___ Your browser has been opened to visit:

    https://accounts.google.com/o/oauth2/auth?response_type=code&client_id=32555940559.apps.googleusercontent.com&redirect_uri=http%3A%2F%2Flocalhost%3A8085%2F&scope=openid+https%3A%2F%2Fwww.googleapis.com%2Fauth%2Fuserinfo.email+https%3A%2F%2Fwww.googleapis.com%2Fauth%2Fcloud-platform+https%3A%2F%2Fwww.googleapis.com%2Fauth%2Fappengine.admin+https%3A%2F%2Fwww.googleapis.com%2Fauth%2Fsqlservice.login+https%3A%2F%2Fwww.googleapis.com%2Fauth%2Fcompute+https%3A%2F%2Fwww.googleapis.com%2Fauth%2Faccounts.reauth&state=clCCweEEcFrTER7ynAOHinNSEGWD0w&access_type=offline&code_challenge=UST3bjWhocEmmFEQt-LbiROEbVmVTFMbaPfX7CPYMHM&code_challenge_method=S256


2025-09-16 00:28:01,776 INFO     google_auth_oauthlib.flow "GET /?state=clCCweEEcFrTER7ynAOHinNSEGWD0w&code=4/0AVGzR1CpQIgqCLgJ14-eEQifVIsflqELb4kvslR2wBhBdMd0pU0QIEs1ADQhD5jxDGb-Sw&scope=email%20openid%20https://www.googleapis.com/auth/userinfo.email%20https://www.googleapis.com/auth/cloud-platform%20https://www.googleapis.com/auth/appengine.admin%20https://www.googleapis.com/auth/sqlservice.login%20https://www.googleapis.com/auth/compute%20https://www.googleapis.com/auth/accounts.reauth&authuser=1&hd=lionsofzion-official.org&prompt=consent HTTP/1.1" 200 937
2025-09-16 00:28:01,776 DEBUG    requests_oauthlib.oauth2_session Requesting url https://oauth2.googleapis.com/token using method POST.
2025-09-16 00:28:01,777 DEBUG    requests_oauthlib.oauth2_session Supplying headers {b'Accept': b'application/json', b'Content-Type': b'application/x-www-form-urlencoded;charset=UTF-8', b'user-agent': b'google-cloud-sdk gcloud/538.0.0 command/gcloud.auth.login invocation-id/96178d7e51f142098e34576a82e5af3c environment/None environment-version/None client-os/MACOSX client-os-ver/24.6.0 client-pltf-arch/arm interactive/True from-script/False python/3.12.11 term/xterm-256color (Macintosh; Intel Mac OS X 24.6.0)'} and data {'grant_type': 'authorization_code', 'client_id': '32555940559.apps.googleusercontent.com', 'client_secret': 'ZmssLNjJy2998hD4CTg2ejr2', 'code': '4/0AVGzR1CpQIgqCLgJ14-eEQifVIsflqELb4kvslR2wBhBdMd0pU0QIEs1ADQhD5jxDGb-Sw', 'redirect_uri': 'http://localhost:8085/', 'code_verifier': 'nPZ21YWPTbWn7mXjW7AuFyAwMjG1eoZ0j_tgChKMnZ7qCHov9CsFRmTQNkJx9zITXjjBGXUjjnvr.TIXp.SMzKAK_Jd~hVyBmdUH~rfDFahNJe1f.X7mu4~96kRxny-P'}
2025-09-16 00:28:01,777 DEBUG    requests_oauthlib.oauth2_session Passing through key word arguments {'json': None, 'timeout': None, 'auth': None, 'verify': None, 'proxies': None}.
2025-09-16 00:28:01,782 DEBUG    urllib3.connectionpool Starting new HTTPS connection (1): oauth2.googleapis.com:443
2025-09-16 00:28:02,083 DEBUG    urllib3.connectionpool https://oauth2.googleapis.com:443 "POST /token HTTP/11" 200 None
2025-09-16 00:28:02,084 DEBUG    requests_oauthlib.oauth2_session Prepared fetch token request body grant_type=authorization_code&client_id=32555940559.apps.googleusercontent.com&client_secret=ZmssLNjJy2998hD4CTg2ejr2&code=4%2F0AVGzR1CpQIgqCLgJ14-eEQifVIsflqELb4kvslR2wBhBdMd0pU0QIEs1ADQhD5jxDGb-Sw&redirect_uri=http%3A%2F%2Flocalhost%3A8085%2F&code_verifier=nPZ21YWPTbWn7mXjW7AuFyAwMjG1eoZ0j_tgChKMnZ7qCHov9CsFRmTQNkJx9zITXjjBGXUjjnvr.TIXp.SMzKAK_Jd~hVyBmdUH~rfDFahNJe1f.X7mu4~96kRxny-P
2025-09-16 00:28:02,084 DEBUG    requests_oauthlib.oauth2_session Request to fetch token completed with status 200.
2025-09-16 00:28:02,084 DEBUG    requests_oauthlib.oauth2_session Request headers were {'user-agent': b'google-cloud-sdk gcloud/538.0.0 command/gcloud.auth.login invocation-id/96178d7e51f142098e34576a82e5af3c environment/None environment-version/None client-os/MACOSX client-os-ver/24.6.0 client-pltf-arch/arm interactive/True from-script/False python/3.12.11 term/xterm-256color (Macintosh; Intel Mac OS X 24.6.0)', 'Accept-Encoding': 'gzip, deflate', 'Accept': b'application/json', 'Connection': 'keep-alive', 'Content-Type': b'application/x-www-form-urlencoded;charset=UTF-8', 'Content-Length': '387'}
2025-09-16 00:28:02,084 DEBUG    requests_oauthlib.oauth2_session Request body was grant_type=authorization_code&client_id=32555940559.apps.googleusercontent.com&client_secret=ZmssLNjJy2998hD4CTg2ejr2&code=4%2F0AVGzR1CpQIgqCLgJ14-eEQifVIsflqELb4kvslR2wBhBdMd0pU0QIEs1ADQhD5jxDGb-Sw&redirect_uri=http%3A%2F%2Flocalhost%3A8085%2F&code_verifier=nPZ21YWPTbWn7mXjW7AuFyAwMjG1eoZ0j_tgChKMnZ7qCHov9CsFRmTQNkJx9zITXjjBGXUjjnvr.TIXp.SMzKAK_Jd~hVyBmdUH~rfDFahNJe1f.X7mu4~96kRxny-P
2025-09-16 00:28:02,084 DEBUG    requests_oauthlib.oauth2_session Response headers were {'Cache-Control': 'no-cache, no-store, max-age=0, must-revalidate', 'Expires': 'Mon, 01 Jan 1990 00:00:00 GMT', 'Date': 'Mon, 15 Sep 2025 21:28:02 GMT', 'Pragma': 'no-cache', 'Content-Type': 'application/json; charset=utf-8', 'Vary': 'Origin, X-Origin, Referer', 'Content-Encoding': 'gzip', 'Server': 'scaffolding on HTTPServer2', 'X-XSS-Protection': '0', 'X-Frame-Options': 'SAMEORIGIN', 'X-Content-Type-Options': 'nosniff', 'Alt-Svc': 'h3=":443"; ma=2592000,h3-29=":443"; ma=2592000', 'Transfer-Encoding': 'chunked'} and content {
  "access_token": "ya29.a0AS3H6NzpLThQ_U7AMOfH2aCHr0mTH50UNHCRKsxp741SenkjjAkq88T8JUY-qjtv1E0M7HzTAnZVjJbtUiySAAMuH3M07RWuIKv4AmcBeZh3MdTqwLzPbCKz4Zyrl50AUTQcnPSaJHdUBoMk74Lf9sUOaImqVJ2HSZ_6YxJ0xbR6R4PLLUTQHxoBEnZJnXPbAz4gYr-voWz8aCgYKAS4SARESFQHGX2Mio-p0YeRek--g-9Thxg6TOQ0211",
  "expires_in": 3599,
  "refresh_token": "1//03qIwXvpQGFU2CgYIARAAGAMSNwF-L9IrSTXtCqVCu8YZD88EdfQw6lxiZd4OcRO4UB3lfUEKkwwyB2eCxWRfT5kWt--6xorJUgU",
  "scope": "https://www.googleapis.com/auth/compute https://www.googleapis.com/auth/cloud-platform https://www.googleapis.com/auth/appengine.admin https://www.googleapis.com/auth/sqlservice.login https://www.googleapis.com/auth/userinfo.email openid https://www.googleapis.com/auth/accounts.reauth",
  "token_type": "Bearer",
  "id_token": "eyJhbGciOiJSUzI1NiIsImtpZCI6IjA3ZjA3OGYyNjQ3ZThjZDAxOWM0MGRhOTU2OWU0ZjUyNDc5OTEwOTQiLCJ0eXAiOiJKV1QifQ.eyJpc3MiOiJodHRwczovL2FjY291bnRzLmdvb2dsZS5jb20iLCJhenAiOiIzMjU1NTk0MDU1OS5hcHBzLmdvb2dsZXVzZXJjb250ZW50LmNvbSIsImF1ZCI6IjMyNTU1OTQwNTU5LmFwcHMuZ29vZ2xldXNlcmNvbnRlbnQuY29tIiwic3ViIjoiMTE1NDk2NzY1MTU2NjcyMjg3NzYyIiwiaGQiOiJsaW9uc29memlvbi1vZmZpY2lhbC5vcmciLCJlbWFpbCI6ImFkbWluQGxpb25zb2Z6aW9uLW9mZmljaWFsLm9yZyIsImVtYWlsX3ZlcmlmaWVkIjp0cnVlLCJhdF9oYXNoIjoidnBHQ1hRM1dwT0JIWkFpeXdZMHFYZyIsImlhdCI6MTc1Nzk3MTY4MiwiZXhwIjoxNzU3OTc1MjgyfQ.ZrHIfgzqgOMJzBQsGHoYXHfs_Cc6uWiDZq9gYEoeMnEeoNNxMS8sOX8iaVbbC0XtS7ildJMoMNXVPy0CaIqAuaN7YCT8yM-e_7fax_iqK6rthx-Zik-AJ8QsJtkbFZpX1uDaQI4LFOpJv6f-N1Vd8bT1KvdDw4VXqA609BrcT5KI0OFsLQ5l6dpz3NCWsPDSEYtwqgHcRkUG8UXj7MUkjAf0RVAwlRGJJyYjkJ-8N6XF5WCtGvbjYp6ZP_q6TUA5bTmz3vvyAlDim52hzApCR9aZKPeJECxgaIorg27ZNx4VPV1LhYkkkwzjSHmtAGs2g4wVYt_qTJwsC9JfJ3wxOQ"
}.
2025-09-16 00:28:02,084 DEBUG    requests_oauthlib.oauth2_session Invoking 0 token response hooks.
2025-09-16 00:28:02,085 DEBUG    requests_oauthlib.oauth2_session Obtained token {'access_token': 'ya29.a0AS3H6NzpLThQ_U7AMOfH2aCHr0mTH50UNHCRKsxp741SenkjjAkq88T8JUY-qjtv1E0M7HzTAnZVjJbtUiySAAMuH3M07RWuIKv4AmcBeZh3MdTqwLzPbCKz4Zyrl50AUTQcnPSaJHdUBoMk74Lf9sUOaImqVJ2HSZ_6YxJ0xbR6R4PLLUTQHxoBEnZJnXPbAz4gYr-voWz8aCgYKAS4SARESFQHGX2Mio-p0YeRek--g-9Thxg6TOQ0211', 'expires_in': 3599, 'refresh_token': '1//03qIwXvpQGFU2CgYIARAAGAMSNwF-L9IrSTXtCqVCu8YZD88EdfQw6lxiZd4OcRO4UB3lfUEKkwwyB2eCxWRfT5kWt--6xorJUgU', 'scope': ['https://www.googleapis.com/auth/compute', 'https://www.googleapis.com/auth/cloud-platform', 'https://www.googleapis.com/auth/appengine.admin', 'https://www.googleapis.com/auth/sqlservice.login', 'https://www.googleapis.com/auth/userinfo.email', 'openid', 'https://www.googleapis.com/auth/accounts.reauth'], 'token_type': 'Bearer', 'id_token': 'eyJhbGciOiJSUzI1NiIsImtpZCI6IjA3ZjA3OGYyNjQ3ZThjZDAxOWM0MGRhOTU2OWU0ZjUyNDc5OTEwOTQiLCJ0eXAiOiJKV1QifQ.eyJpc3MiOiJodHRwczovL2FjY291bnRzLmdvb2dsZS5jb20iLCJhenAiOiIzMjU1NTk0MDU1OS5hcHBzLmdvb2dsZXVzZXJjb250ZW50LmNvbSIsImF1ZCI6IjMyNTU1OTQwNTU5LmFwcHMuZ29vZ2xldXNlcmNvbnRlbnQuY29tIiwic3ViIjoiMTE1NDk2NzY1MTU2NjcyMjg3NzYyIiwiaGQiOiJsaW9uc29memlvbi1vZmZpY2lhbC5vcmciLCJlbWFpbCI6ImFkbWluQGxpb25zb2Z6aW9uLW9mZmljaWFsLm9yZyIsImVtYWlsX3ZlcmlmaWVkIjp0cnVlLCJhdF9oYXNoIjoidnBHQ1hRM1dwT0JIWkFpeXdZMHFYZyIsImlhdCI6MTc1Nzk3MTY4MiwiZXhwIjoxNzU3OTc1MjgyfQ.ZrHIfgzqgOMJzBQsGHoYXHfs_Cc6uWiDZq9gYEoeMnEeoNNxMS8sOX8iaVbbC0XtS7ildJMoMNXVPy0CaIqAuaN7YCT8yM-e_7fax_iqK6rthx-Zik-AJ8QsJtkbFZpX1uDaQI4LFOpJv6f-N1Vd8bT1KvdDw4VXqA609BrcT5KI0OFsLQ5l6dpz3NCWsPDSEYtwqgHcRkUG8UXj7MUkjAf0RVAwlRGJJyYjkJ-8N6XF5WCtGvbjYp6ZP_q6TUA5bTmz3vvyAlDim52hzApCR9aZKPeJECxgaIorg27ZNx4VPV1LhYkkkwzjSHmtAGs2g4wVYt_qTJwsC9JfJ3wxOQ', 'expires_at': 1757975281.0850492}.
2025-09-16 00:28:02,097 INFO     ___FILE_ONLY___ 
You are now logged in as [admin@lionsofzion-official.org].
Your current project is [lionsofzion-bcc4a].  You can change this setting by running:
  $ gcloud config set project PROJECT_ID

2025-09-16 00:28:02,098 DEBUG    root            Chosen display Format:none
2025-09-16 00:28:02,098 INFO     root            Display format: "none"
