2025-09-16 01:33:40,984 DEBUG    root            Loaded Command Group: ['gcloud', 'projects']
2025-09-16 01:33:40,993 DEBUG    root            Loaded Command Group: ['gcloud', 'projects', 'add_iam_policy_binding']
2025-09-16 01:33:40,996 DEBUG    root            Running [gcloud.projects.add-iam-policy-binding] with arguments: [--member: "user:admin@lionsofzion-official.org", --role: "roles/owner", PROJECT_ID: "lionsxagent"]
2025-09-16 01:33:41,007 DEBUG    urllib3.connectionpool Starting new HTTPS connection (1): cloudresourcemanager.googleapis.com:443
2025-09-16 01:33:42,196 DEBUG    urllib3.connectionpool https://cloudresourcemanager.googleapis.com:443 "POST /v1/projects/lionsxagent:getIamPolicy?alt=json HTTP/11" 200 None
2025-09-16 01:33:42,211 DEBUG    urllib3.connectionpool Starting new HTTPS connection (1): cloudresourcemanager.googleapis.com:443
2025-09-16 01:33:44,240 DEBUG    urllib3.connectionpool https://cloudresourcemanager.googleapis.com:443 "POST /v1/projects/lionsxagent:setIamPolicy?alt=json HTTP/11" 200 None
2025-09-16 01:33:44,243 INFO     ___FILE_ONLY___ Updated IAM policy for project [lionsxagent].

2025-09-16 01:33:44,243 DEBUG    root            Chosen display Format:default
2025-09-16 01:33:44,244 INFO     root            Display format: "default"
2025-09-16 01:33:44,260 INFO     ___FILE_ONLY___ bindings
2025-09-16 01:33:44,260 INFO     ___FILE_ONLY___ :
2025-09-16 01:33:44,260 INFO     ___FILE_ONLY___ 

2025-09-16 01:33:44,261 INFO     ___FILE_ONLY___ -
2025-09-16 01:33:44,261 INFO     ___FILE_ONLY___  
2025-09-16 01:33:44,261 INFO     ___FILE_ONLY___ members
2025-09-16 01:33:44,261 INFO     ___FILE_ONLY___ :
2025-09-16 01:33:44,261 INFO     ___FILE_ONLY___ 

2025-09-16 01:33:44,261 INFO     ___FILE_ONLY___   
2025-09-16 01:33:44,261 INFO     ___FILE_ONLY___ -
2025-09-16 01:33:44,261 INFO     ___FILE_ONLY___  
2025-09-16 01:33:44,261 INFO     ___FILE_ONLY___ serviceAccount:46234075185@cloudbuild.gserviceaccount.com
2025-09-16 01:33:44,261 INFO     ___FILE_ONLY___ 

2025-09-16 01:33:44,261 INFO     ___FILE_ONLY___   
2025-09-16 01:33:44,261 INFO     ___FILE_ONLY___ role
2025-09-16 01:33:44,261 INFO     ___FILE_ONLY___ :
2025-09-16 01:33:44,261 INFO     ___FILE_ONLY___  
2025-09-16 01:33:44,261 INFO     ___FILE_ONLY___ roles/cloudbuild.builds.builder
2025-09-16 01:33:44,261 INFO     ___FILE_ONLY___ 

2025-09-16 01:33:44,261 INFO     ___FILE_ONLY___ -
2025-09-16 01:33:44,261 INFO     ___FILE_ONLY___  
2025-09-16 01:33:44,261 INFO     ___FILE_ONLY___ members
2025-09-16 01:33:44,261 INFO     ___FILE_ONLY___ :
2025-09-16 01:33:44,261 INFO     ___FILE_ONLY___ 

2025-09-16 01:33:44,261 INFO     ___FILE_ONLY___   
2025-09-16 01:33:44,261 INFO     ___FILE_ONLY___ -
2025-09-16 01:33:44,261 INFO     ___FILE_ONLY___  
2025-09-16 01:33:44,261 INFO     ___FILE_ONLY___ serviceAccount:service-46234075185@gcp-sa-cloudbuild.iam.gserviceaccount.com
2025-09-16 01:33:44,261 INFO     ___FILE_ONLY___ 

2025-09-16 01:33:44,261 INFO     ___FILE_ONLY___   
2025-09-16 01:33:44,261 INFO     ___FILE_ONLY___ role
2025-09-16 01:33:44,261 INFO     ___FILE_ONLY___ :
2025-09-16 01:33:44,261 INFO     ___FILE_ONLY___  
2025-09-16 01:33:44,261 INFO     ___FILE_ONLY___ roles/cloudbuild.serviceAgent
2025-09-16 01:33:44,261 INFO     ___FILE_ONLY___ 

2025-09-16 01:33:44,261 INFO     ___FILE_ONLY___ -
2025-09-16 01:33:44,261 INFO     ___FILE_ONLY___  
2025-09-16 01:33:44,261 INFO     ___FILE_ONLY___ members
2025-09-16 01:33:44,261 INFO     ___FILE_ONLY___ :
2025-09-16 01:33:44,261 INFO     ___FILE_ONLY___ 

2025-09-16 01:33:44,261 INFO     ___FILE_ONLY___   
2025-09-16 01:33:44,261 INFO     ___FILE_ONLY___ -
2025-09-16 01:33:44,261 INFO     ___FILE_ONLY___  
2025-09-16 01:33:44,261 INFO     ___FILE_ONLY___ serviceAccount:service-46234075185@compute-system.iam.gserviceaccount.com
2025-09-16 01:33:44,262 INFO     ___FILE_ONLY___ 

2025-09-16 01:33:44,262 INFO     ___FILE_ONLY___   
2025-09-16 01:33:44,262 INFO     ___FILE_ONLY___ role
2025-09-16 01:33:44,262 INFO     ___FILE_ONLY___ :
2025-09-16 01:33:44,262 INFO     ___FILE_ONLY___  
2025-09-16 01:33:44,262 INFO     ___FILE_ONLY___ roles/compute.serviceAgent
2025-09-16 01:33:44,262 INFO     ___FILE_ONLY___ 

2025-09-16 01:33:44,262 INFO     ___FILE_ONLY___ -
2025-09-16 01:33:44,262 INFO     ___FILE_ONLY___  
2025-09-16 01:33:44,262 INFO     ___FILE_ONLY___ members
2025-09-16 01:33:44,262 INFO     ___FILE_ONLY___ :
2025-09-16 01:33:44,262 INFO     ___FILE_ONLY___ 

2025-09-16 01:33:44,262 INFO     ___FILE_ONLY___   
2025-09-16 01:33:44,262 INFO     ___FILE_ONLY___ -
2025-09-16 01:33:44,262 INFO     ___FILE_ONLY___  
2025-09-16 01:33:44,262 INFO     ___FILE_ONLY___ serviceAccount:service-46234075185@container-engine-robot.iam.gserviceaccount.com
2025-09-16 01:33:44,262 INFO     ___FILE_ONLY___ 

2025-09-16 01:33:44,262 INFO     ___FILE_ONLY___   
2025-09-16 01:33:44,262 INFO     ___FILE_ONLY___ role
2025-09-16 01:33:44,262 INFO     ___FILE_ONLY___ :
2025-09-16 01:33:44,262 INFO     ___FILE_ONLY___  
2025-09-16 01:33:44,262 INFO     ___FILE_ONLY___ roles/container.serviceAgent
2025-09-16 01:33:44,262 INFO     ___FILE_ONLY___ 

2025-09-16 01:33:44,262 INFO     ___FILE_ONLY___ -
2025-09-16 01:33:44,262 INFO     ___FILE_ONLY___  
2025-09-16 01:33:44,262 INFO     ___FILE_ONLY___ members
2025-09-16 01:33:44,262 INFO     ___FILE_ONLY___ :
2025-09-16 01:33:44,262 INFO     ___FILE_ONLY___ 

2025-09-16 01:33:44,262 INFO     ___FILE_ONLY___   
2025-09-16 01:33:44,262 INFO     ___FILE_ONLY___ -
2025-09-16 01:33:44,262 INFO     ___FILE_ONLY___  
2025-09-16 01:33:44,262 INFO     ___FILE_ONLY___ serviceAccount:service-46234075185@containerregistry.iam.gserviceaccount.com
2025-09-16 01:33:44,262 INFO     ___FILE_ONLY___ 

2025-09-16 01:33:44,262 INFO     ___FILE_ONLY___   
2025-09-16 01:33:44,262 INFO     ___FILE_ONLY___ role
2025-09-16 01:33:44,262 INFO     ___FILE_ONLY___ :
2025-09-16 01:33:44,262 INFO     ___FILE_ONLY___  
2025-09-16 01:33:44,262 INFO     ___FILE_ONLY___ roles/containerregistry.ServiceAgent
2025-09-16 01:33:44,262 INFO     ___FILE_ONLY___ 

2025-09-16 01:33:44,262 INFO     ___FILE_ONLY___ -
2025-09-16 01:33:44,262 INFO     ___FILE_ONLY___  
2025-09-16 01:33:44,262 INFO     ___FILE_ONLY___ members
2025-09-16 01:33:44,262 INFO     ___FILE_ONLY___ :
2025-09-16 01:33:44,262 INFO     ___FILE_ONLY___ 

2025-09-16 01:33:44,262 INFO     ___FILE_ONLY___   
2025-09-16 01:33:44,262 INFO     ___FILE_ONLY___ -
2025-09-16 01:33:44,262 INFO     ___FILE_ONLY___  
2025-09-16 01:33:44,262 INFO     ___FILE_ONLY___ serviceAccount:46234075185@cloudservices.gserviceaccount.com
2025-09-16 01:33:44,263 INFO     ___FILE_ONLY___ 

2025-09-16 01:33:44,263 INFO     ___FILE_ONLY___   
2025-09-16 01:33:44,263 INFO     ___FILE_ONLY___ role
2025-09-16 01:33:44,263 INFO     ___FILE_ONLY___ :
2025-09-16 01:33:44,263 INFO     ___FILE_ONLY___  
2025-09-16 01:33:44,263 INFO     ___FILE_ONLY___ roles/editor
2025-09-16 01:33:44,263 INFO     ___FILE_ONLY___ 

2025-09-16 01:33:44,263 INFO     ___FILE_ONLY___ -
2025-09-16 01:33:44,263 INFO     ___FILE_ONLY___  
2025-09-16 01:33:44,263 INFO     ___FILE_ONLY___ members
2025-09-16 01:33:44,263 INFO     ___FILE_ONLY___ :
2025-09-16 01:33:44,263 INFO     ___FILE_ONLY___ 

2025-09-16 01:33:44,263 INFO     ___FILE_ONLY___   
2025-09-16 01:33:44,263 INFO     ___FILE_ONLY___ -
2025-09-16 01:33:44,263 INFO     ___FILE_ONLY___  
2025-09-16 01:33:44,263 INFO     ___FILE_ONLY___ serviceAccount:service-46234075185@gcp-sa-notebooksecurityscanner.iam.gserviceaccount.com
2025-09-16 01:33:44,263 INFO     ___FILE_ONLY___ 

2025-09-16 01:33:44,263 INFO     ___FILE_ONLY___   
2025-09-16 01:33:44,263 INFO     ___FILE_ONLY___ role
2025-09-16 01:33:44,263 INFO     ___FILE_ONLY___ :
2025-09-16 01:33:44,263 INFO     ___FILE_ONLY___  
2025-09-16 01:33:44,263 INFO     ___FILE_ONLY___ roles/notebooksecurityscanner.serviceAgent
2025-09-16 01:33:44,263 INFO     ___FILE_ONLY___ 

2025-09-16 01:33:44,263 INFO     ___FILE_ONLY___ -
2025-09-16 01:33:44,263 INFO     ___FILE_ONLY___  
2025-09-16 01:33:44,263 INFO     ___FILE_ONLY___ members
2025-09-16 01:33:44,263 INFO     ___FILE_ONLY___ :
2025-09-16 01:33:44,263 INFO     ___FILE_ONLY___ 

2025-09-16 01:33:44,263 INFO     ___FILE_ONLY___   
2025-09-16 01:33:44,263 INFO     ___FILE_ONLY___ -
2025-09-16 01:33:44,263 INFO     ___FILE_ONLY___  
2025-09-16 01:33:44,263 INFO     ___FILE_ONLY___ user:Hanudani@gmail.com
2025-09-16 01:33:44,263 INFO     ___FILE_ONLY___ 

2025-09-16 01:33:44,263 INFO     ___FILE_ONLY___   
2025-09-16 01:33:44,263 INFO     ___FILE_ONLY___ -
2025-09-16 01:33:44,263 INFO     ___FILE_ONLY___  
2025-09-16 01:33:44,263 INFO     ___FILE_ONLY___ user:admin@lionsofzion-official.org
2025-09-16 01:33:44,263 INFO     ___FILE_ONLY___ 

2025-09-16 01:33:44,263 INFO     ___FILE_ONLY___   
2025-09-16 01:33:44,263 INFO     ___FILE_ONLY___ role
2025-09-16 01:33:44,263 INFO     ___FILE_ONLY___ :
2025-09-16 01:33:44,263 INFO     ___FILE_ONLY___  
2025-09-16 01:33:44,263 INFO     ___FILE_ONLY___ roles/owner
2025-09-16 01:33:44,263 INFO     ___FILE_ONLY___ 

2025-09-16 01:33:44,263 INFO     ___FILE_ONLY___ -
2025-09-16 01:33:44,263 INFO     ___FILE_ONLY___  
2025-09-16 01:33:44,263 INFO     ___FILE_ONLY___ members
2025-09-16 01:33:44,263 INFO     ___FILE_ONLY___ :
2025-09-16 01:33:44,263 INFO     ___FILE_ONLY___ 

2025-09-16 01:33:44,263 INFO     ___FILE_ONLY___   
2025-09-16 01:33:44,264 INFO     ___FILE_ONLY___ -
2025-09-16 01:33:44,264 INFO     ___FILE_ONLY___  
2025-09-16 01:33:44,264 INFO     ___FILE_ONLY___ serviceAccount:service-46234075185@gcp-sa-pubsub.iam.gserviceaccount.com
2025-09-16 01:33:44,264 INFO     ___FILE_ONLY___ 

2025-09-16 01:33:44,264 INFO     ___FILE_ONLY___   
2025-09-16 01:33:44,264 INFO     ___FILE_ONLY___ role
2025-09-16 01:33:44,264 INFO     ___FILE_ONLY___ :
2025-09-16 01:33:44,264 INFO     ___FILE_ONLY___  
2025-09-16 01:33:44,264 INFO     ___FILE_ONLY___ roles/pubsub.serviceAgent
2025-09-16 01:33:44,264 INFO     ___FILE_ONLY___ 

2025-09-16 01:33:44,264 INFO     ___FILE_ONLY___ -
2025-09-16 01:33:44,264 INFO     ___FILE_ONLY___  
2025-09-16 01:33:44,264 INFO     ___FILE_ONLY___ members
2025-09-16 01:33:44,264 INFO     ___FILE_ONLY___ :
2025-09-16 01:33:44,264 INFO     ___FILE_ONLY___ 

2025-09-16 01:33:44,264 INFO     ___FILE_ONLY___   
2025-09-16 01:33:44,264 INFO     ___FILE_ONLY___ -
2025-09-16 01:33:44,264 INFO     ___FILE_ONLY___  
2025-09-16 01:33:44,264 INFO     ___FILE_ONLY___ serviceAccount:service-46234075185@serverless-robot-prod.iam.gserviceaccount.com
2025-09-16 01:33:44,264 INFO     ___FILE_ONLY___ 

2025-09-16 01:33:44,264 INFO     ___FILE_ONLY___   
2025-09-16 01:33:44,264 INFO     ___FILE_ONLY___ role
2025-09-16 01:33:44,264 INFO     ___FILE_ONLY___ :
2025-09-16 01:33:44,264 INFO     ___FILE_ONLY___  
2025-09-16 01:33:44,264 INFO     ___FILE_ONLY___ roles/run.serviceAgent
2025-09-16 01:33:44,264 INFO     ___FILE_ONLY___ 

2025-09-16 01:33:44,264 INFO     ___FILE_ONLY___ etag
2025-09-16 01:33:44,264 INFO     ___FILE_ONLY___ :
2025-09-16 01:33:44,264 INFO     ___FILE_ONLY___  
2025-09-16 01:33:44,264 INFO     ___FILE_ONLY___ BwY-3piaUqE=
2025-09-16 01:33:44,264 INFO     ___FILE_ONLY___ 

2025-09-16 01:33:44,264 INFO     ___FILE_ONLY___ version
2025-09-16 01:33:44,264 INFO     ___FILE_ONLY___ :
2025-09-16 01:33:44,264 INFO     ___FILE_ONLY___  
2025-09-16 01:33:44,264 INFO     ___FILE_ONLY___ 1
2025-09-16 01:33:44,264 INFO     ___FILE_ONLY___ 

