2025-09-16 01:32:20,410 DEBUG    root            Loaded Command Group: ['gcloud', 'resource_manager']
2025-09-16 01:32:20,411 DEBUG    root            Loaded Command Group: ['gcloud', 'resource-manager', 'folders']
2025-09-16 01:32:20,420 DEBUG    root            Loaded Command Group: ['gcloud', 'resource-manager', 'folders', 'add_iam_policy_binding']
2025-09-16 01:32:20,424 DEBUG    root            Running [gcloud.resource-manager.folders.add-iam-policy-binding] with arguments: [--member: "user:admin@lionsofzion-official.org", --role: "roles/resourcemanager.folderAdmin", FOLDER: "1091503060083"]
2025-09-16 01:32:20,435 DEBUG    urllib3.connectionpool Starting new HTTPS connection (1): cloudresourcemanager.googleapis.com:443
2025-09-16 01:32:20,899 DEBUG    urllib3.connectionpool https://cloudresourcemanager.googleapis.com:443 "POST /v2/folders/1091503060083:getIamPolicy?alt=json HTTP/11" 200 None
2025-09-16 01:32:20,912 DEBUG    urllib3.connectionpool Starting new HTTPS connection (1): cloudresourcemanager.googleapis.com:443
2025-09-16 01:32:22,830 DEBUG    urllib3.connectionpool https://cloudresourcemanager.googleapis.com:443 "POST /v2/folders/1091503060083:setIamPolicy?alt=json HTTP/11" 200 None
2025-09-16 01:32:22,831 INFO     ___FILE_ONLY___ Updated IAM policy for folder [1091503060083].

2025-09-16 01:32:22,831 DEBUG    root            Chosen display Format:default
2025-09-16 01:32:22,832 INFO     root            Display format: "default"
2025-09-16 01:32:22,849 INFO     ___FILE_ONLY___ bindings
2025-09-16 01:32:22,849 INFO     ___FILE_ONLY___ :
2025-09-16 01:32:22,849 INFO     ___FILE_ONLY___ 

2025-09-16 01:32:22,849 INFO     ___FILE_ONLY___ -
2025-09-16 01:32:22,849 INFO     ___FILE_ONLY___  
2025-09-16 01:32:22,849 INFO     ___FILE_ONLY___ members
2025-09-16 01:32:22,849 INFO     ___FILE_ONLY___ :
2025-09-16 01:32:22,849 INFO     ___FILE_ONLY___ 

2025-09-16 01:32:22,849 INFO     ___FILE_ONLY___   
2025-09-16 01:32:22,849 INFO     ___FILE_ONLY___ -
2025-09-16 01:32:22,849 INFO     ___FILE_ONLY___  
2025-09-16 01:32:22,849 INFO     ___FILE_ONLY___ user:Hanudani@gmail.com
2025-09-16 01:32:22,849 INFO     ___FILE_ONLY___ 

2025-09-16 01:32:22,849 INFO     ___FILE_ONLY___   
2025-09-16 01:32:22,849 INFO     ___FILE_ONLY___ -
2025-09-16 01:32:22,849 INFO     ___FILE_ONLY___  
2025-09-16 01:32:22,849 INFO     ___FILE_ONLY___ user:admin@lionsofzion-official.org
2025-09-16 01:32:22,849 INFO     ___FILE_ONLY___ 

2025-09-16 01:32:22,849 INFO     ___FILE_ONLY___   
2025-09-16 01:32:22,849 INFO     ___FILE_ONLY___ role
2025-09-16 01:32:22,849 INFO     ___FILE_ONLY___ :
2025-09-16 01:32:22,849 INFO     ___FILE_ONLY___  
2025-09-16 01:32:22,849 INFO     ___FILE_ONLY___ roles/resourcemanager.folderAdmin
2025-09-16 01:32:22,849 INFO     ___FILE_ONLY___ 

2025-09-16 01:32:22,849 INFO     ___FILE_ONLY___ -
2025-09-16 01:32:22,849 INFO     ___FILE_ONLY___  
2025-09-16 01:32:22,849 INFO     ___FILE_ONLY___ members
2025-09-16 01:32:22,849 INFO     ___FILE_ONLY___ :
2025-09-16 01:32:22,849 INFO     ___FILE_ONLY___ 

2025-09-16 01:32:22,849 INFO     ___FILE_ONLY___   
2025-09-16 01:32:22,849 INFO     ___FILE_ONLY___ -
2025-09-16 01:32:22,849 INFO     ___FILE_ONLY___  
2025-09-16 01:32:22,849 INFO     ___FILE_ONLY___ user:Hanudani@gmail.com
2025-09-16 01:32:22,849 INFO     ___FILE_ONLY___ 

2025-09-16 01:32:22,849 INFO     ___FILE_ONLY___   
2025-09-16 01:32:22,849 INFO     ___FILE_ONLY___ role
2025-09-16 01:32:22,850 INFO     ___FILE_ONLY___ :
2025-09-16 01:32:22,850 INFO     ___FILE_ONLY___  
2025-09-16 01:32:22,850 INFO     ___FILE_ONLY___ roles/resourcemanager.folderEditor
2025-09-16 01:32:22,850 INFO     ___FILE_ONLY___ 

2025-09-16 01:32:22,850 INFO     ___FILE_ONLY___ etag
2025-09-16 01:32:22,850 INFO     ___FILE_ONLY___ :
2025-09-16 01:32:22,850 INFO     ___FILE_ONLY___  
2025-09-16 01:32:22,850 INFO     ___FILE_ONLY___ BwY-3pPBOXU=
2025-09-16 01:32:22,850 INFO     ___FILE_ONLY___ 

2025-09-16 01:32:22,850 INFO     ___FILE_ONLY___ version
2025-09-16 01:32:22,850 INFO     ___FILE_ONLY___ :
2025-09-16 01:32:22,850 INFO     ___FILE_ONLY___  
2025-09-16 01:32:22,850 INFO     ___FILE_ONLY___ 1
2025-09-16 01:32:22,850 INFO     ___FILE_ONLY___ 

