2025-09-16 01:44:30,551 DEBUG    root            Loaded Command Group: ['gcloud', 'beta', 'projects']
2025-09-16 01:44:30,552 DEBUG    root            Loaded Command Group: ['gcloud', 'beta', 'projects', 'move']
2025-09-16 01:44:30,553 DEBUG    root            Running [gcloud.beta.projects.move] with arguments: [--folder: "1091503060083", PROJECT_ID_OR_NUMBER: "lionsxagent"]
2025-09-16 01:44:35,181 DEBUG    urllib3.connectionpool Starting new HTTPS connection (1): cloudresourcemanager.googleapis.com:443
2025-09-16 01:44:36,452 DEBUG    urllib3.connectionpool https://cloudresourcemanager.googleapis.com:443 "GET /v1/projects/lionsxagent?alt=json HTTP/11" 200 None
2025-09-16 01:44:36,788 DEBUG    urllib3.connectionpool https://cloudresourcemanager.googleapis.com:443 "PUT /v1/projects/lionsxagent?alt=json HTTP/11" 400 None
2025-09-16 01:44:36,791 DEBUG    root            (gcloud.beta.projects.move) FAILED_PRECONDITION: Precondition check failed.
Traceback (most recent call last):
  File "/opt/homebrew/Caskroom/gcloud-cli/538.0.0/google-cloud-sdk/lib/googlecloudsdk/calliope/cli.py", line 987, in Execute
    resources = calliope_command.Run(cli=self, args=args)
                ^^^^^^^^^^^^^^^^^^^^^^^^^^^^^^^^^^^^^^^^^
  File "/opt/homebrew/Caskroom/gcloud-cli/538.0.0/google-cloud-sdk/lib/googlecloudsdk/calliope/backend.py", line 946, in Run
    resources = command_instance.Run(args)
                ^^^^^^^^^^^^^^^^^^^^^^^^^^
  File "/opt/homebrew/Caskroom/gcloud-cli/538.0.0/google-cloud-sdk/lib/surface/projects/move.py", line 83, in Run
    result = projects_api.Update(
             ^^^^^^^^^^^^^^^^^^^^
  File "/opt/homebrew/Caskroom/gcloud-cli/538.0.0/google-cloud-sdk/lib/googlecloudsdk/api_lib/cloudresourcemanager/projects_api.py", line 212, in Update
    return client.projects.Update(project)
           ^^^^^^^^^^^^^^^^^^^^^^^^^^^^^^^
  File "/opt/homebrew/Caskroom/gcloud-cli/538.0.0/google-cloud-sdk/lib/googlecloudsdk/generated_clients/apis/cloudresourcemanager/v1/cloudresourcemanager_v1_client.py", line 1070, in Update
    return self._RunMethod(
           ^^^^^^^^^^^^^^^^
  File "/opt/homebrew/Caskroom/gcloud-cli/538.0.0/google-cloud-sdk/lib/third_party/apitools/base/py/base_api.py", line 747, in _RunMethod
    return self.ProcessHttpResponse(method_config, http_response, request)
           ^^^^^^^^^^^^^^^^^^^^^^^^^^^^^^^^^^^^^^^^^^^^^^^^^^^^^^^^^^^^^^^
  File "/opt/homebrew/Caskroom/gcloud-cli/538.0.0/google-cloud-sdk/lib/third_party/apitools/base/py/base_api.py", line 753, in ProcessHttpResponse
    self.__ProcessHttpResponse(method_config, http_response, request))
    ^^^^^^^^^^^^^^^^^^^^^^^^^^^^^^^^^^^^^^^^^^^^^^^^^^^^^^^^^^^^^^^^^
  File "/opt/homebrew/Caskroom/gcloud-cli/538.0.0/google-cloud-sdk/lib/third_party/apitools/base/py/base_api.py", line 612, in __ProcessHttpResponse
    raise exceptions.HttpError.FromResponse(
apitools.base.py.exceptions.HttpBadRequestError: HttpError accessing <https://cloudresourcemanager.googleapis.com/v1/projects/lionsxagent?alt=json>: response: <{'vary': 'Origin, X-Origin, Referer', 'content-type': 'application/json; charset=UTF-8', 'content-encoding': 'gzip', 'date': 'Mon, 15 Sep 2025 22:44:36 GMT', 'server': 'ESF', 'x-xss-protection': '0', 'x-frame-options': 'SAMEORIGIN', 'x-content-type-options': 'nosniff', 'server-timing': 'gfet4t7; dur=299', 'alt-svc': 'h3=":443"; ma=2592000,h3-29=":443"; ma=2592000', 'transfer-encoding': 'chunked', 'status': 400}>, content <{
  "error": {
    "code": 400,
    "message": "Precondition check failed.",
    "status": "FAILED_PRECONDITION"
  }
}
>
2025-09-16 01:44:36,797 ERROR    root            (gcloud.beta.projects.move) FAILED_PRECONDITION: Precondition check failed.
