2025-09-16 01:55:05,474 DEBUG    root            Loaded Command Group: ['gcloud', 'auth']
2025-09-16 01:55:05,475 DEBUG    root            Loaded Command Group: ['gcloud', 'auth', 'application_default']
2025-09-16 01:55:05,480 DEBUG    root            Loaded Command Group: ['gcloud', 'auth', 'application-default', 'login']
2025-09-16 01:55:05,481 DEBUG    root            Running [gcloud.auth.application-default.login] with arguments: []
2025-09-16 01:55:05,535 DEBUG    requests_oauthlib.oauth2_session Generated new state VOIIzgEXdEHdSX2fkeyhmB32rysWOS.
2025-09-16 01:55:05,632 INFO     ___FILE_ONLY___ Your browser has been opened to visit:

    https://accounts.google.com/o/oauth2/auth?response_type=code&client_id=764086051850-6qr4p6gpi6hn506pt8ejuq83di341hur.apps.googleusercontent.com&redirect_uri=http%3A%2F%2Flocalhost%3A8085%2F&scope=openid+https%3A%2F%2Fwww.googleapis.com%2Fauth%2Fuserinfo.email+https%3A%2F%2Fwww.googleapis.com%2Fauth%2Fcloud-platform+https%3A%2F%2Fwww.googleapis.com%2Fauth%2Fsqlservice.login&state=VOIIzgEXdEHdSX2fkeyhmB32rysWOS&access_type=offline&code_challenge=wv2Of326b3a6NnpWebtUHOhQiBZDPgaESf-0YdQJoIA&code_challenge_method=S256


2025-09-16 01:55:11,609 INFO     google_auth_oauthlib.flow "GET /?state=VOIIzgEXdEHdSX2fkeyhmB32rysWOS&code=4/0AVGzR1DSJBrLNZ4y-LtJq5KTDqOkX0nXsG8Pdt4AeaB76n24X2sA6qlw2iM9OhRWgTa4Xg&scope=email%20https://www.googleapis.com/auth/cloud-platform%20https://www.googleapis.com/auth/sqlservice.login%20https://www.googleapis.com/auth/userinfo.email%20openid&authuser=0&prompt=consent HTTP/1.1" 200 937
2025-09-16 01:55:11,610 DEBUG    requests_oauthlib.oauth2_session Requesting url https://oauth2.googleapis.com/token using method POST.
2025-09-16 01:55:11,610 DEBUG    requests_oauthlib.oauth2_session Supplying headers {b'Accept': b'application/json', b'Content-Type': b'application/x-www-form-urlencoded;charset=UTF-8', b'user-agent': b'google-cloud-sdk gcloud/538.0.0 command/gcloud.auth.application-default.login invocation-id/7a9666fcf7fc413a97e3d1988c92fb69 environment/None environment-version/None client-os/MACOSX client-os-ver/24.6.0 client-pltf-arch/arm interactive/True from-script/False python/3.12.11 term/xterm-256color (Macintosh; Intel Mac OS X 24.6.0)'} and data {'grant_type': 'authorization_code', 'client_id': '764086051850-6qr4p6gpi6hn506pt8ejuq83di341hur.apps.googleusercontent.com', 'client_secret': 'd-FL95Q19q7MQmFpd7hHD0Ty', 'code': '4/0AVGzR1DSJBrLNZ4y-LtJq5KTDqOkX0nXsG8Pdt4AeaB76n24X2sA6qlw2iM9OhRWgTa4Xg', 'redirect_uri': 'http://localhost:8085/', 'code_verifier': 'p0AjCtv~.P2slSfEZu83g1Z_I1r0TTLjyef6Z~evtcZ8CP4hJ2WdW0RmWz1w8G8ImY1njs67ZACaHRHYk9-hHgh-jRBNxh2tYs59kySwrVY~0pcF8UOSq7xAZ.m-XYxx'}
2025-09-16 01:55:11,611 DEBUG    requests_oauthlib.oauth2_session Passing through key word arguments {'json': None, 'timeout': None, 'auth': None, 'verify': None, 'proxies': None}.
2025-09-16 01:55:11,617 DEBUG    urllib3.connectionpool Starting new HTTPS connection (1): oauth2.googleapis.com:443
2025-09-16 01:55:11,957 DEBUG    urllib3.connectionpool https://oauth2.googleapis.com:443 "POST /token HTTP/11" 200 None
2025-09-16 01:55:11,957 DEBUG    requests_oauthlib.oauth2_session Prepared fetch token request body grant_type=authorization_code&client_id=764086051850-6qr4p6gpi6hn506pt8ejuq83di341hur.apps.googleusercontent.com&client_secret=d-FL95Q19q7MQmFpd7hHD0Ty&code=4%2F0AVGzR1DSJBrLNZ4y-LtJq5KTDqOkX0nXsG8Pdt4AeaB76n24X2sA6qlw2iM9OhRWgTa4Xg&redirect_uri=http%3A%2F%2Flocalhost%3A8085%2F&code_verifier=p0AjCtv~.P2slSfEZu83g1Z_I1r0TTLjyef6Z~evtcZ8CP4hJ2WdW0RmWz1w8G8ImY1njs67ZACaHRHYk9-hHgh-jRBNxh2tYs59kySwrVY~0pcF8UOSq7xAZ.m-XYxx
2025-09-16 01:55:11,957 DEBUG    requests_oauthlib.oauth2_session Request to fetch token completed with status 200.
2025-09-16 01:55:11,957 DEBUG    requests_oauthlib.oauth2_session Request headers were {'user-agent': b'google-cloud-sdk gcloud/538.0.0 command/gcloud.auth.application-default.login invocation-id/7a9666fcf7fc413a97e3d1988c92fb69 environment/None environment-version/None client-os/MACOSX client-os-ver/24.6.0 client-pltf-arch/arm interactive/True from-script/False python/3.12.11 term/xterm-256color (Macintosh; Intel Mac OS X 24.6.0)', 'Accept-Encoding': 'gzip, deflate', 'Accept': b'application/json', 'Connection': 'keep-alive', 'Content-Type': b'application/x-www-form-urlencoded;charset=UTF-8', 'Content-Length': '421'}
2025-09-16 01:55:11,958 DEBUG    requests_oauthlib.oauth2_session Request body was grant_type=authorization_code&client_id=764086051850-6qr4p6gpi6hn506pt8ejuq83di341hur.apps.googleusercontent.com&client_secret=d-FL95Q19q7MQmFpd7hHD0Ty&code=4%2F0AVGzR1DSJBrLNZ4y-LtJq5KTDqOkX0nXsG8Pdt4AeaB76n24X2sA6qlw2iM9OhRWgTa4Xg&redirect_uri=http%3A%2F%2Flocalhost%3A8085%2F&code_verifier=p0AjCtv~.P2slSfEZu83g1Z_I1r0TTLjyef6Z~evtcZ8CP4hJ2WdW0RmWz1w8G8ImY1njs67ZACaHRHYk9-hHgh-jRBNxh2tYs59kySwrVY~0pcF8UOSq7xAZ.m-XYxx
2025-09-16 01:55:11,958 DEBUG    requests_oauthlib.oauth2_session Response headers were {'Pragma': 'no-cache', 'Cache-Control': 'no-cache, no-store, max-age=0, must-revalidate', 'Expires': 'Mon, 01 Jan 1990 00:00:00 GMT', 'Date': 'Mon, 15 Sep 2025 22:55:12 GMT', 'Content-Type': 'application/json; charset=utf-8', 'Vary': 'Origin, X-Origin, Referer', 'Content-Encoding': 'gzip', 'Server': 'scaffolding on HTTPServer2', 'X-XSS-Protection': '0', 'X-Frame-Options': 'SAMEORIGIN', 'X-Content-Type-Options': 'nosniff', 'Alt-Svc': 'h3=":443"; ma=2592000,h3-29=":443"; ma=2592000', 'Transfer-Encoding': 'chunked'} and content {
  "access_token": "ya29.a0AS3H6NwBwulEol4_5D5886B8mVcdWw6T0R8NS-bzIGEZnIhQjJ4cfW8rhGm_HLoofjLfC9ECWEtk-mmtJ5metzMG3vg1JcR7Djc5dJKcW0lmujBhS4-W8z7NwReyS47DhCSO-uEVuDP5IX4sfjo40ZzzBuADbLP8R0GLPwYpUzmIH_V4qPEQ78vJzSTUundTK20hPZoaCgYKAYwSARMSFQHGX2MikYIsTdtrXtGjMhHQGxfSaw0206",
  "expires_in": 3599,
  "refresh_token": "1//03C-JewFeAcTXCgYIARAAGAMSNwF-L9IrUQhjzCsicqwgAYkKlTSyFY34JJXG_TxzDLk6L1pYcfZQJbJBeo7OWFStseR_ug5Q_f4",
  "scope": "https://www.googleapis.com/auth/userinfo.email https://www.googleapis.com/auth/cloud-platform https://www.googleapis.com/auth/sqlservice.login openid",
  "token_type": "Bearer",
  "id_token": "eyJhbGciOiJSUzI1NiIsImtpZCI6IjA3ZjA3OGYyNjQ3ZThjZDAxOWM0MGRhOTU2OWU0ZjUyNDc5OTEwOTQiLCJ0eXAiOiJKV1QifQ.eyJpc3MiOiJodHRwczovL2FjY291bnRzLmdvb2dsZS5jb20iLCJhenAiOiI3NjQwODYwNTE4NTAtNnFyNHA2Z3BpNmhuNTA2cHQ4ZWp1cTgzZGkzNDFodXIuYXBwcy5nb29nbGV1c2VyY29udGVudC5jb20iLCJhdWQiOiI3NjQwODYwNTE4NTAtNnFyNHA2Z3BpNmhuNTA2cHQ4ZWp1cTgzZGkzNDFodXIuYXBwcy5nb29nbGV1c2VyY29udGVudC5jb20iLCJzdWIiOiIxMDI3MjgwMDM3NzcwNzk3MjkyNDYiLCJlbWFpbCI6ImhhbnVkYW5pQGdtYWlsLmNvbSIsImVtYWlsX3ZlcmlmaWVkIjp0cnVlLCJhdF9oYXNoIjoiQU52WGdjQXFVNEJpcUhwb2F2WUg4QSIsImlhdCI6MTc1Nzk3NjkxMiwiZXhwIjoxNzU3OTgwNTEyfQ.FJzRYQwtELmF9eMgWhLxs-jMBQDzTRdYHABNNmE0XTrZNkt4SVW0lBA9osC_ZgzB-vROjvxQfVQ4suZ_RlqEde8D6pl7l6RLx51qXcSqYBIRSwbWdOGh0n8fE40Njtpf5KQyHHQuV8UQrhTwRJVXsIjKbV2Yl6fb4tvymZ-ricQhRXTEVzSw3fJUcXxUfCov867sEd_63FZj5tfNNBabhdokSbEq_tnnwuNl8V20zrIbthg5JACWhIyqFcx29Zmv69_Qvz8FetTAIO9iK6kudpqwL9CR_-gpx4I-KsmpmWE5D3EQRmwUHrZxtQkTEiFso1gW9--RZRUljlU6pgRbUw"
}.
2025-09-16 01:55:11,958 DEBUG    requests_oauthlib.oauth2_session Invoking 0 token response hooks.
2025-09-16 01:55:11,958 DEBUG    requests_oauthlib.oauth2_session Obtained token {'access_token': 'ya29.a0AS3H6NwBwulEol4_5D5886B8mVcdWw6T0R8NS-bzIGEZnIhQjJ4cfW8rhGm_HLoofjLfC9ECWEtk-mmtJ5metzMG3vg1JcR7Djc5dJKcW0lmujBhS4-W8z7NwReyS47DhCSO-uEVuDP5IX4sfjo40ZzzBuADbLP8R0GLPwYpUzmIH_V4qPEQ78vJzSTUundTK20hPZoaCgYKAYwSARMSFQHGX2MikYIsTdtrXtGjMhHQGxfSaw0206', 'expires_in': 3599, 'refresh_token': '1//03C-JewFeAcTXCgYIARAAGAMSNwF-L9IrUQhjzCsicqwgAYkKlTSyFY34JJXG_TxzDLk6L1pYcfZQJbJBeo7OWFStseR_ug5Q_f4', 'scope': ['https://www.googleapis.com/auth/userinfo.email', 'https://www.googleapis.com/auth/cloud-platform', 'https://www.googleapis.com/auth/sqlservice.login', 'openid'], 'token_type': 'Bearer', 'id_token': 'eyJhbGciOiJSUzI1NiIsImtpZCI6IjA3ZjA3OGYyNjQ3ZThjZDAxOWM0MGRhOTU2OWU0ZjUyNDc5OTEwOTQiLCJ0eXAiOiJKV1QifQ.eyJpc3MiOiJodHRwczovL2FjY291bnRzLmdvb2dsZS5jb20iLCJhenAiOiI3NjQwODYwNTE4NTAtNnFyNHA2Z3BpNmhuNTA2cHQ4ZWp1cTgzZGkzNDFodXIuYXBwcy5nb29nbGV1c2VyY29udGVudC5jb20iLCJhdWQiOiI3NjQwODYwNTE4NTAtNnFyNHA2Z3BpNmhuNTA2cHQ4ZWp1cTgzZGkzNDFodXIuYXBwcy5nb29nbGV1c2VyY29udGVudC5jb20iLCJzdWIiOiIxMDI3MjgwMDM3NzcwNzk3MjkyNDYiLCJlbWFpbCI6ImhhbnVkYW5pQGdtYWlsLmNvbSIsImVtYWlsX3ZlcmlmaWVkIjp0cnVlLCJhdF9oYXNoIjoiQU52WGdjQXFVNEJpcUhwb2F2WUg4QSIsImlhdCI6MTc1Nzk3NjkxMiwiZXhwIjoxNzU3OTgwNTEyfQ.FJzRYQwtELmF9eMgWhLxs-jMBQDzTRdYHABNNmE0XTrZNkt4SVW0lBA9osC_ZgzB-vROjvxQfVQ4suZ_RlqEde8D6pl7l6RLx51qXcSqYBIRSwbWdOGh0n8fE40Njtpf5KQyHHQuV8UQrhTwRJVXsIjKbV2Yl6fb4tvymZ-ricQhRXTEVzSw3fJUcXxUfCov867sEd_63FZj5tfNNBabhdokSbEq_tnnwuNl8V20zrIbthg5JACWhIyqFcx29Zmv69_Qvz8FetTAIO9iK6kudpqwL9CR_-gpx4I-KsmpmWE5D3EQRmwUHrZxtQkTEiFso1gW9--RZRUljlU6pgRbUw', 'expires_at': 1757980510.958195}.
2025-09-16 01:55:11,966 INFO     ___FILE_ONLY___ 
Credentials saved to file: [/Users/danielions/.config/gcloud/application_default_credentials.json]

2025-09-16 01:55:11,967 INFO     ___FILE_ONLY___ 
These credentials will be used by any library that requests Application Default Credentials (ADC).

2025-09-16 01:55:11,972 INFO     root            Using alternate credentials from file: [/Users/danielions/.config/gcloud/application_default_credentials.json]
2025-09-16 01:55:11,975 DEBUG    google.auth.transport.requests Making request: POST https://oauth2.googleapis.com/token
2025-09-16 01:55:11,977 DEBUG    urllib3.connectionpool Starting new HTTPS connection (1): oauth2.googleapis.com:443
2025-09-16 01:55:12,264 DEBUG    urllib3.connectionpool https://oauth2.googleapis.com:443 "POST /token HTTP/11" 200 None
2025-09-16 01:55:12,277 DEBUG    urllib3.connectionpool Starting new HTTPS connection (1): cloudresourcemanager.googleapis.com:443
2025-09-16 01:55:13,318 DEBUG    urllib3.connectionpool https://cloudresourcemanager.googleapis.com:443 "POST /v1/projects/lionspace:testIamPermissions?alt=json HTTP/11" 200 None
2025-09-16 01:55:13,320 INFO     ___FILE_ONLY___ 
Quota project "lionspace" was added to ADC which can be used by Google client libraries for billing and quota. Note that some services may still bill the project owning the resource.

2025-09-16 01:55:13,324 DEBUG    root            Chosen display Format:none
2025-09-16 01:55:13,324 INFO     root            Display format: "none"
