2025-09-16 01:52:38,632 DEBUG    root            Loaded Command Group: ['gcloud', 'init']
2025-09-16 01:52:38,633 DEBUG    root            Running [gcloud.init] with arguments: []
2025-09-16 01:52:38,633 INFO     ___FILE_ONLY___ Welcome! This command will take you through the configuration of gcloud.


2025-09-16 01:52:38,633 INFO     ___FILE_ONLY___ Settings from your current configuration [lionsx] are:

2025-09-16 01:52:38,634 INFO     ___FILE_ONLY___ core:
  account: admin@lionsofzion-official.org
  disable_usage_reporting: 'True'
  project: luminous-bazaar-472222-a9

2025-09-16 01:52:38,634 INFO     ___FILE_ONLY___ 

2025-09-16 01:52:46,790 INFO     ___FILE_ONLY___ Your current configuration has been set to: [default]


2025-09-16 01:52:46,791 INFO     ___FILE_ONLY___ You can skip diagnostics next time by using the following flag:

2025-09-16 01:52:46,791 INFO     ___FILE_ONLY___   gcloud init --skip-diagnostics


2025-09-16 01:52:46,792 INFO     ___FILE_ONLY___ Network diagnostic detects and fixes local network connection issues.

2025-09-16 01:52:46,793 INFO     ___FILE_ONLY___ Checking network connection...
2025-09-16 01:52:49,579 DEBUG    urllib3.connectionpool Starting new HTTPS connection (1): accounts.google.com:443
2025-09-16 01:52:49,859 DEBUG    urllib3.connectionpool https://accounts.google.com:443 "GET / HTTP/11" 302 365
2025-09-16 01:52:49,960 DEBUG    urllib3.connectionpool https://accounts.google.com:443 "GET /ServiceLogin?passive=1209600&continue=https%3A%2F%2Faccounts.google.com%2F&followup=https%3A%2F%2Faccounts.google.com%2F HTTP/11" 302 0
2025-09-16 01:52:50,071 DEBUG    urllib3.connectionpool https://accounts.google.com:443 "GET /InteractiveLogin?continue=https://accounts.google.com/&followup=https://accounts.google.com/&passive=1209600&ifkv=AdBytiPRZQRd5JKFD3hhR0_HclIX41NjXyftOFw_qg0u8-cdKsqzc6ej4ma_2ann48uuxdut7iXq HTTP/11" 302 551
2025-09-16 01:52:50,189 DEBUG    urllib3.connectionpool https://accounts.google.com:443 "GET /v3/signin/identifier?continue=https%3A%2F%2Faccounts.google.com%2F&followup=https%3A%2F%2Faccounts.google.com%2F&ifkv=AdBytiNxB9k9_rGserkjHhPLPmKwqUVfVhfx5wqxGHt8_NPAJc3N6R_vpv6Zv3U1AMsMgIYrfjB1&passive=1209600&flowName=WebLiteSignIn&flowEntry=ServiceLogin&dsh=S-13343832%3A1757976770127427 HTTP/11" 200 None
2025-09-16 01:52:50,445 DEBUG    urllib3.connectionpool Starting new HTTPS connection (1): cloudresourcemanager.googleapis.com:443
2025-09-16 01:52:51,479 DEBUG    urllib3.connectionpool https://cloudresourcemanager.googleapis.com:443 "GET /v1beta1/projects HTTP/11" 401 None
2025-09-16 01:52:51,484 DEBUG    urllib3.connectionpool Starting new HTTPS connection (1): www.googleapis.com:443
2025-09-16 01:52:51,703 DEBUG    urllib3.connectionpool https://www.googleapis.com:443 "GET /auth/cloud-platform HTTP/11" 200 14
2025-09-16 01:52:51,707 DEBUG    urllib3.connectionpool Starting new HTTPS connection (1): dl.google.com:443
2025-09-16 01:52:51,928 DEBUG    urllib3.connectionpool https://dl.google.com:443 "GET /dl/cloudsdk/channels/rapid/components-2.json HTTP/11" 200 233150
2025-09-16 01:52:52,103 INFO     ___FILE_ONLY___ Reachability Check passed.

2025-09-16 01:52:52,104 INFO     ___FILE_ONLY___ Network diagnostic passed (1/1 checks passed).


2025-09-16 01:53:19,844 INFO     ___FILE_ONLY___ You are signed in as: [admin@lionsofzion-official.org].


2025-09-16 01:53:19,860 DEBUG    urllib3.connectionpool Starting new HTTPS connection (1): cloudresourcemanager.googleapis.com:443
2025-09-16 01:53:21,494 DEBUG    urllib3.connectionpool https://cloudresourcemanager.googleapis.com:443 "GET /v1/projects?alt=json&filter=lifecycleState%3AACTIVE&pageSize=201 HTTP/11" 200 None
2025-09-16 01:53:56,212 INFO     ___FILE_ONLY___ Your current project has been set to: [lionsxagent-472222].


2025-09-16 01:53:56,214 DEBUG    root            Loaded Command Group: ['gcloud', 'compute', 'project_info']
2025-09-16 01:53:56,216 DEBUG    root            Loaded Command Group: ['gcloud', 'compute', 'project-info', 'describe']
2025-09-16 01:53:56,218 INFO     root            Executing: [gcloud compute project-info describe --quiet]
2025-09-16 01:53:56,220 DEBUG    root            Running [gcloud.compute.project-info.describe] with arguments: [--no-user-output-enabled: "false", --quiet: "True", --verbosity: "none"]
2025-09-16 01:53:56,280 DEBUG    urllib3.connectionpool Starting new HTTPS connection (1): compute.googleapis.com:443
2025-09-16 01:53:56,807 DEBUG    urllib3.connectionpool https://compute.googleapis.com:443 "GET /compute/v1/projects/lionsxagent-472222?alt=json HTTP/11" 403 None
2025-09-16 01:53:56,811 DEBUG    root            Chosen display Format:value(message.list(separator="
"))
2025-09-16 01:53:56,826 DEBUG    root            Chosen display Format:value(links.flatten(show="values",separator="
"))
2025-09-16 01:53:56,827 DEBUG    root            Chosen display Format:default
2025-09-16 01:53:56,827 DEBUG    root            Chosen display Format:value(message.list(separator="
"))
2025-09-16 01:53:56,828 DEBUG    root            Chosen display Format:value(links.flatten(show="values",separator="
"))
2025-09-16 01:53:56,828 DEBUG    root            Chosen display Format:default
2025-09-16 01:53:56,828 DEBUG    root            Chosen display Format:value(message.list(separator="
"))
2025-09-16 01:53:56,828 DEBUG    root            Chosen display Format:value(links.flatten(show="values",separator="
"))
2025-09-16 01:53:56,829 DEBUG    root            Chosen display Format:default
2025-09-16 01:53:56,835 DEBUG    root            Chosen display Format:value(message.list(separator="
"))
2025-09-16 01:53:56,835 DEBUG    root            Chosen display Format:value(links.flatten(show="values",separator="
"))
2025-09-16 01:53:56,835 DEBUG    root            Chosen display Format:default
2025-09-16 01:53:56,829 DEBUG    root            (gcloud.compute.project-info.describe) [admin@lionsofzion-official.org] does not have permission to access projects instance [lionsxagent-472222] (or it may not exist): Compute Engine API has not been used in project lionsxagent-472222 before or it is disabled. Enable it by visiting https://console.developers.google.com/apis/api/compute.googleapis.com/overview?project=lionsxagent-472222 then retry. If you enabled this API recently, wait a few minutes for the action to propagate to our systems and retry. This command is authenticated as admin@lionsofzion-official.org which is the active account specified by the [core/account] property.
Compute Engine API has not been used in project lionsxagent-472222 before or it is disabled. Enable it by visiting https://console.developers.google.com/apis/api/compute.googleapis.com/overview?project=lionsxagent-472222 then retry. If you enabled this API recently, wait a few minutes for the action to propagate to our systems and retry.
Google developers console API activation
https://console.developers.google.com/apis/api/compute.googleapis.com/overview?project=lionsxagent-472222
- '@type': type.googleapis.com/google.rpc.ErrorInfo
  domain: googleapis.com
  metadata:
    activationUrl: https://console.developers.google.com/apis/api/compute.googleapis.com/overview?project=lionsxagent-472222
    consumer: projects/lionsxagent-472222
    containerInfo: lionsxagent-472222
    service: compute.googleapis.com
    serviceTitle: Compute Engine API
  reason: SERVICE_DISABLED
Traceback (most recent call last):
  File "/opt/homebrew/Caskroom/gcloud-cli/538.0.0/google-cloud-sdk/lib/googlecloudsdk/calliope/cli.py", line 987, in Execute
    resources = calliope_command.Run(cli=self, args=args)
                ^^^^^^^^^^^^^^^^^^^^^^^^^^^^^^^^^^^^^^^^^
  File "/opt/homebrew/Caskroom/gcloud-cli/538.0.0/google-cloud-sdk/lib/googlecloudsdk/calliope/backend.py", line 946, in Run
    resources = command_instance.Run(args)
                ^^^^^^^^^^^^^^^^^^^^^^^^^^
  File "/opt/homebrew/Caskroom/gcloud-cli/538.0.0/google-cloud-sdk/lib/surface/compute/project_info/describe.py", line 37, in Run
    return client.MakeRequests([(client.apitools_client.projects, 'Get',
           ^^^^^^^^^^^^^^^^^^^^^^^^^^^^^^^^^^^^^^^^^^^^^^^^^^^^^^^^^^^^^
  File "/opt/homebrew/Caskroom/gcloud-cli/538.0.0/google-cloud-sdk/lib/googlecloudsdk/api_lib/compute/client_adapter.py", line 128, in MakeRequests
    objects = list(
              ^^^^^
  File "/opt/homebrew/Caskroom/gcloud-cli/538.0.0/google-cloud-sdk/lib/googlecloudsdk/api_lib/compute/request_helper.py", line 321, in MakeRequests
    responses, new_errors = single_request_helper.MakeSingleRequest(
                            ^^^^^^^^^^^^^^^^^^^^^^^^^^^^^^^^^^^^^^^^
  File "/opt/homebrew/Caskroom/gcloud-cli/538.0.0/google-cloud-sdk/lib/googlecloudsdk/api_lib/compute/single_request_helper.py", line 69, in MakeSingleRequest
    response = getattr(service, method)(request=request_body)
               ^^^^^^^^^^^^^^^^^^^^^^^^^^^^^^^^^^^^^^^^^^^^^^
  File "/opt/homebrew/Caskroom/gcloud-cli/538.0.0/google-cloud-sdk/lib/googlecloudsdk/generated_clients/apis/compute/v1/compute_v1_client.py", line 11942, in Get
    return self._RunMethod(
           ^^^^^^^^^^^^^^^^
  File "/opt/homebrew/Caskroom/gcloud-cli/538.0.0/google-cloud-sdk/lib/third_party/apitools/base/py/base_api.py", line 744, in _RunMethod
    http_response = http_wrapper.MakeRequest(
                    ^^^^^^^^^^^^^^^^^^^^^^^^^
  File "/opt/homebrew/Caskroom/gcloud-cli/538.0.0/google-cloud-sdk/lib/third_party/apitools/base/py/http_wrapper.py", line 348, in MakeRequest
    return _MakeRequestNoRetry(
           ^^^^^^^^^^^^^^^^^^^^
  File "/opt/homebrew/Caskroom/gcloud-cli/538.0.0/google-cloud-sdk/lib/third_party/apitools/base/py/http_wrapper.py", line 406, in _MakeRequestNoRetry
    check_response_func(response)
  File "/opt/homebrew/Caskroom/gcloud-cli/538.0.0/google-cloud-sdk/lib/googlecloudsdk/api_lib/util/apis.py", line 239, in _CheckResponse
    _CheckForApiEnablementError(response_as_error)
  File "/opt/homebrew/Caskroom/gcloud-cli/538.0.0/google-cloud-sdk/lib/googlecloudsdk/api_lib/util/apis.py", line 198, in _CheckForApiEnablementError
    PromptToEnableApi(*enablement_info)
  File "/opt/homebrew/Caskroom/gcloud-cli/538.0.0/google-cloud-sdk/lib/googlecloudsdk/api_lib/util/apis.py", line 181, in PromptToEnableApi
    raise exception
googlecloudsdk.api_lib.util.exceptions.HttpException: [admin@lionsofzion-official.org] does not have permission to access projects instance [lionsxagent-472222] (or it may not exist): Compute Engine API has not been used in project lionsxagent-472222 before or it is disabled. Enable it by visiting https://console.developers.google.com/apis/api/compute.googleapis.com/overview?project=lionsxagent-472222 then retry. If you enabled this API recently, wait a few minutes for the action to propagate to our systems and retry. This command is authenticated as admin@lionsofzion-official.org which is the active account specified by the [core/account] property.
Compute Engine API has not been used in project lionsxagent-472222 before or it is disabled. Enable it by visiting https://console.developers.google.com/apis/api/compute.googleapis.com/overview?project=lionsxagent-472222 then retry. If you enabled this API recently, wait a few minutes for the action to propagate to our systems and retry.
Google developers console API activation
https://console.developers.google.com/apis/api/compute.googleapis.com/overview?project=lionsxagent-472222
- '@type': type.googleapis.com/google.rpc.ErrorInfo
  domain: googleapis.com
  metadata:
    activationUrl: https://console.developers.google.com/apis/api/compute.googleapis.com/overview?project=lionsxagent-472222
    consumer: projects/lionsxagent-472222
    containerInfo: lionsxagent-472222
    service: compute.googleapis.com
    serviceTitle: Compute Engine API
  reason: SERVICE_DISABLED
2025-09-16 01:53:56,836 ERROR    root            (gcloud.compute.project-info.describe) [admin@lionsofzion-official.org] does not have permission to access projects instance [lionsxagent-472222] (or it may not exist): Compute Engine API has not been used in project lionsxagent-472222 before or it is disabled. Enable it by visiting https://console.developers.google.com/apis/api/compute.googleapis.com/overview?project=lionsxagent-472222 then retry. If you enabled this API recently, wait a few minutes for the action to propagate to our systems and retry. This command is authenticated as admin@lionsofzion-official.org which is the active account specified by the [core/account] property.
Compute Engine API has not been used in project lionsxagent-472222 before or it is disabled. Enable it by visiting https://console.developers.google.com/apis/api/compute.googleapis.com/overview?project=lionsxagent-472222 then retry. If you enabled this API recently, wait a few minutes for the action to propagate to our systems and retry.
Google developers console API activation
https://console.developers.google.com/apis/api/compute.googleapis.com/overview?project=lionsxagent-472222
- '@type': type.googleapis.com/google.rpc.ErrorInfo
  domain: googleapis.com
  metadata:
    activationUrl: https://console.developers.google.com/apis/api/compute.googleapis.com/overview?project=lionsxagent-472222
    consumer: projects/lionsxagent-472222
    containerInfo: lionsxagent-472222
    service: compute.googleapis.com
    serviceTitle: Compute Engine API
  reason: SERVICE_DISABLED
2025-09-16 01:53:56,836 INFO     root            [compute project-info describe --quiet] has failed

2025-09-16 01:53:56,836 INFO     ___FILE_ONLY___ Not setting default zone/region (this feature makes it easier to use
[gcloud compute] by setting an appropriate default value for the
--zone and --region flag).
See https://cloud.google.com/compute/docs/gcloud-compute section on how to set
default compute region and zone manually. If you would like [gcloud init] to be
able to do this for you the next time you run it, make sure the
Compute Engine API is enabled for your project on the
https://console.developers.google.com/apis page.


2025-09-16 01:53:56,836 DEBUG    root            Executing command: ['/opt/homebrew/share/google-cloud-sdk/bin/gsutil', 'config', '-n', '-o', '/Users/danielions/.boto']
2025-09-16 01:53:57,551 DEBUG    ___FILE_ONLY___ 
2025-09-16 01:53:57,551 DEBUG    ___FILE_ONLY___ This command will create a boto config file at /Users/danielions/.boto
containing your credentials, based on your responses to the following
questions.

Boto config file "/Users/danielions/.boto" created. If you need to use
a proxy to access the Internet please see the instructions in that
file.

2025-09-16 01:53:57,551 INFO     ___FILE_ONLY___ Created a default .boto configuration file at [/Users/danielions/.boto]. See this file and
[https://cloud.google.com/storage/docs/gsutil/commands/config] for more
information about configuring Google Cloud Storage.

2025-09-16 01:53:57,551 INFO     ___FILE_ONLY___ The Google Cloud CLI is configured and ready to use!


2025-09-16 01:53:57,551 INFO     ___FILE_ONLY___ * Commands that require authentication will use admin@lionsofzion-official.org by default

2025-09-16 01:53:57,551 INFO     ___FILE_ONLY___ * Commands will reference project `lionsxagent-472222` by default

2025-09-16 01:53:57,551 INFO     ___FILE_ONLY___ * Compute Engine commands will use region `us-east1` by default

2025-09-16 01:53:57,551 INFO     ___FILE_ONLY___ * Compute Engine commands will use zone `us-east1-b` by default


2025-09-16 01:53:57,551 INFO     ___FILE_ONLY___ Run `gcloud help config` to learn how to change individual settings


2025-09-16 01:53:57,551 INFO     ___FILE_ONLY___ This gcloud configuration is called [default]. You can create additional configurations if you work with multiple accounts and/or projects.

2025-09-16 01:53:57,551 INFO     ___FILE_ONLY___ Run `gcloud topic configurations` to learn more.


2025-09-16 01:53:57,551 INFO     ___FILE_ONLY___ Some things to try next:


2025-09-16 01:53:57,551 INFO     ___FILE_ONLY___ * Run `gcloud --help` to see the Cloud Platform services you can interact with. And run `gcloud help COMMAND` to get help on any gcloud command.

2025-09-16 01:53:57,551 INFO     ___FILE_ONLY___ * Run `gcloud topic --help` to learn about advanced features of the CLI like arg files and output formatting

2025-09-16 01:53:57,551 INFO     ___FILE_ONLY___ * Run `gcloud cheat-sheet` to see a roster of go-to `gcloud` commands.

2025-09-16 01:53:57,551 DEBUG    root            Chosen display Format:default
2025-09-16 01:53:57,552 INFO     root            Display format: "default"
