2025-09-16 02:25:56,182 DEBUG    root            Loaded Command Group: ['gcloud', 'init']
2025-09-16 02:25:56,183 DEBUG    root            Running [gcloud.init] with arguments: [--console-only: "True"]
2025-09-16 02:25:56,183 INFO     ___FILE_ONLY___ Welcome! This command will take you through the configuration of gcloud.


2025-09-16 02:25:56,183 INFO     ___FILE_ONLY___ Settings from your current configuration [default] are:

2025-09-16 02:25:56,184 INFO     ___FILE_ONLY___ ai:
  region: us-east5
billing:
  quota_project: lionspace
compute:
  region: us-east1
  zone: us-east1-b
core:
  account: admin@lionsofzion-official.org
  disable_usage_reporting: 'True'
  project: lionsxagent-472222

2025-09-16 02:25:56,184 INFO     ___FILE_ONLY___ 

2025-09-16 02:26:03,236 INFO     ___FILE_ONLY___ Your current configuration has been set to: [lions30]


2025-09-16 02:26:03,236 INFO     ___FILE_ONLY___ You can skip diagnostics next time by using the following flag:

2025-09-16 02:26:03,236 INFO     ___FILE_ONLY___   gcloud init --skip-diagnostics


2025-09-16 02:26:03,238 INFO     ___FILE_ONLY___ Network diagnostic detects and fixes local network connection issues.

2025-09-16 02:26:03,238 INFO     ___FILE_ONLY___ Checking network connection...
2025-09-16 02:26:06,473 DEBUG    urllib3.connectionpool Starting new HTTPS connection (1): accounts.google.com:443
2025-09-16 02:26:06,758 DEBUG    urllib3.connectionpool https://accounts.google.com:443 "GET / HTTP/11" 302 365
2025-09-16 02:26:06,867 DEBUG    urllib3.connectionpool https://accounts.google.com:443 "GET /ServiceLogin?passive=1209600&continue=https%3A%2F%2Faccounts.google.com%2F&followup=https%3A%2F%2Faccounts.google.com%2F HTTP/11" 302 0
2025-09-16 02:26:06,980 DEBUG    urllib3.connectionpool https://accounts.google.com:443 "GET /InteractiveLogin?continue=https://accounts.google.com/&followup=https://accounts.google.com/&passive=1209600&ifkv=AdBytiPej2q5UrwQ88bp3LtdQzUcZmEFCrBm3swi_YAQyW8dYIVMGLOsErkQTeVlH--1UgTdueE HTTP/11" 302 552
2025-09-16 02:26:07,099 DEBUG    urllib3.connectionpool https://accounts.google.com:443 "GET /v3/signin/identifier?continue=https%3A%2F%2Faccounts.google.com%2F&followup=https%3A%2F%2Faccounts.google.com%2F&ifkv=AdBytiM4ieX72JW9yXitBPAw3be-3uSzlrMIchdNK6aEtAzgqSsbbHT2g6_JtVwGJjXQGtARcKYP&passive=1209600&flowName=WebLiteSignIn&flowEntry=ServiceLogin&dsh=S-921353211%3A1757978767112237 HTTP/11" 200 None
2025-09-16 02:26:07,757 DEBUG    urllib3.connectionpool Starting new HTTPS connection (1): cloudresourcemanager.googleapis.com:443
2025-09-16 02:26:08,756 DEBUG    urllib3.connectionpool https://cloudresourcemanager.googleapis.com:443 "GET /v1beta1/projects HTTP/11" 401 None
2025-09-16 02:26:08,759 DEBUG    urllib3.connectionpool Starting new HTTPS connection (1): www.googleapis.com:443
2025-09-16 02:26:08,978 DEBUG    urllib3.connectionpool https://www.googleapis.com:443 "GET /auth/cloud-platform HTTP/11" 200 14
2025-09-16 02:26:08,981 DEBUG    urllib3.connectionpool Starting new HTTPS connection (1): dl.google.com:443
2025-09-16 02:26:09,562 DEBUG    urllib3.connectionpool https://dl.google.com:443 "GET /dl/cloudsdk/channels/rapid/components-2.json HTTP/11" 200 233150
2025-09-16 02:26:09,754 INFO     ___FILE_ONLY___ Reachability Check passed.

2025-09-16 02:26:09,754 INFO     ___FILE_ONLY___ Network diagnostic passed (1/1 checks passed).


2025-09-16 02:27:03,636 DEBUG    root            Loaded Command Group: ['gcloud', 'auth']
2025-09-16 02:27:03,643 DEBUG    root            Loaded Command Group: ['gcloud', 'auth', 'login']
2025-09-16 02:27:03,645 INFO     root            Executing: [gcloud auth login --force --brief --no-launch-browser]
2025-09-16 02:27:03,646 DEBUG    root            Running [gcloud.auth.login] with arguments: [--brief: "True", --force: "True", --no-launch-browser: "False"]
2025-09-16 02:27:03,668 DEBUG    requests_oauthlib.oauth2_session Generated new state hiym5l2Y8WFMWDG2PwBltjZTbssELv.
2025-09-16 02:27:03,668 INFO     ___FILE_ONLY___ Go to the following link in your browser, and complete the sign-in prompts:

    https://accounts.google.com/o/oauth2/auth?response_type=code&client_id=32555940559.apps.googleusercontent.com&redirect_uri=https%3A%2F%2Fsdk.cloud.google.com%2Fauthcode.html&scope=openid+https%3A%2F%2Fwww.googleapis.com%2Fauth%2Fuserinfo.email+https%3A%2F%2Fwww.googleapis.com%2Fauth%2Fcloud-platform+https%3A%2F%2Fwww.googleapis.com%2Fauth%2Fappengine.admin+https%3A%2F%2Fwww.googleapis.com%2Fauth%2Fsqlservice.login+https%3A%2F%2Fwww.googleapis.com%2Fauth%2Fcompute+https%3A%2F%2Fwww.googleapis.com%2Fauth%2Faccounts.reauth&state=hiym5l2Y8WFMWDG2PwBltjZTbssELv&prompt=consent&token_usage=remote&access_type=offline&code_challenge=9KWIRSETwpxB7yDXfQTPHz1Kb0L6LXWr1lk2ONISSF4&code_challenge_method=S256


2025-09-16 02:27:22,610 DEBUG    requests_oauthlib.oauth2_session Requesting url https://oauth2.googleapis.com/token using method POST.
2025-09-16 02:27:22,610 DEBUG    requests_oauthlib.oauth2_session Supplying headers {b'Accept': b'application/json', b'Content-Type': b'application/x-www-form-urlencoded;charset=UTF-8', b'user-agent': b'google-cloud-sdk gcloud/538.0.0 command/gcloud.auth.login invocation-id/03a45d9d19644b01a80dfbb390a48ef2 environment/None environment-version/None client-os/MACOSX client-os-ver/24.6.0 client-pltf-arch/arm interactive/True from-script/False python/3.12.11 term/xterm-256color (Macintosh; Intel Mac OS X 24.6.0)'} and data {'grant_type': 'authorization_code', 'client_id': '32555940559.apps.googleusercontent.com', 'client_secret': 'ZmssLNjJy2998hD4CTg2ejr2', 'code': '4/0AVGzR1AwY0FgqEdDhjsm3zMWyxx6O756p0Tt3y6vZA3SiIsuHUrnd8nPdGXtQNv5z8XLMg', 'redirect_uri': 'https://sdk.cloud.google.com/authcode.html', 'code_verifier': 'ezfGnAcp_xFEMH.lTufF_JG9mlUWn_RxJD6btB76GTTapV_OsHTxOK_0jezXO52PAj_jPCzRHzB.60a53Wo15M6dchtQ9h7s_MV0SbCsBkeErgExm3jt12.rDwzaIBqX'}
2025-09-16 02:27:22,610 DEBUG    requests_oauthlib.oauth2_session Passing through key word arguments {'json': None, 'timeout': None, 'auth': None, 'verify': None, 'proxies': None}.
2025-09-16 02:27:22,612 DEBUG    urllib3.connectionpool Starting new HTTPS connection (1): oauth2.googleapis.com:443
2025-09-16 02:27:22,957 DEBUG    urllib3.connectionpool https://oauth2.googleapis.com:443 "POST /token HTTP/11" 200 None
2025-09-16 02:27:22,958 DEBUG    requests_oauthlib.oauth2_session Prepared fetch token request body grant_type=authorization_code&client_id=32555940559.apps.googleusercontent.com&client_secret=ZmssLNjJy2998hD4CTg2ejr2&code=4%2F0AVGzR1AwY0FgqEdDhjsm3zMWyxx6O756p0Tt3y6vZA3SiIsuHUrnd8nPdGXtQNv5z8XLMg&redirect_uri=https%3A%2F%2Fsdk.cloud.google.com%2Fauthcode.html&code_verifier=ezfGnAcp_xFEMH.lTufF_JG9mlUWn_RxJD6btB76GTTapV_OsHTxOK_0jezXO52PAj_jPCzRHzB.60a53Wo15M6dchtQ9h7s_MV0SbCsBkeErgExm3jt12.rDwzaIBqX
2025-09-16 02:27:22,958 DEBUG    requests_oauthlib.oauth2_session Request to fetch token completed with status 200.
2025-09-16 02:27:22,959 DEBUG    requests_oauthlib.oauth2_session Request headers were {'user-agent': b'google-cloud-sdk gcloud/538.0.0 command/gcloud.auth.login invocation-id/03a45d9d19644b01a80dfbb390a48ef2 environment/None environment-version/None client-os/MACOSX client-os-ver/24.6.0 client-pltf-arch/arm interactive/True from-script/False python/3.12.11 term/xterm-256color (Macintosh; Intel Mac OS X 24.6.0)', 'Accept-Encoding': 'gzip, deflate', 'Accept': b'application/json', 'Connection': 'keep-alive', 'Content-Type': b'application/x-www-form-urlencoded;charset=UTF-8', 'Content-Length': '405'}
2025-09-16 02:27:22,959 DEBUG    requests_oauthlib.oauth2_session Request body was grant_type=authorization_code&client_id=32555940559.apps.googleusercontent.com&client_secret=ZmssLNjJy2998hD4CTg2ejr2&code=4%2F0AVGzR1AwY0FgqEdDhjsm3zMWyxx6O756p0Tt3y6vZA3SiIsuHUrnd8nPdGXtQNv5z8XLMg&redirect_uri=https%3A%2F%2Fsdk.cloud.google.com%2Fauthcode.html&code_verifier=ezfGnAcp_xFEMH.lTufF_JG9mlUWn_RxJD6btB76GTTapV_OsHTxOK_0jezXO52PAj_jPCzRHzB.60a53Wo15M6dchtQ9h7s_MV0SbCsBkeErgExm3jt12.rDwzaIBqX
2025-09-16 02:27:22,959 DEBUG    requests_oauthlib.oauth2_session Response headers were {'Cache-Control': 'no-cache, no-store, max-age=0, must-revalidate', 'Expires': 'Mon, 01 Jan 1990 00:00:00 GMT', 'Date': 'Mon, 15 Sep 2025 23:27:23 GMT', 'Pragma': 'no-cache', 'Content-Type': 'application/json; charset=utf-8', 'Vary': 'Origin, X-Origin, Referer', 'Content-Encoding': 'gzip', 'Server': 'scaffolding on HTTPServer2', 'X-XSS-Protection': '0', 'X-Frame-Options': 'SAMEORIGIN', 'X-Content-Type-Options': 'nosniff', 'Alt-Svc': 'h3=":443"; ma=2592000,h3-29=":443"; ma=2592000', 'Transfer-Encoding': 'chunked'} and content {
  "access_token": "ya29.a0AQQ_BDSHw5L4VcYgVlnsw2ipIVgJXfDv3ICHDb-1Un-1cO1kRsDG2oJoNOuv22uXsN1RHLzzNTJ9vSVqJ3mw_CdDhdidH6p5ZkX-KvzlEX9Li3NRioJ6FjAigqtBfuLNrI_n7nBg7XOUCHCjU8laeY_jnhBLrF-I749-JTmheuoiiW1pRKMcrqhNxUhxO0vWGkgD4I8ltMHAaCgYKAaESARMSFQHGX2MiZDhS5T3Bh93Mvcvq7lbvPA0211",
  "expires_in": 3599,
  "refresh_token": "1//03b_Rjqezf5CTCgYIARAAGAMSNwF-L9IrOke4lPue-P5N8w7DXFtCXavrHluQ8d-e6BMbybbgDedAZ-6CK8CJx4jYznLsOUkM-Ww",
  "scope": "https://www.googleapis.com/auth/sqlservice.login https://www.googleapis.com/auth/accounts.reauth https://www.googleapis.com/auth/cloud-platform https://www.googleapis.com/auth/compute https://www.googleapis.com/auth/userinfo.email openid https://www.googleapis.com/auth/appengine.admin",
  "token_type": "Bearer",
  "id_token": "eyJhbGciOiJSUzI1NiIsImtpZCI6IjA3ZjA3OGYyNjQ3ZThjZDAxOWM0MGRhOTU2OWU0ZjUyNDc5OTEwOTQiLCJ0eXAiOiJKV1QifQ.eyJpc3MiOiJodHRwczovL2FjY291bnRzLmdvb2dsZS5jb20iLCJhenAiOiIzMjU1NTk0MDU1OS5hcHBzLmdvb2dsZXVzZXJjb250ZW50LmNvbSIsImF1ZCI6IjMyNTU1OTQwNTU5LmFwcHMuZ29vZ2xldXNlcmNvbnRlbnQuY29tIiwic3ViIjoiMTAyNzI4MDAzNzc3MDc5NzI5MjQ2IiwiZW1haWwiOiJoYW51ZGFuaUBnbWFpbC5jb20iLCJlbWFpbF92ZXJpZmllZCI6dHJ1ZSwiYXRfaGFzaCI6Ik9LWHpnbXRHQzAzeWkweWRPTG1rMWciLCJpYXQiOjE3NTc5Nzg4NDMsImV4cCI6MTc1Nzk4MjQ0M30.gyGp6C7acdwiAXh_p7riwntiL2KtjlgA4J75lbE_tiMQPb_17h42hj9hTnh80XKyfaayzAv9LioBfwYBQR8IpfRfORF13oRDNTfBpDIzP43haLLAd10D1fCiZTVdx4sX6NP7eop5hrddN3qEdlUE_YZlME7AGqfvS0ZzClZlV3jAsovwDqbhd3RyLCU3DPIQEPK0i0fwR5Tu5FxNQOs0VXcd89poiDACZB6-BrUSFO9AQ3-3coQng4DRTe9kJJAuC_bfE_EnY40pJRBSkOoIo6Htw-9MhYN_CaRu4QtvN4kDETTWPkI5ul6J2sjD_5X1d65477h-0SF5zliThJAy0A"
}.
2025-09-16 02:27:22,959 DEBUG    requests_oauthlib.oauth2_session Invoking 0 token response hooks.
2025-09-16 02:27:22,959 DEBUG    requests_oauthlib.oauth2_session Obtained token {'access_token': 'ya29.a0AQQ_BDSHw5L4VcYgVlnsw2ipIVgJXfDv3ICHDb-1Un-1cO1kRsDG2oJoNOuv22uXsN1RHLzzNTJ9vSVqJ3mw_CdDhdidH6p5ZkX-KvzlEX9Li3NRioJ6FjAigqtBfuLNrI_n7nBg7XOUCHCjU8laeY_jnhBLrF-I749-JTmheuoiiW1pRKMcrqhNxUhxO0vWGkgD4I8ltMHAaCgYKAaESARMSFQHGX2MiZDhS5T3Bh93Mvcvq7lbvPA0211', 'expires_in': 3599, 'refresh_token': '1//03b_Rjqezf5CTCgYIARAAGAMSNwF-L9IrOke4lPue-P5N8w7DXFtCXavrHluQ8d-e6BMbybbgDedAZ-6CK8CJx4jYznLsOUkM-Ww', 'scope': ['https://www.googleapis.com/auth/sqlservice.login', 'https://www.googleapis.com/auth/accounts.reauth', 'https://www.googleapis.com/auth/cloud-platform', 'https://www.googleapis.com/auth/compute', 'https://www.googleapis.com/auth/userinfo.email', 'openid', 'https://www.googleapis.com/auth/appengine.admin'], 'token_type': 'Bearer', 'id_token': 'eyJhbGciOiJSUzI1NiIsImtpZCI6IjA3ZjA3OGYyNjQ3ZThjZDAxOWM0MGRhOTU2OWU0ZjUyNDc5OTEwOTQiLCJ0eXAiOiJKV1QifQ.eyJpc3MiOiJodHRwczovL2FjY291bnRzLmdvb2dsZS5jb20iLCJhenAiOiIzMjU1NTk0MDU1OS5hcHBzLmdvb2dsZXVzZXJjb250ZW50LmNvbSIsImF1ZCI6IjMyNTU1OTQwNTU5LmFwcHMuZ29vZ2xldXNlcmNvbnRlbnQuY29tIiwic3ViIjoiMTAyNzI4MDAzNzc3MDc5NzI5MjQ2IiwiZW1haWwiOiJoYW51ZGFuaUBnbWFpbC5jb20iLCJlbWFpbF92ZXJpZmllZCI6dHJ1ZSwiYXRfaGFzaCI6Ik9LWHpnbXRHQzAzeWkweWRPTG1rMWciLCJpYXQiOjE3NTc5Nzg4NDMsImV4cCI6MTc1Nzk4MjQ0M30.gyGp6C7acdwiAXh_p7riwntiL2KtjlgA4J75lbE_tiMQPb_17h42hj9hTnh80XKyfaayzAv9LioBfwYBQR8IpfRfORF13oRDNTfBpDIzP43haLLAd10D1fCiZTVdx4sX6NP7eop5hrddN3qEdlUE_YZlME7AGqfvS0ZzClZlV3jAsovwDqbhd3RyLCU3DPIQEPK0i0fwR5Tu5FxNQOs0VXcd89poiDACZB6-BrUSFO9AQ3-3coQng4DRTe9kJJAuC_bfE_EnY40pJRBSkOoIo6Htw-9MhYN_CaRu4QtvN4kDETTWPkI5ul6J2sjD_5X1d65477h-0SF5zliThJAy0A', 'expires_at': 1757982441.959588}.
2025-09-16 02:27:22,969 DEBUG    root            Chosen display Format:none
2025-09-16 02:27:22,969 INFO     root            Display format: "none"
2025-09-16 02:27:22,980 INFO     ___FILE_ONLY___ You are signed in as: [hanudani@gmail.com].


2025-09-16 02:27:22,986 DEBUG    urllib3.connectionpool Starting new HTTPS connection (1): cloudresourcemanager.googleapis.com:443
2025-09-16 02:27:24,218 DEBUG    urllib3.connectionpool https://cloudresourcemanager.googleapis.com:443 "GET /v1/projects?alt=json&filter=lifecycleState%3AACTIVE&pageSize=201 HTTP/11" 200 None
2025-09-16 02:27:31,120 INFO     ___FILE_ONLY___ Your current project has been set to: [lionsxagent-472222].


2025-09-16 02:27:31,121 DEBUG    root            Loaded Command Group: ['gcloud', 'compute', 'project_info']
2025-09-16 02:27:31,124 DEBUG    root            Loaded Command Group: ['gcloud', 'compute', 'project-info', 'describe']
2025-09-16 02:27:31,126 INFO     root            Executing: [gcloud compute project-info describe --quiet]
2025-09-16 02:27:31,127 DEBUG    root            Running [gcloud.compute.project-info.describe] with arguments: [--no-user-output-enabled: "false", --quiet: "True", --verbosity: "none"]
2025-09-16 02:27:31,197 DEBUG    urllib3.connectionpool Starting new HTTPS connection (1): compute.googleapis.com:443
2025-09-16 02:27:31,707 DEBUG    urllib3.connectionpool https://compute.googleapis.com:443 "GET /compute/v1/projects/lionsxagent-472222?alt=json HTTP/11" 403 None
2025-09-16 02:27:31,710 DEBUG    root            Chosen display Format:value(message.list(separator="
"))
2025-09-16 02:27:31,711 DEBUG    root            Chosen display Format:value(links.flatten(show="values",separator="
"))
2025-09-16 02:27:31,711 DEBUG    root            Chosen display Format:default
2025-09-16 02:27:31,715 DEBUG    root            Chosen display Format:value(message.list(separator="
"))
2025-09-16 02:27:31,715 DEBUG    root            Chosen display Format:value(links.flatten(show="values",separator="
"))
2025-09-16 02:27:31,715 DEBUG    root            Chosen display Format:default
2025-09-16 02:27:31,718 DEBUG    root            Chosen display Format:value(message.list(separator="
"))
2025-09-16 02:27:31,718 DEBUG    root            Chosen display Format:value(links.flatten(show="values",separator="
"))
2025-09-16 02:27:31,718 DEBUG    root            Chosen display Format:default
2025-09-16 02:27:31,727 DEBUG    root            Chosen display Format:value(message.list(separator="
"))
2025-09-16 02:27:31,727 DEBUG    root            Chosen display Format:value(links.flatten(show="values",separator="
"))
2025-09-16 02:27:31,727 DEBUG    root            Chosen display Format:default
2025-09-16 02:27:31,720 DEBUG    root            (gcloud.compute.project-info.describe) [hanudani@gmail.com] does not have permission to access projects instance [lionsxagent-472222] (or it may not exist): Compute Engine API has not been used in project lionsxagent-472222 before or it is disabled. Enable it by visiting https://console.developers.google.com/apis/api/compute.googleapis.com/overview?project=lionsxagent-472222 then retry. If you enabled this API recently, wait a few minutes for the action to propagate to our systems and retry. This command is authenticated as hanudani@gmail.com which is the active account specified by the [core/account] property.
Compute Engine API has not been used in project lionsxagent-472222 before or it is disabled. Enable it by visiting https://console.developers.google.com/apis/api/compute.googleapis.com/overview?project=lionsxagent-472222 then retry. If you enabled this API recently, wait a few minutes for the action to propagate to our systems and retry.
Google developers console API activation
https://console.developers.google.com/apis/api/compute.googleapis.com/overview?project=lionsxagent-472222
- '@type': type.googleapis.com/google.rpc.ErrorInfo
  domain: googleapis.com
  metadata:
    activationUrl: https://console.developers.google.com/apis/api/compute.googleapis.com/overview?project=lionsxagent-472222
    consumer: projects/lionsxagent-472222
    containerInfo: lionsxagent-472222
    service: compute.googleapis.com
    serviceTitle: Compute Engine API
  reason: SERVICE_DISABLED
Traceback (most recent call last):
  File "/opt/homebrew/Caskroom/gcloud-cli/538.0.0/google-cloud-sdk/lib/googlecloudsdk/calliope/cli.py", line 987, in Execute
    resources = calliope_command.Run(cli=self, args=args)
                ^^^^^^^^^^^^^^^^^^^^^^^^^^^^^^^^^^^^^^^^^
  File "/opt/homebrew/Caskroom/gcloud-cli/538.0.0/google-cloud-sdk/lib/googlecloudsdk/calliope/backend.py", line 946, in Run
    resources = command_instance.Run(args)
                ^^^^^^^^^^^^^^^^^^^^^^^^^^
  File "/opt/homebrew/Caskroom/gcloud-cli/538.0.0/google-cloud-sdk/lib/surface/compute/project_info/describe.py", line 37, in Run
    return client.MakeRequests([(client.apitools_client.projects, 'Get',
           ^^^^^^^^^^^^^^^^^^^^^^^^^^^^^^^^^^^^^^^^^^^^^^^^^^^^^^^^^^^^^
  File "/opt/homebrew/Caskroom/gcloud-cli/538.0.0/google-cloud-sdk/lib/googlecloudsdk/api_lib/compute/client_adapter.py", line 128, in MakeRequests
    objects = list(
              ^^^^^
  File "/opt/homebrew/Caskroom/gcloud-cli/538.0.0/google-cloud-sdk/lib/googlecloudsdk/api_lib/compute/request_helper.py", line 321, in MakeRequests
    responses, new_errors = single_request_helper.MakeSingleRequest(
                            ^^^^^^^^^^^^^^^^^^^^^^^^^^^^^^^^^^^^^^^^
  File "/opt/homebrew/Caskroom/gcloud-cli/538.0.0/google-cloud-sdk/lib/googlecloudsdk/api_lib/compute/single_request_helper.py", line 69, in MakeSingleRequest
    response = getattr(service, method)(request=request_body)
               ^^^^^^^^^^^^^^^^^^^^^^^^^^^^^^^^^^^^^^^^^^^^^^
  File "/opt/homebrew/Caskroom/gcloud-cli/538.0.0/google-cloud-sdk/lib/googlecloudsdk/generated_clients/apis/compute/v1/compute_v1_client.py", line 11942, in Get
    return self._RunMethod(
           ^^^^^^^^^^^^^^^^
  File "/opt/homebrew/Caskroom/gcloud-cli/538.0.0/google-cloud-sdk/lib/third_party/apitools/base/py/base_api.py", line 744, in _RunMethod
    http_response = http_wrapper.MakeRequest(
                    ^^^^^^^^^^^^^^^^^^^^^^^^^
  File "/opt/homebrew/Caskroom/gcloud-cli/538.0.0/google-cloud-sdk/lib/third_party/apitools/base/py/http_wrapper.py", line 348, in MakeRequest
    return _MakeRequestNoRetry(
           ^^^^^^^^^^^^^^^^^^^^
  File "/opt/homebrew/Caskroom/gcloud-cli/538.0.0/google-cloud-sdk/lib/third_party/apitools/base/py/http_wrapper.py", line 406, in _MakeRequestNoRetry
    check_response_func(response)
  File "/opt/homebrew/Caskroom/gcloud-cli/538.0.0/google-cloud-sdk/lib/googlecloudsdk/api_lib/util/apis.py", line 239, in _CheckResponse
    _CheckForApiEnablementError(response_as_error)
  File "/opt/homebrew/Caskroom/gcloud-cli/538.0.0/google-cloud-sdk/lib/googlecloudsdk/api_lib/util/apis.py", line 198, in _CheckForApiEnablementError
    PromptToEnableApi(*enablement_info)
  File "/opt/homebrew/Caskroom/gcloud-cli/538.0.0/google-cloud-sdk/lib/googlecloudsdk/api_lib/util/apis.py", line 181, in PromptToEnableApi
    raise exception
googlecloudsdk.api_lib.util.exceptions.HttpException: [hanudani@gmail.com] does not have permission to access projects instance [lionsxagent-472222] (or it may not exist): Compute Engine API has not been used in project lionsxagent-472222 before or it is disabled. Enable it by visiting https://console.developers.google.com/apis/api/compute.googleapis.com/overview?project=lionsxagent-472222 then retry. If you enabled this API recently, wait a few minutes for the action to propagate to our systems and retry. This command is authenticated as hanudani@gmail.com which is the active account specified by the [core/account] property.
Compute Engine API has not been used in project lionsxagent-472222 before or it is disabled. Enable it by visiting https://console.developers.google.com/apis/api/compute.googleapis.com/overview?project=lionsxagent-472222 then retry. If you enabled this API recently, wait a few minutes for the action to propagate to our systems and retry.
Google developers console API activation
https://console.developers.google.com/apis/api/compute.googleapis.com/overview?project=lionsxagent-472222
- '@type': type.googleapis.com/google.rpc.ErrorInfo
  domain: googleapis.com
  metadata:
    activationUrl: https://console.developers.google.com/apis/api/compute.googleapis.com/overview?project=lionsxagent-472222
    consumer: projects/lionsxagent-472222
    containerInfo: lionsxagent-472222
    service: compute.googleapis.com
    serviceTitle: Compute Engine API
  reason: SERVICE_DISABLED
2025-09-16 02:27:31,728 ERROR    root            (gcloud.compute.project-info.describe) [hanudani@gmail.com] does not have permission to access projects instance [lionsxagent-472222] (or it may not exist): Compute Engine API has not been used in project lionsxagent-472222 before or it is disabled. Enable it by visiting https://console.developers.google.com/apis/api/compute.googleapis.com/overview?project=lionsxagent-472222 then retry. If you enabled this API recently, wait a few minutes for the action to propagate to our systems and retry. This command is authenticated as hanudani@gmail.com which is the active account specified by the [core/account] property.
Compute Engine API has not been used in project lionsxagent-472222 before or it is disabled. Enable it by visiting https://console.developers.google.com/apis/api/compute.googleapis.com/overview?project=lionsxagent-472222 then retry. If you enabled this API recently, wait a few minutes for the action to propagate to our systems and retry.
Google developers console API activation
https://console.developers.google.com/apis/api/compute.googleapis.com/overview?project=lionsxagent-472222
- '@type': type.googleapis.com/google.rpc.ErrorInfo
  domain: googleapis.com
  metadata:
    activationUrl: https://console.developers.google.com/apis/api/compute.googleapis.com/overview?project=lionsxagent-472222
    consumer: projects/lionsxagent-472222
    containerInfo: lionsxagent-472222
    service: compute.googleapis.com
    serviceTitle: Compute Engine API
  reason: SERVICE_DISABLED
2025-09-16 02:27:31,728 INFO     root            [compute project-info describe --quiet] has failed

2025-09-16 02:27:31,728 INFO     ___FILE_ONLY___ Not setting default zone/region (this feature makes it easier to use
[gcloud compute] by setting an appropriate default value for the
--zone and --region flag).
See https://cloud.google.com/compute/docs/gcloud-compute section on how to set
default compute region and zone manually. If you would like [gcloud init] to be
able to do this for you the next time you run it, make sure the
Compute Engine API is enabled for your project on the
https://console.developers.google.com/apis page.


2025-09-16 02:27:31,728 DEBUG    root            Not configuring default .boto file. File already exists at [/Users/danielions/.boto].
2025-09-16 02:27:31,728 INFO     ___FILE_ONLY___ The Google Cloud CLI is configured and ready to use!


2025-09-16 02:27:31,728 INFO     ___FILE_ONLY___ * Commands that require authentication will use hanudani@gmail.com by default

2025-09-16 02:27:31,728 INFO     ___FILE_ONLY___ * Commands will reference project `lionsxagent-472222` by default

2025-09-16 02:27:31,728 INFO     ___FILE_ONLY___ Run `gcloud help config` to learn how to change individual settings


2025-09-16 02:27:31,728 INFO     ___FILE_ONLY___ This gcloud configuration is called [lions30]. You can create additional configurations if you work with multiple accounts and/or projects.

2025-09-16 02:27:31,728 INFO     ___FILE_ONLY___ Run `gcloud topic configurations` to learn more.


2025-09-16 02:27:31,728 INFO     ___FILE_ONLY___ Some things to try next:


2025-09-16 02:27:31,728 INFO     ___FILE_ONLY___ * Run `gcloud --help` to see the Cloud Platform services you can interact with. And run `gcloud help COMMAND` to get help on any gcloud command.

2025-09-16 02:27:31,728 INFO     ___FILE_ONLY___ * Run `gcloud topic --help` to learn about advanced features of the CLI like arg files and output formatting

2025-09-16 02:27:31,728 INFO     ___FILE_ONLY___ * Run `gcloud cheat-sheet` to see a roster of go-to `gcloud` commands.

2025-09-16 02:27:31,728 DEBUG    root            Chosen display Format:default
2025-09-16 02:27:31,729 INFO     root            Display format: "default"
