2025-09-16 02:37:02,687 DEBUG    root            Loaded Command Group: ['gcloud', 'projects']
2025-09-16 02:37:02,694 DEBUG    root            Loaded Command Group: ['gcloud', 'projects', 'add_iam_policy_binding']
2025-09-16 02:37:02,697 DEBUG    root            Running [gcloud.projects.add-iam-policy-binding] with arguments: [--member: "serviceAccount:vertex-pipeline@lionsxagent-472222.iam.gserviceaccount.com", --role: "roles/owner", PROJECT_ID: "lionsxagent-472222"]
2025-09-16 02:37:02,709 DEBUG    urllib3.connectionpool Starting new HTTPS connection (1): cloudresourcemanager.googleapis.com:443
2025-09-16 02:37:04,394 DEBUG    urllib3.connectionpool https://cloudresourcemanager.googleapis.com:443 "POST /v1/projects/lionsxagent-472222:getIamPolicy?alt=json HTTP/11" 200 None
2025-09-16 02:37:04,409 DEBUG    urllib3.connectionpool Starting new HTTPS connection (1): cloudresourcemanager.googleapis.com:443
2025-09-16 02:37:06,950 DEBUG    urllib3.connectionpool https://cloudresourcemanager.googleapis.com:443 "POST /v1/projects/lionsxagent-472222:setIamPolicy?alt=json HTTP/11" 200 None
2025-09-16 02:37:06,952 INFO     ___FILE_ONLY___ Updated IAM policy for project [lionsxagent-472222].

2025-09-16 02:37:06,953 DEBUG    root            Chosen display Format:default
2025-09-16 02:37:06,954 INFO     root            Display format: "default"
2025-09-16 02:37:06,976 INFO     ___FILE_ONLY___ bindings
2025-09-16 02:37:06,976 INFO     ___FILE_ONLY___ :
2025-09-16 02:37:06,976 INFO     ___FILE_ONLY___ 

2025-09-16 02:37:06,976 INFO     ___FILE_ONLY___ -
2025-09-16 02:37:06,976 INFO     ___FILE_ONLY___  
2025-09-16 02:37:06,977 INFO     ___FILE_ONLY___ members
2025-09-16 02:37:06,977 INFO     ___FILE_ONLY___ :
2025-09-16 02:37:06,977 INFO     ___FILE_ONLY___ 

2025-09-16 02:37:06,977 INFO     ___FILE_ONLY___   
2025-09-16 02:37:06,977 INFO     ___FILE_ONLY___ -
2025-09-16 02:37:06,977 INFO     ___FILE_ONLY___  
2025-09-16 02:37:06,977 INFO     ___FILE_ONLY___ serviceAccount:649309776370@cloudbuild.gserviceaccount.com
2025-09-16 02:37:06,977 INFO     ___FILE_ONLY___ 

2025-09-16 02:37:06,977 INFO     ___FILE_ONLY___   
2025-09-16 02:37:06,977 INFO     ___FILE_ONLY___ role
2025-09-16 02:37:06,977 INFO     ___FILE_ONLY___ :
2025-09-16 02:37:06,977 INFO     ___FILE_ONLY___  
2025-09-16 02:37:06,977 INFO     ___FILE_ONLY___ roles/cloudbuild.builds.builder
2025-09-16 02:37:06,977 INFO     ___FILE_ONLY___ 

2025-09-16 02:37:06,977 INFO     ___FILE_ONLY___ -
2025-09-16 02:37:06,978 INFO     ___FILE_ONLY___  
2025-09-16 02:37:06,978 INFO     ___FILE_ONLY___ members
2025-09-16 02:37:06,978 INFO     ___FILE_ONLY___ :
2025-09-16 02:37:06,978 INFO     ___FILE_ONLY___ 

2025-09-16 02:37:06,978 INFO     ___FILE_ONLY___   
2025-09-16 02:37:06,978 INFO     ___FILE_ONLY___ -
2025-09-16 02:37:06,978 INFO     ___FILE_ONLY___  
2025-09-16 02:37:06,978 INFO     ___FILE_ONLY___ serviceAccount:service-649309776370@gcp-sa-cloudbuild.iam.gserviceaccount.com
2025-09-16 02:37:06,978 INFO     ___FILE_ONLY___ 

2025-09-16 02:37:06,978 INFO     ___FILE_ONLY___   
2025-09-16 02:37:06,978 INFO     ___FILE_ONLY___ role
2025-09-16 02:37:06,978 INFO     ___FILE_ONLY___ :
2025-09-16 02:37:06,978 INFO     ___FILE_ONLY___  
2025-09-16 02:37:06,978 INFO     ___FILE_ONLY___ roles/cloudbuild.serviceAgent
2025-09-16 02:37:06,978 INFO     ___FILE_ONLY___ 

2025-09-16 02:37:06,978 INFO     ___FILE_ONLY___ -
2025-09-16 02:37:06,979 INFO     ___FILE_ONLY___  
2025-09-16 02:37:06,979 INFO     ___FILE_ONLY___ members
2025-09-16 02:37:06,979 INFO     ___FILE_ONLY___ :
2025-09-16 02:37:06,979 INFO     ___FILE_ONLY___ 

2025-09-16 02:37:06,979 INFO     ___FILE_ONLY___   
2025-09-16 02:37:06,979 INFO     ___FILE_ONLY___ -
2025-09-16 02:37:06,979 INFO     ___FILE_ONLY___  
2025-09-16 02:37:06,979 INFO     ___FILE_ONLY___ serviceAccount:service-649309776370@compute-system.iam.gserviceaccount.com
2025-09-16 02:37:06,979 INFO     ___FILE_ONLY___ 

2025-09-16 02:37:06,979 INFO     ___FILE_ONLY___   
2025-09-16 02:37:06,979 INFO     ___FILE_ONLY___ role
2025-09-16 02:37:06,979 INFO     ___FILE_ONLY___ :
2025-09-16 02:37:06,979 INFO     ___FILE_ONLY___  
2025-09-16 02:37:06,979 INFO     ___FILE_ONLY___ roles/compute.serviceAgent
2025-09-16 02:37:06,979 INFO     ___FILE_ONLY___ 

2025-09-16 02:37:06,979 INFO     ___FILE_ONLY___ -
2025-09-16 02:37:06,979 INFO     ___FILE_ONLY___  
2025-09-16 02:37:06,979 INFO     ___FILE_ONLY___ members
2025-09-16 02:37:06,979 INFO     ___FILE_ONLY___ :
2025-09-16 02:37:06,979 INFO     ___FILE_ONLY___ 

2025-09-16 02:37:06,979 INFO     ___FILE_ONLY___   
2025-09-16 02:37:06,979 INFO     ___FILE_ONLY___ -
2025-09-16 02:37:06,979 INFO     ___FILE_ONLY___  
2025-09-16 02:37:06,979 INFO     ___FILE_ONLY___ serviceAccount:service-649309776370@containerregistry.iam.gserviceaccount.com
2025-09-16 02:37:06,980 INFO     ___FILE_ONLY___ 

2025-09-16 02:37:06,980 INFO     ___FILE_ONLY___   
2025-09-16 02:37:06,980 INFO     ___FILE_ONLY___ role
2025-09-16 02:37:06,980 INFO     ___FILE_ONLY___ :
2025-09-16 02:37:06,980 INFO     ___FILE_ONLY___  
2025-09-16 02:37:06,980 INFO     ___FILE_ONLY___ roles/containerregistry.ServiceAgent
2025-09-16 02:37:06,980 INFO     ___FILE_ONLY___ 

2025-09-16 02:37:06,980 INFO     ___FILE_ONLY___ -
2025-09-16 02:37:06,980 INFO     ___FILE_ONLY___  
2025-09-16 02:37:06,980 INFO     ___FILE_ONLY___ members
2025-09-16 02:37:06,980 INFO     ___FILE_ONLY___ :
2025-09-16 02:37:06,980 INFO     ___FILE_ONLY___ 

2025-09-16 02:37:06,980 INFO     ___FILE_ONLY___   
2025-09-16 02:37:06,980 INFO     ___FILE_ONLY___ -
2025-09-16 02:37:06,980 INFO     ___FILE_ONLY___  
2025-09-16 02:37:06,980 INFO     ___FILE_ONLY___ serviceAccount:649309776370@cloudservices.gserviceaccount.com
2025-09-16 02:37:06,980 INFO     ___FILE_ONLY___ 

2025-09-16 02:37:06,980 INFO     ___FILE_ONLY___   
2025-09-16 02:37:06,980 INFO     ___FILE_ONLY___ role
2025-09-16 02:37:06,980 INFO     ___FILE_ONLY___ :
2025-09-16 02:37:06,980 INFO     ___FILE_ONLY___  
2025-09-16 02:37:06,980 INFO     ___FILE_ONLY___ roles/editor
2025-09-16 02:37:06,980 INFO     ___FILE_ONLY___ 

2025-09-16 02:37:06,980 INFO     ___FILE_ONLY___ -
2025-09-16 02:37:06,980 INFO     ___FILE_ONLY___  
2025-09-16 02:37:06,980 INFO     ___FILE_ONLY___ members
2025-09-16 02:37:06,980 INFO     ___FILE_ONLY___ :
2025-09-16 02:37:06,980 INFO     ___FILE_ONLY___ 

2025-09-16 02:37:06,980 INFO     ___FILE_ONLY___   
2025-09-16 02:37:06,980 INFO     ___FILE_ONLY___ -
2025-09-16 02:37:06,980 INFO     ___FILE_ONLY___  
2025-09-16 02:37:06,980 INFO     ___FILE_ONLY___ serviceAccount:service-649309776370@gcp-sa-notebooksecurityscanner.iam.gserviceaccount.com
2025-09-16 02:37:06,980 INFO     ___FILE_ONLY___ 

2025-09-16 02:37:06,980 INFO     ___FILE_ONLY___   
2025-09-16 02:37:06,980 INFO     ___FILE_ONLY___ role
2025-09-16 02:37:06,980 INFO     ___FILE_ONLY___ :
2025-09-16 02:37:06,980 INFO     ___FILE_ONLY___  
2025-09-16 02:37:06,980 INFO     ___FILE_ONLY___ roles/notebooksecurityscanner.serviceAgent
2025-09-16 02:37:06,980 INFO     ___FILE_ONLY___ 

2025-09-16 02:37:06,980 INFO     ___FILE_ONLY___ -
2025-09-16 02:37:06,980 INFO     ___FILE_ONLY___  
2025-09-16 02:37:06,980 INFO     ___FILE_ONLY___ members
2025-09-16 02:37:06,980 INFO     ___FILE_ONLY___ :
2025-09-16 02:37:06,980 INFO     ___FILE_ONLY___ 

2025-09-16 02:37:06,980 INFO     ___FILE_ONLY___   
2025-09-16 02:37:06,980 INFO     ___FILE_ONLY___ -
2025-09-16 02:37:06,981 INFO     ___FILE_ONLY___  
2025-09-16 02:37:06,981 INFO     ___FILE_ONLY___ serviceAccount:vertex-pipeline@lionsxagent-472222.iam.gserviceaccount.com
2025-09-16 02:37:06,981 INFO     ___FILE_ONLY___ 

2025-09-16 02:37:06,981 INFO     ___FILE_ONLY___   
2025-09-16 02:37:06,981 INFO     ___FILE_ONLY___ -
2025-09-16 02:37:06,981 INFO     ___FILE_ONLY___  
2025-09-16 02:37:06,981 INFO     ___FILE_ONLY___ user:Hanudani@gmail.com
2025-09-16 02:37:06,981 INFO     ___FILE_ONLY___ 

2025-09-16 02:37:06,981 INFO     ___FILE_ONLY___   
2025-09-16 02:37:06,981 INFO     ___FILE_ONLY___ role
2025-09-16 02:37:06,981 INFO     ___FILE_ONLY___ :
2025-09-16 02:37:06,981 INFO     ___FILE_ONLY___  
2025-09-16 02:37:06,981 INFO     ___FILE_ONLY___ roles/owner
2025-09-16 02:37:06,981 INFO     ___FILE_ONLY___ 

2025-09-16 02:37:06,981 INFO     ___FILE_ONLY___ -
2025-09-16 02:37:06,981 INFO     ___FILE_ONLY___  
2025-09-16 02:37:06,981 INFO     ___FILE_ONLY___ members
2025-09-16 02:37:06,981 INFO     ___FILE_ONLY___ :
2025-09-16 02:37:06,981 INFO     ___FILE_ONLY___ 

2025-09-16 02:37:06,981 INFO     ___FILE_ONLY___   
2025-09-16 02:37:06,981 INFO     ___FILE_ONLY___ -
2025-09-16 02:37:06,981 INFO     ___FILE_ONLY___  
2025-09-16 02:37:06,981 INFO     ___FILE_ONLY___ serviceAccount:service-649309776370@gcp-sa-pubsub.iam.gserviceaccount.com
2025-09-16 02:37:06,981 INFO     ___FILE_ONLY___ 

2025-09-16 02:37:06,981 INFO     ___FILE_ONLY___   
2025-09-16 02:37:06,981 INFO     ___FILE_ONLY___ role
2025-09-16 02:37:06,981 INFO     ___FILE_ONLY___ :
2025-09-16 02:37:06,981 INFO     ___FILE_ONLY___  
2025-09-16 02:37:06,981 INFO     ___FILE_ONLY___ roles/pubsub.serviceAgent
2025-09-16 02:37:06,981 INFO     ___FILE_ONLY___ 

2025-09-16 02:37:06,981 INFO     ___FILE_ONLY___ -
2025-09-16 02:37:06,981 INFO     ___FILE_ONLY___  
2025-09-16 02:37:06,981 INFO     ___FILE_ONLY___ members
2025-09-16 02:37:06,981 INFO     ___FILE_ONLY___ :
2025-09-16 02:37:06,981 INFO     ___FILE_ONLY___ 

2025-09-16 02:37:06,981 INFO     ___FILE_ONLY___   
2025-09-16 02:37:06,981 INFO     ___FILE_ONLY___ -
2025-09-16 02:37:06,981 INFO     ___FILE_ONLY___  
2025-09-16 02:37:06,981 INFO     ___FILE_ONLY___ serviceAccount:service-649309776370@serverless-robot-prod.iam.gserviceaccount.com
2025-09-16 02:37:06,981 INFO     ___FILE_ONLY___ 

2025-09-16 02:37:06,981 INFO     ___FILE_ONLY___   
2025-09-16 02:37:06,981 INFO     ___FILE_ONLY___ role
2025-09-16 02:37:06,981 INFO     ___FILE_ONLY___ :
2025-09-16 02:37:06,981 INFO     ___FILE_ONLY___  
2025-09-16 02:37:06,981 INFO     ___FILE_ONLY___ roles/run.serviceAgent
2025-09-16 02:37:06,981 INFO     ___FILE_ONLY___ 

2025-09-16 02:37:06,981 INFO     ___FILE_ONLY___ etag
2025-09-16 02:37:06,981 INFO     ___FILE_ONLY___ :
2025-09-16 02:37:06,981 INFO     ___FILE_ONLY___  
2025-09-16 02:37:06,982 INFO     ___FILE_ONLY___ BwY-33s7Oas=
2025-09-16 02:37:06,982 INFO     ___FILE_ONLY___ 

2025-09-16 02:37:06,982 INFO     ___FILE_ONLY___ version
2025-09-16 02:37:06,982 INFO     ___FILE_ONLY___ :
2025-09-16 02:37:06,982 INFO     ___FILE_ONLY___  
2025-09-16 02:37:06,982 INFO     ___FILE_ONLY___ 1
2025-09-16 02:37:06,982 INFO     ___FILE_ONLY___ 

