2025-09-16 07:41:59,806 DEBUG    root            Loaded Command Group: ['gcloud', 'init']
2025-09-16 07:41:59,807 DEBUG    root            Running [gcloud.init] with arguments: []
2025-09-16 07:41:59,807 INFO     ___FILE_ONLY___ Welcome! This command will take you through the configuration of gcloud.


2025-09-16 07:41:59,808 INFO     ___FILE_ONLY___ Settings from your current configuration [lions30] are:

2025-09-16 07:41:59,810 INFO     ___FILE_ONLY___ ai:
  region: us-east1
compute:
  region: us-east1
  zone: us-east1-b
core:
  account: hanudani@gmail.com
  disable_usage_reporting: 'True'
  project: lionstour

2025-09-16 07:41:59,810 INFO     ___FILE_ONLY___ 

2025-09-16 07:44:04,611 INFO     ___FILE_ONLY___ Your current configuration has been set to: [lionstour]


2025-09-16 07:44:04,611 INFO     ___FILE_ONLY___ You can skip diagnostics next time by using the following flag:

2025-09-16 07:44:04,611 INFO     ___FILE_ONLY___   gcloud init --skip-diagnostics


2025-09-16 07:44:04,645 INFO     ___FILE_ONLY___ Network diagnostic detects and fixes local network connection issues.

2025-09-16 07:44:04,645 INFO     ___FILE_ONLY___ Checking network connection...
2025-09-16 07:44:06,463 DEBUG    urllib3.connectionpool Starting new HTTPS connection (1): accounts.google.com:443
2025-09-16 07:44:06,713 DEBUG    urllib3.connectionpool https://accounts.google.com:443 "GET / HTTP/11" 302 365
2025-09-16 07:44:06,804 DEBUG    urllib3.connectionpool https://accounts.google.com:443 "GET /ServiceLogin?passive=1209600&continue=https%3A%2F%2Faccounts.google.com%2F&followup=https%3A%2F%2Faccounts.google.com%2F HTTP/11" 302 0
2025-09-16 07:44:06,896 DEBUG    urllib3.connectionpool https://accounts.google.com:443 "GET /InteractiveLogin?continue=https://accounts.google.com/&followup=https://accounts.google.com/&passive=1209600&ifkv=AfYwgwVVZHU7cr5OveDNakEcNYpH8ioCY747Wa21ijyVADjiPfMWSZeRIC85bm0hq4SP_gycJZe9nA HTTP/11" 302 554
2025-09-16 07:44:07,013 DEBUG    urllib3.connectionpool https://accounts.google.com:443 "GET /v3/signin/identifier?continue=https%3A%2F%2Faccounts.google.com%2F&followup=https%3A%2F%2Faccounts.google.com%2F&ifkv=AfYwgwXxqTAcDBE6DnGLVlAR3uTaODlb7nVfH48w-Gcy04wQSPB23cOZkb3MKqFtwhAjr8k-s1bfBQ&passive=1209600&flowName=WebLiteSignIn&flowEntry=ServiceLogin&dsh=S1493875683%3A1757997846925253 HTTP/11" 200 None
2025-09-16 07:44:07,229 DEBUG    urllib3.connectionpool Starting new HTTPS connection (1): cloudresourcemanager.googleapis.com:443
2025-09-16 07:44:08,185 DEBUG    urllib3.connectionpool https://cloudresourcemanager.googleapis.com:443 "GET /v1beta1/projects HTTP/11" 401 None
2025-09-16 07:44:08,188 DEBUG    urllib3.connectionpool Starting new HTTPS connection (1): www.googleapis.com:443
2025-09-16 07:44:08,341 DEBUG    urllib3.connectionpool https://www.googleapis.com:443 "GET /auth/cloud-platform HTTP/11" 200 14
2025-09-16 07:44:08,344 DEBUG    urllib3.connectionpool Starting new HTTPS connection (1): dl.google.com:443
2025-09-16 07:44:08,619 DEBUG    urllib3.connectionpool https://dl.google.com:443 "GET /dl/cloudsdk/channels/rapid/components-2.json HTTP/11" 200 233150
2025-09-16 07:44:08,721 INFO     ___FILE_ONLY___ Reachability Check passed.

2025-09-16 07:44:08,721 INFO     ___FILE_ONLY___ Network diagnostic passed (1/1 checks passed).


2025-09-16 07:46:06,872 INFO     ___FILE_ONLY___ You are signed in as: [admin@lionsofzion-official.org].


2025-09-16 07:46:06,880 DEBUG    google.auth.transport.requests Making request: POST https://oauth2.googleapis.com/token
2025-09-16 07:46:06,881 DEBUG    urllib3.connectionpool Starting new HTTPS connection (1): oauth2.googleapis.com:443
2025-09-16 07:46:07,151 DEBUG    urllib3.connectionpool https://oauth2.googleapis.com:443 "POST /token HTTP/11" 200 None
2025-09-16 07:46:07,160 DEBUG    urllib3.connectionpool Starting new HTTPS connection (1): cloudresourcemanager.googleapis.com:443
2025-09-16 07:46:08,298 DEBUG    urllib3.connectionpool https://cloudresourcemanager.googleapis.com:443 "GET /v1/projects?alt=json&filter=lifecycleState%3AACTIVE&pageSize=201 HTTP/11" 200 None
2025-09-16 07:46:14,672 INFO     ___FILE_ONLY___ Your current project has been set to: [lionstour].


2025-09-16 07:46:14,674 DEBUG    root            Loaded Command Group: ['gcloud', 'compute', 'project_info']
2025-09-16 07:46:14,676 DEBUG    root            Loaded Command Group: ['gcloud', 'compute', 'project-info', 'describe']
2025-09-16 07:46:14,677 INFO     root            Executing: [gcloud compute project-info describe --quiet]
2025-09-16 07:46:14,678 DEBUG    root            Running [gcloud.compute.project-info.describe] with arguments: [--no-user-output-enabled: "false", --quiet: "True", --verbosity: "none"]
2025-09-16 07:46:14,765 DEBUG    urllib3.connectionpool Starting new HTTPS connection (1): compute.googleapis.com:443
2025-09-16 07:46:15,169 DEBUG    urllib3.connectionpool https://compute.googleapis.com:443 "GET /compute/v1/projects/lionstour?alt=json HTTP/11" 403 None
2025-09-16 07:46:15,171 DEBUG    root            Chosen display Format:value(message.list(separator="
"))
2025-09-16 07:46:15,190 DEBUG    root            Chosen display Format:value(links.flatten(show="values",separator="
"))
2025-09-16 07:46:15,190 DEBUG    root            Chosen display Format:default
2025-09-16 07:46:15,191 DEBUG    root            Chosen display Format:value(message.list(separator="
"))
2025-09-16 07:46:15,192 DEBUG    root            Chosen display Format:value(links.flatten(show="values",separator="
"))
2025-09-16 07:46:15,192 DEBUG    root            Chosen display Format:default
2025-09-16 07:46:15,193 DEBUG    root            Chosen display Format:value(message.list(separator="
"))
2025-09-16 07:46:15,193 DEBUG    root            Chosen display Format:value(links.flatten(show="values",separator="
"))
2025-09-16 07:46:15,193 DEBUG    root            Chosen display Format:default
2025-09-16 07:46:15,200 DEBUG    root            Chosen display Format:value(message.list(separator="
"))
2025-09-16 07:46:15,200 DEBUG    root            Chosen display Format:value(links.flatten(show="values",separator="
"))
2025-09-16 07:46:15,200 DEBUG    root            Chosen display Format:default
2025-09-16 07:46:15,194 DEBUG    root            (gcloud.compute.project-info.describe) [admin@lionsofzion-official.org] does not have permission to access projects instance [lionstour] (or it may not exist): Compute Engine API has not been used in project lionstour before or it is disabled. Enable it by visiting https://console.developers.google.com/apis/api/compute.googleapis.com/overview?project=lionstour then retry. If you enabled this API recently, wait a few minutes for the action to propagate to our systems and retry. This command is authenticated as admin@lionsofzion-official.org which is the active account specified by the [core/account] property.
Compute Engine API has not been used in project lionstour before or it is disabled. Enable it by visiting https://console.developers.google.com/apis/api/compute.googleapis.com/overview?project=lionstour then retry. If you enabled this API recently, wait a few minutes for the action to propagate to our systems and retry.
Google developers console API activation
https://console.developers.google.com/apis/api/compute.googleapis.com/overview?project=lionstour
- '@type': type.googleapis.com/google.rpc.ErrorInfo
  domain: googleapis.com
  metadata:
    activationUrl: https://console.developers.google.com/apis/api/compute.googleapis.com/overview?project=lionstour
    consumer: projects/lionstour
    containerInfo: lionstour
    service: compute.googleapis.com
    serviceTitle: Compute Engine API
  reason: SERVICE_DISABLED
Traceback (most recent call last):
  File "/opt/homebrew/Caskroom/gcloud-cli/538.0.0/google-cloud-sdk/lib/googlecloudsdk/calliope/cli.py", line 987, in Execute
    resources = calliope_command.Run(cli=self, args=args)
                ^^^^^^^^^^^^^^^^^^^^^^^^^^^^^^^^^^^^^^^^^
  File "/opt/homebrew/Caskroom/gcloud-cli/538.0.0/google-cloud-sdk/lib/googlecloudsdk/calliope/backend.py", line 946, in Run
    resources = command_instance.Run(args)
                ^^^^^^^^^^^^^^^^^^^^^^^^^^
  File "/opt/homebrew/Caskroom/gcloud-cli/538.0.0/google-cloud-sdk/lib/surface/compute/project_info/describe.py", line 37, in Run
    return client.MakeRequests([(client.apitools_client.projects, 'Get',
           ^^^^^^^^^^^^^^^^^^^^^^^^^^^^^^^^^^^^^^^^^^^^^^^^^^^^^^^^^^^^^
  File "/opt/homebrew/Caskroom/gcloud-cli/538.0.0/google-cloud-sdk/lib/googlecloudsdk/api_lib/compute/client_adapter.py", line 128, in MakeRequests
    objects = list(
              ^^^^^
  File "/opt/homebrew/Caskroom/gcloud-cli/538.0.0/google-cloud-sdk/lib/googlecloudsdk/api_lib/compute/request_helper.py", line 321, in MakeRequests
    responses, new_errors = single_request_helper.MakeSingleRequest(
                            ^^^^^^^^^^^^^^^^^^^^^^^^^^^^^^^^^^^^^^^^
  File "/opt/homebrew/Caskroom/gcloud-cli/538.0.0/google-cloud-sdk/lib/googlecloudsdk/api_lib/compute/single_request_helper.py", line 69, in MakeSingleRequest
    response = getattr(service, method)(request=request_body)
               ^^^^^^^^^^^^^^^^^^^^^^^^^^^^^^^^^^^^^^^^^^^^^^
  File "/opt/homebrew/Caskroom/gcloud-cli/538.0.0/google-cloud-sdk/lib/googlecloudsdk/generated_clients/apis/compute/v1/compute_v1_client.py", line 11942, in Get
    return self._RunMethod(
           ^^^^^^^^^^^^^^^^
  File "/opt/homebrew/Caskroom/gcloud-cli/538.0.0/google-cloud-sdk/lib/third_party/apitools/base/py/base_api.py", line 744, in _RunMethod
    http_response = http_wrapper.MakeRequest(
                    ^^^^^^^^^^^^^^^^^^^^^^^^^
  File "/opt/homebrew/Caskroom/gcloud-cli/538.0.0/google-cloud-sdk/lib/third_party/apitools/base/py/http_wrapper.py", line 348, in MakeRequest
    return _MakeRequestNoRetry(
           ^^^^^^^^^^^^^^^^^^^^
  File "/opt/homebrew/Caskroom/gcloud-cli/538.0.0/google-cloud-sdk/lib/third_party/apitools/base/py/http_wrapper.py", line 406, in _MakeRequestNoRetry
    check_response_func(response)
  File "/opt/homebrew/Caskroom/gcloud-cli/538.0.0/google-cloud-sdk/lib/googlecloudsdk/api_lib/util/apis.py", line 239, in _CheckResponse
    _CheckForApiEnablementError(response_as_error)
  File "/opt/homebrew/Caskroom/gcloud-cli/538.0.0/google-cloud-sdk/lib/googlecloudsdk/api_lib/util/apis.py", line 198, in _CheckForApiEnablementError
    PromptToEnableApi(*enablement_info)
  File "/opt/homebrew/Caskroom/gcloud-cli/538.0.0/google-cloud-sdk/lib/googlecloudsdk/api_lib/util/apis.py", line 181, in PromptToEnableApi
    raise exception
googlecloudsdk.api_lib.util.exceptions.HttpException: [admin@lionsofzion-official.org] does not have permission to access projects instance [lionstour] (or it may not exist): Compute Engine API has not been used in project lionstour before or it is disabled. Enable it by visiting https://console.developers.google.com/apis/api/compute.googleapis.com/overview?project=lionstour then retry. If you enabled this API recently, wait a few minutes for the action to propagate to our systems and retry. This command is authenticated as admin@lionsofzion-official.org which is the active account specified by the [core/account] property.
Compute Engine API has not been used in project lionstour before or it is disabled. Enable it by visiting https://console.developers.google.com/apis/api/compute.googleapis.com/overview?project=lionstour then retry. If you enabled this API recently, wait a few minutes for the action to propagate to our systems and retry.
Google developers console API activation
https://console.developers.google.com/apis/api/compute.googleapis.com/overview?project=lionstour
- '@type': type.googleapis.com/google.rpc.ErrorInfo
  domain: googleapis.com
  metadata:
    activationUrl: https://console.developers.google.com/apis/api/compute.googleapis.com/overview?project=lionstour
    consumer: projects/lionstour
    containerInfo: lionstour
    service: compute.googleapis.com
    serviceTitle: Compute Engine API
  reason: SERVICE_DISABLED
2025-09-16 07:46:15,202 ERROR    root            (gcloud.compute.project-info.describe) [admin@lionsofzion-official.org] does not have permission to access projects instance [lionstour] (or it may not exist): Compute Engine API has not been used in project lionstour before or it is disabled. Enable it by visiting https://console.developers.google.com/apis/api/compute.googleapis.com/overview?project=lionstour then retry. If you enabled this API recently, wait a few minutes for the action to propagate to our systems and retry. This command is authenticated as admin@lionsofzion-official.org which is the active account specified by the [core/account] property.
Compute Engine API has not been used in project lionstour before or it is disabled. Enable it by visiting https://console.developers.google.com/apis/api/compute.googleapis.com/overview?project=lionstour then retry. If you enabled this API recently, wait a few minutes for the action to propagate to our systems and retry.
Google developers console API activation
https://console.developers.google.com/apis/api/compute.googleapis.com/overview?project=lionstour
- '@type': type.googleapis.com/google.rpc.ErrorInfo
  domain: googleapis.com
  metadata:
    activationUrl: https://console.developers.google.com/apis/api/compute.googleapis.com/overview?project=lionstour
    consumer: projects/lionstour
    containerInfo: lionstour
    service: compute.googleapis.com
    serviceTitle: Compute Engine API
  reason: SERVICE_DISABLED
2025-09-16 07:46:15,202 INFO     root            [compute project-info describe --quiet] has failed

2025-09-16 07:46:15,202 INFO     ___FILE_ONLY___ Not setting default zone/region (this feature makes it easier to use
[gcloud compute] by setting an appropriate default value for the
--zone and --region flag).
See https://cloud.google.com/compute/docs/gcloud-compute section on how to set
default compute region and zone manually. If you would like [gcloud init] to be
able to do this for you the next time you run it, make sure the
Compute Engine API is enabled for your project on the
https://console.developers.google.com/apis page.


2025-09-16 07:46:15,202 DEBUG    root            Not configuring default .boto file. File already exists at [/Users/danielions/.boto].
2025-09-16 07:46:15,202 INFO     ___FILE_ONLY___ The Google Cloud CLI is configured and ready to use!


2025-09-16 07:46:15,202 INFO     ___FILE_ONLY___ * Commands that require authentication will use admin@lionsofzion-official.org by default

2025-09-16 07:46:15,202 INFO     ___FILE_ONLY___ * Commands will reference project `lionstour` by default

2025-09-16 07:46:15,202 INFO     ___FILE_ONLY___ Run `gcloud help config` to learn how to change individual settings


2025-09-16 07:46:15,202 INFO     ___FILE_ONLY___ This gcloud configuration is called [lionstour]. You can create additional configurations if you work with multiple accounts and/or projects.

2025-09-16 07:46:15,202 INFO     ___FILE_ONLY___ Run `gcloud topic configurations` to learn more.


2025-09-16 07:46:15,202 INFO     ___FILE_ONLY___ Some things to try next:


2025-09-16 07:46:15,202 INFO     ___FILE_ONLY___ * Run `gcloud --help` to see the Cloud Platform services you can interact with. And run `gcloud help COMMAND` to get help on any gcloud command.

2025-09-16 07:46:15,203 INFO     ___FILE_ONLY___ * Run `gcloud topic --help` to learn about advanced features of the CLI like arg files and output formatting

2025-09-16 07:46:15,203 INFO     ___FILE_ONLY___ * Run `gcloud cheat-sheet` to see a roster of go-to `gcloud` commands.

2025-09-16 07:46:15,203 DEBUG    root            Chosen display Format:default
2025-09-16 07:46:15,203 INFO     root            Display format: "default"
