2025-09-16 23:32:32,195 DEBUG    root            Loaded Command Group: ['gcloud', 'firestore']
2025-09-16 23:32:32,196 DEBUG    root            Loaded Command Group: ['gcloud', 'firestore', 'databases']
2025-09-16 23:32:32,197 DEBUG    root            Loaded Command Group: ['gcloud', 'firestore', 'databases', 'create']
2025-09-16 23:32:32,199 DEBUG    root            Running [gcloud.firestore.databases.create] with arguments: [--location: "us-east1", --project: "lionsxagent-472222", --type: "firestore-native"]
2025-09-16 23:32:32,229 DEBUG    urllib3.connectionpool Starting new HTTPS connection (1): firestore.googleapis.com:443
2025-09-16 23:32:37,876 DEBUG    urllib3.connectionpool https://firestore.googleapis.com:443 "POST /v1/projects/lionsxagent-472222/databases?alt=json&databaseId=%28default%29 HTTP/11" 200 None
2025-09-16 23:32:37,878 DEBUG    root            Chosen display Format:default
2025-09-16 23:32:37,878 INFO     root            Display format: "default"
2025-09-16 23:32:37,896 INFO     ___FILE_ONLY___ metadata
2025-09-16 23:32:37,896 INFO     ___FILE_ONLY___ :
2025-09-16 23:32:37,896 INFO     ___FILE_ONLY___ 

2025-09-16 23:32:37,896 INFO     ___FILE_ONLY___   
2025-09-16 23:32:37,896 INFO     ___FILE_ONLY___ '
2025-09-16 23:32:37,896 INFO     ___FILE_ONLY___ @type
2025-09-16 23:32:37,897 INFO     ___FILE_ONLY___ '
2025-09-16 23:32:37,897 INFO     ___FILE_ONLY___ :
2025-09-16 23:32:37,897 INFO     ___FILE_ONLY___  
2025-09-16 23:32:37,897 INFO     ___FILE_ONLY___ type.googleapis.com/google.firestore.admin.v1.CreateDatabaseMetadata
2025-09-16 23:32:37,897 INFO     ___FILE_ONLY___ 

2025-09-16 23:32:37,897 INFO     ___FILE_ONLY___ name
2025-09-16 23:32:37,897 INFO     ___FILE_ONLY___ :
2025-09-16 23:32:37,897 INFO     ___FILE_ONLY___  
2025-09-16 23:32:37,897 INFO     ___FILE_ONLY___ projects/lionsxagent-472222/databases/(default)/operations/Tyh01CHrUbwiSOF55J_iehAqMXRzYWUtc3UIIgUQA635wYgQBsankuUIDAosGg
2025-09-16 23:32:37,897 INFO     ___FILE_ONLY___ 

2025-09-16 23:32:37,897 INFO     ___FILE_ONLY___ response
2025-09-16 23:32:37,897 INFO     ___FILE_ONLY___ :
2025-09-16 23:32:37,897 INFO     ___FILE_ONLY___ 

2025-09-16 23:32:37,897 INFO     ___FILE_ONLY___   
2025-09-16 23:32:37,898 INFO     ___FILE_ONLY___ '
2025-09-16 23:32:37,898 INFO     ___FILE_ONLY___ @type
2025-09-16 23:32:37,898 INFO     ___FILE_ONLY___ '
2025-09-16 23:32:37,898 INFO     ___FILE_ONLY___ :
2025-09-16 23:32:37,898 INFO     ___FILE_ONLY___  
2025-09-16 23:32:37,898 INFO     ___FILE_ONLY___ type.googleapis.com/google.firestore.admin.v1.Database
2025-09-16 23:32:37,898 INFO     ___FILE_ONLY___ 

2025-09-16 23:32:37,898 INFO     ___FILE_ONLY___   
2025-09-16 23:32:37,898 INFO     ___FILE_ONLY___ appEngineIntegrationMode
2025-09-16 23:32:37,898 INFO     ___FILE_ONLY___ :
2025-09-16 23:32:37,898 INFO     ___FILE_ONLY___  
2025-09-16 23:32:37,898 INFO     ___FILE_ONLY___ DISABLED
2025-09-16 23:32:37,898 INFO     ___FILE_ONLY___ 

2025-09-16 23:32:37,898 INFO     ___FILE_ONLY___   
2025-09-16 23:32:37,898 INFO     ___FILE_ONLY___ concurrencyMode
2025-09-16 23:32:37,898 INFO     ___FILE_ONLY___ :
2025-09-16 23:32:37,898 INFO     ___FILE_ONLY___  
2025-09-16 23:32:37,898 INFO     ___FILE_ONLY___ PESSIMISTIC
2025-09-16 23:32:37,898 INFO     ___FILE_ONLY___ 

2025-09-16 23:32:37,898 INFO     ___FILE_ONLY___   
2025-09-16 23:32:37,898 INFO     ___FILE_ONLY___ createTime
2025-09-16 23:32:37,899 INFO     ___FILE_ONLY___ :
2025-09-16 23:32:37,899 INFO     ___FILE_ONLY___  '
2025-09-16 23:32:37,899 INFO     ___FILE_ONLY___ 2025-09-16T20:32:37.901669Z
2025-09-16 23:32:37,899 INFO     ___FILE_ONLY___ '
2025-09-16 23:32:37,900 INFO     ___FILE_ONLY___ 

2025-09-16 23:32:37,900 INFO     ___FILE_ONLY___   
2025-09-16 23:32:37,900 INFO     ___FILE_ONLY___ databaseEdition
2025-09-16 23:32:37,900 INFO     ___FILE_ONLY___ :
2025-09-16 23:32:37,900 INFO     ___FILE_ONLY___  
2025-09-16 23:32:37,900 INFO     ___FILE_ONLY___ STANDARD
2025-09-16 23:32:37,900 INFO     ___FILE_ONLY___ 

2025-09-16 23:32:37,900 INFO     ___FILE_ONLY___   
2025-09-16 23:32:37,900 INFO     ___FILE_ONLY___ deleteProtectionState
2025-09-16 23:32:37,900 INFO     ___FILE_ONLY___ :
2025-09-16 23:32:37,900 INFO     ___FILE_ONLY___  
2025-09-16 23:32:37,900 INFO     ___FILE_ONLY___ DELETE_PROTECTION_DISABLED
2025-09-16 23:32:37,900 INFO     ___FILE_ONLY___ 

2025-09-16 23:32:37,900 INFO     ___FILE_ONLY___   
2025-09-16 23:32:37,900 INFO     ___FILE_ONLY___ earliestVersionTime
2025-09-16 23:32:37,900 INFO     ___FILE_ONLY___ :
2025-09-16 23:32:37,900 INFO     ___FILE_ONLY___  '
2025-09-16 23:32:37,900 INFO     ___FILE_ONLY___ 2025-09-16T20:32:37.901669Z
2025-09-16 23:32:37,900 INFO     ___FILE_ONLY___ '
2025-09-16 23:32:37,900 INFO     ___FILE_ONLY___ 

2025-09-16 23:32:37,900 INFO     ___FILE_ONLY___   
2025-09-16 23:32:37,900 INFO     ___FILE_ONLY___ etag
2025-09-16 23:32:37,901 INFO     ___FILE_ONLY___ :
2025-09-16 23:32:37,901 INFO     ___FILE_ONLY___  
2025-09-16 23:32:37,901 INFO     ___FILE_ONLY___ IKO83aqQ3o8DMOXK3KqQ3o8D
2025-09-16 23:32:37,901 INFO     ___FILE_ONLY___ 

2025-09-16 23:32:37,901 INFO     ___FILE_ONLY___   
2025-09-16 23:32:37,901 INFO     ___FILE_ONLY___ freeTier
2025-09-16 23:32:37,901 INFO     ___FILE_ONLY___ :
2025-09-16 23:32:37,901 INFO     ___FILE_ONLY___  
2025-09-16 23:32:37,901 INFO     ___FILE_ONLY___ true
2025-09-16 23:32:37,901 INFO     ___FILE_ONLY___ 

2025-09-16 23:32:37,901 INFO     ___FILE_ONLY___   
2025-09-16 23:32:37,901 INFO     ___FILE_ONLY___ keyPrefix
2025-09-16 23:32:37,901 INFO     ___FILE_ONLY___ :
2025-09-16 23:32:37,901 INFO     ___FILE_ONLY___  
2025-09-16 23:32:37,901 INFO     ___FILE_ONLY___ p
2025-09-16 23:32:37,901 INFO     ___FILE_ONLY___ 

2025-09-16 23:32:37,901 INFO     ___FILE_ONLY___   
2025-09-16 23:32:37,901 INFO     ___FILE_ONLY___ locationId
2025-09-16 23:32:37,901 INFO     ___FILE_ONLY___ :
2025-09-16 23:32:37,901 INFO     ___FILE_ONLY___  
2025-09-16 23:32:37,901 INFO     ___FILE_ONLY___ us-east1
2025-09-16 23:32:37,901 INFO     ___FILE_ONLY___ 

2025-09-16 23:32:37,901 INFO     ___FILE_ONLY___   
2025-09-16 23:32:37,901 INFO     ___FILE_ONLY___ name
2025-09-16 23:32:37,902 INFO     ___FILE_ONLY___ :
2025-09-16 23:32:37,902 INFO     ___FILE_ONLY___  
2025-09-16 23:32:37,902 INFO     ___FILE_ONLY___ projects/lionsxagent-472222/databases/(default)
2025-09-16 23:32:37,902 INFO     ___FILE_ONLY___ 

2025-09-16 23:32:37,902 INFO     ___FILE_ONLY___   
2025-09-16 23:32:37,902 INFO     ___FILE_ONLY___ pointInTimeRecoveryEnablement
2025-09-16 23:32:37,902 INFO     ___FILE_ONLY___ :
2025-09-16 23:32:37,902 INFO     ___FILE_ONLY___  
2025-09-16 23:32:37,902 INFO     ___FILE_ONLY___ POINT_IN_TIME_RECOVERY_DISABLED
2025-09-16 23:32:37,902 INFO     ___FILE_ONLY___ 

2025-09-16 23:32:37,902 INFO     ___FILE_ONLY___   
2025-09-16 23:32:37,902 INFO     ___FILE_ONLY___ type
2025-09-16 23:32:37,902 INFO     ___FILE_ONLY___ :
2025-09-16 23:32:37,902 INFO     ___FILE_ONLY___  
2025-09-16 23:32:37,902 INFO     ___FILE_ONLY___ FIRESTORE_NATIVE
2025-09-16 23:32:37,902 INFO     ___FILE_ONLY___ 

2025-09-16 23:32:37,902 INFO     ___FILE_ONLY___   
2025-09-16 23:32:37,902 INFO     ___FILE_ONLY___ uid
2025-09-16 23:32:37,902 INFO     ___FILE_ONLY___ :
2025-09-16 23:32:37,902 INFO     ___FILE_ONLY___  
2025-09-16 23:32:37,903 INFO     ___FILE_ONLY___ 7ae29fe4-79e1-4822-bc51-eb21d474284f
2025-09-16 23:32:37,903 INFO     ___FILE_ONLY___ 

2025-09-16 23:32:37,903 INFO     ___FILE_ONLY___   
2025-09-16 23:32:37,903 INFO     ___FILE_ONLY___ updateTime
2025-09-16 23:32:37,903 INFO     ___FILE_ONLY___ :
2025-09-16 23:32:37,903 INFO     ___FILE_ONLY___  '
2025-09-16 23:32:37,903 INFO     ___FILE_ONLY___ 2025-09-16T20:32:37.901669Z
2025-09-16 23:32:37,903 INFO     ___FILE_ONLY___ '
2025-09-16 23:32:37,903 INFO     ___FILE_ONLY___ 

2025-09-16 23:32:37,903 INFO     ___FILE_ONLY___   
2025-09-16 23:32:37,903 INFO     ___FILE_ONLY___ versionRetentionPeriod
2025-09-16 23:32:37,903 INFO     ___FILE_ONLY___ :
2025-09-16 23:32:37,903 INFO     ___FILE_ONLY___  
2025-09-16 23:32:37,903 INFO     ___FILE_ONLY___ 3600s
2025-09-16 23:32:37,903 INFO     ___FILE_ONLY___ 

