2025-09-16 23:41:38,002 DEBUG    root            Loaded Command Group: ['gcloud', 'ai']
2025-09-16 23:41:38,007 DEBUG    root            Loaded Command Group: ['gcloud', 'ai', 'custom_jobs']
2025-09-16 23:41:38,008 DEBUG    root            Loaded Command Group: ['gcloud', 'ai', 'operations']
2025-09-16 23:41:38,009 DEBUG    root            Loaded Command Group: ['gcloud', 'ai', 'endpoints']
2025-09-16 23:41:38,009 DEBUG    root            Loaded Command Group: ['gcloud', 'ai', 'index_endpoints']
2025-09-16 23:41:38,010 DEBUG    root            Loaded Command Group: ['gcloud', 'ai', 'indexes']
2025-09-16 23:41:38,011 DEBUG    root            Loaded Command Group: ['gcloud', 'ai', 'model_garden']
2025-09-16 23:41:38,011 DEBUG    root            Loaded Command Group: ['gcloud', 'ai', 'persistent_resources']
2025-09-16 23:41:38,011 DEBUG    root            No implementation for release track [GA] for element: [/opt/homebrew/Caskroom/gcloud-cli/538.0.0/google-cloud-sdk/lib/surface/ai/deployment_resource_pools]
2025-09-16 23:41:38,012 DEBUG    root            Loaded Command Group: ['gcloud', 'ai', 'model_monitoring_jobs']
2025-09-16 23:41:38,012 DEBUG    root            No implementation for release track [GA] for element: [/opt/homebrew/Caskroom/gcloud-cli/538.0.0/google-cloud-sdk/lib/surface/ai/ray]
2025-09-16 23:41:38,012 DEBUG    root            No implementation for release track [GA] for element: [/opt/homebrew/Caskroom/gcloud-cli/538.0.0/google-cloud-sdk/lib/surface/ai/tensorboard_runs]
2025-09-16 23:41:38,013 DEBUG    root            No implementation for release track [GA] for element: [/opt/homebrew/Caskroom/gcloud-cli/538.0.0/google-cloud-sdk/lib/surface/ai/tensorboard_experiments]
2025-09-16 23:41:38,013 DEBUG    root            Loaded Command Group: ['gcloud', 'ai', 'tensorboards']
2025-09-16 23:41:38,014 DEBUG    root            Loaded Command Group: ['gcloud', 'ai', 'hp_tuning_jobs']
2025-09-16 23:41:38,014 DEBUG    root            No implementation for release track [GA] for element: [/opt/homebrew/Caskroom/gcloud-cli/538.0.0/google-cloud-sdk/lib/surface/ai/tensorboard_time_series]
2025-09-16 23:41:38,015 DEBUG    root            Loaded Command Group: ['gcloud', 'ai', 'models']
2025-09-16 23:41:38,015 DEBUG    root            Loaded Command Group: ['gcloud', 'alpha', 'ai']
2025-09-16 23:41:38,015 DEBUG    root            Loaded Command Group: ['gcloud', 'beta', 'ai']
2025-09-16 23:41:38,016 ERROR    root            (gcloud.ai) Invalid choice: 'pipeline-jobs'.
