2025-09-11 00:28:58,081 DEBUG    root            Loaded Command Group: ['gcloud', 'compute', 'instances']
2025-09-11 00:28:58,082 DEBUG    root            Loaded Command Group: ['gcloud', 'compute', 'instances', 'list']
2025-09-11 00:28:58,083 DEBUG    root            Running [gcloud.compute.instances.list] with arguments: [--project: "lionspace"]
2025-09-11 00:28:58,143 DEBUG    root            Chosen display Format:    table(
      name,
      zone.basename(),
      machineType.machine_type().basename(),
      scheduling.preemptible.yesno(yes=true, no=''),
      networkInterfaces.internal_ip():label=INTERNAL_IP,
      external_ip():label=EXTERNAL_IP,
      status
    )
2025-09-11 00:28:58,143 INFO     root            Display format: "    table(
      name,
      zone.basename(),
      machineType.machine_type().basename(),
      scheduling.preemptible.yesno(yes=true, no=''),
      networkInterfaces.internal_ip():label=INTERNAL_IP,
      external_ip():label=EXTERNAL_IP,
      status
    )"
2025-09-11 00:28:58,147 DEBUG    urllib3.connectionpool Starting new HTTPS connection (1): compute.googleapis.com:443
2025-09-11 00:28:59,047 DEBUG    urllib3.connectionpool https://compute.googleapis.com:443 "GET /compute/v1/projects/lionspace/aggregated/instances?alt=json&includeAllScopes=True&maxResults=500&returnPartialSuccess=True HTTP/11" 200 None
2025-09-11 00:28:59,049 INFO     root            cache collection=compute.instances api_version=v1 params=['project', 'zone', 'instance']
2025-09-11 00:28:59,063 INFO     ___FILE_ONLY___ Listed 0 items.

