2025-09-11 00:24:36,598 DEBUG    root            Loaded Command Group: ['gcloud', 'auth']
2025-09-11 00:24:36,599 DEBUG    root            Loaded Command Group: ['gcloud', 'auth', 'list']
2025-09-11 00:24:36,599 DEBUG    root            Running [gcloud.auth.list] with arguments: []
2025-09-11 00:24:36,600 DEBUG    root            Chosen display Format:    table[title='Credentialed Accounts'](
        status.yesno(yes='*', no=''):label=ACTIVE,
        account
    )
2025-09-11 00:24:36,601 INFO     root            Display format: "    table[title='Credentialed Accounts'](
        status.yesno(yes='*', no=''):label=ACTIVE,
        account
    )"
2025-09-11 00:24:36,606 INFO     ___FILE_ONLY___         Credentialed Accounts
2025-09-11 00:24:36,606 INFO     ___FILE_ONLY___ 

2025-09-11 00:24:36,606 INFO     ___FILE_ONLY___ ACTIVE
2025-09-11 00:24:36,606 INFO     ___FILE_ONLY___   
2025-09-11 00:24:36,606 INFO     ___FILE_ONLY___ ACCOUNT
2025-09-11 00:24:36,606 INFO     ___FILE_ONLY___ 

2025-09-11 00:24:36,606 INFO     ___FILE_ONLY___ *
2025-09-11 00:24:36,606 INFO     ___FILE_ONLY___        
2025-09-11 00:24:36,606 INFO     ___FILE_ONLY___ admin@lionsofzion-official.org
2025-09-11 00:24:36,606 INFO     ___FILE_ONLY___ 

2025-09-11 00:24:36,606 INFO     ___FILE_ONLY___         
2025-09-11 00:24:36,606 INFO     ___FILE_ONLY___ hanudani@gmail.com
2025-09-11 00:24:36,606 INFO     ___FILE_ONLY___ 

2025-09-11 00:24:36,606 INFO     ___FILE_ONLY___ 
To set the active account, run:
    $ gcloud config set account `ACCOUNT`


