2025-09-17 13:56:02,982 DEBUG    root            Loaded Command Group: ['gcloud', 'beta', 'billing']
2025-09-17 13:56:02,982 DEBUG    root            Loaded Command Group: ['gcloud', 'beta', 'billing', 'accounts']
2025-09-17 13:56:02,983 DEBUG    root            Loaded Command Group: ['gcloud', 'beta', 'billing', 'accounts', 'describe']
2025-09-17 13:56:02,984 DEBUG    root            Running [gcloud.beta.billing.accounts.describe] with arguments: [ACCOUNT_ID: "015F38-D19F46-0B1ABA"]
2025-09-17 13:56:02,996 DEBUG    urllib3.connectionpool Starting new HTTPS connection (1): cloudbilling.googleapis.com:443
2025-09-17 13:56:03,736 DEBUG    urllib3.connectionpool https://cloudbilling.googleapis.com:443 "GET /v1/billingAccounts/015F38-D19F46-0B1ABA?alt=json HTTP/11" 200 None
2025-09-17 13:56:03,741 DEBUG    root            Chosen display Format:default
2025-09-17 13:56:03,743 INFO     root            Display format: "default"
2025-09-17 13:56:03,775 INFO     ___FILE_ONLY___ currencyCode
2025-09-17 13:56:03,775 INFO     ___FILE_ONLY___ :
2025-09-17 13:56:03,775 INFO     ___FILE_ONLY___  
2025-09-17 13:56:03,775 INFO     ___FILE_ONLY___ ILS
2025-09-17 13:56:03,775 INFO     ___FILE_ONLY___ 

2025-09-17 13:56:03,775 INFO     ___FILE_ONLY___ displayName
2025-09-17 13:56:03,775 INFO     ___FILE_ONLY___ :
2025-09-17 13:56:03,775 INFO     ___FILE_ONLY___  
2025-09-17 13:56:03,776 INFO     ___FILE_ONLY___ My
2025-09-17 13:56:03,776 INFO     ___FILE_ONLY___  
2025-09-17 13:56:03,776 INFO     ___FILE_ONLY___ Billing
2025-09-17 13:56:03,776 INFO     ___FILE_ONLY___  
2025-09-17 13:56:03,776 INFO     ___FILE_ONLY___ Account
2025-09-17 13:56:03,776 INFO     ___FILE_ONLY___ 

2025-09-17 13:56:03,776 INFO     ___FILE_ONLY___ masterBillingAccount
2025-09-17 13:56:03,776 INFO     ___FILE_ONLY___ :
2025-09-17 13:56:03,776 INFO     ___FILE_ONLY___  '
2025-09-17 13:56:03,776 INFO     ___FILE_ONLY___ '
2025-09-17 13:56:03,776 INFO     ___FILE_ONLY___ 

2025-09-17 13:56:03,776 INFO     ___FILE_ONLY___ name
2025-09-17 13:56:03,776 INFO     ___FILE_ONLY___ :
2025-09-17 13:56:03,776 INFO     ___FILE_ONLY___  
2025-09-17 13:56:03,776 INFO     ___FILE_ONLY___ billingAccounts/015F38-D19F46-0B1ABA
2025-09-17 13:56:03,776 INFO     ___FILE_ONLY___ 

2025-09-17 13:56:03,776 INFO     ___FILE_ONLY___ open
2025-09-17 13:56:03,776 INFO     ___FILE_ONLY___ :
2025-09-17 13:56:03,776 INFO     ___FILE_ONLY___  
2025-09-17 13:56:03,776 INFO     ___FILE_ONLY___ true
2025-09-17 13:56:03,776 INFO     ___FILE_ONLY___ 

2025-09-17 13:56:03,776 INFO     ___FILE_ONLY___ parent
2025-09-17 13:56:03,776 INFO     ___FILE_ONLY___ :
2025-09-17 13:56:03,776 INFO     ___FILE_ONLY___  
2025-09-17 13:56:03,776 INFO     ___FILE_ONLY___ organizations/985698468107
2025-09-17 13:56:03,776 INFO     ___FILE_ONLY___ 

2025-09-17 13:56:03,784 DEBUG    root            Metrics reporting process started...
